May-10 16:54:06.707 [main] DEBUG nextflow.cli.Launcher - $> nextflow run PairedMSA_preprocessing_workflow.nf
May-10 16:54:06.804 [main] INFO  nextflow.cli.CmdRun - N E X T F L O W  ~  version 23.04.1
May-10 16:54:06.822 [main] DEBUG nextflow.plugin.PluginsFacade - Setting up plugin manager > mode=prod; embedded=false; plugins-dir=/mnt/mnemo5/tao/.nextflow/plugins; core-plugins: nf-amazon@1.16.2,nf-azure@1.0.1,nf-codecommit@0.1.4,nf-console@1.0.5,nf-ga4gh@1.0.5,nf-google@1.7.3,nf-tower@1.5.12,nf-wave@0.8.2
May-10 16:54:06.833 [main] INFO  org.pf4j.DefaultPluginStatusProvider - Enabled plugins: []
May-10 16:54:06.834 [main] INFO  org.pf4j.DefaultPluginStatusProvider - Disabled plugins: []
May-10 16:54:06.836 [main] INFO  org.pf4j.DefaultPluginManager - PF4J version 3.4.1 in 'deployment' mode
May-10 16:54:06.845 [main] INFO  org.pf4j.AbstractPluginManager - No plugins
May-10 16:54:06.908 [main] DEBUG nextflow.cli.CmdRun - Applied DSL=2 from script declararion
May-10 16:54:06.924 [main] INFO  nextflow.cli.CmdRun - Launching `PairedMSA_preprocessing_workflow.nf` [nice_kilby] DSL2 - revision: 68e206cd83
May-10 16:54:06.925 [main] DEBUG nextflow.plugin.PluginsFacade - Plugins default=[]
May-10 16:54:06.925 [main] DEBUG nextflow.plugin.PluginsFacade - Plugins resolved requirement=[]
May-10 16:54:06.933 [main] DEBUG nextflow.secret.LocalSecretsProvider - Secrets store: /mnt/mnemo5/tao/.nextflow/secrets/store.json
May-10 16:54:06.940 [main] DEBUG nextflow.secret.SecretsLoader - Discovered secrets providers: [nextflow.secret.LocalSecretsProvider@187eb9a8] - activable => nextflow.secret.LocalSecretsProvider@187eb9a8
May-10 16:54:06.993 [main] DEBUG nextflow.Session - Session UUID: 0c8924f0-0c2a-4271-8a5e-830aec12abde
May-10 16:54:06.993 [main] DEBUG nextflow.Session - Run name: nice_kilby
May-10 16:54:06.995 [main] DEBUG nextflow.Session - Executor pool size: 256
May-10 16:54:07.003 [main] DEBUG nextflow.util.ThreadPoolBuilder - Creating thread pool 'FileTransfer' minSize=10; maxSize=768; workQueue=LinkedBlockingQueue[10000]; allowCoreThreadTimeout=false
May-10 16:54:07.032 [main] DEBUG nextflow.cli.CmdRun - 
  Version: 23.04.1 build 5866
  Created: 15-04-2023 06:51 UTC (08:51 CEST)
  System: Linux 5.4.0-135-generic
  Runtime: Groovy 3.0.16 on OpenJDK 64-Bit Server VM 17.0.3-internal+0-adhoc..src
  Encoding: UTF-8 (UTF-8)
  Process: 478918@deimos [127.0.1.1]
  CPUs: 256 - Mem: 1007.5 GB (188.4 GB) - Swap: 8 GB (2.5 MB)
May-10 16:54:07.059 [main] DEBUG nextflow.Session - Work-dir: /mnt/mnemo5/tao/PPI_Prediction_byCoevolution/scripts/work [nfs]
May-10 16:54:07.060 [main] DEBUG nextflow.Session - Script base path does not exist or is not a directory: /mnt/mnemo5/tao/PPI_Prediction_byCoevolution/scripts/bin
May-10 16:54:07.070 [main] DEBUG nextflow.executor.ExecutorFactory - Extension executors providers=[]
May-10 16:54:07.078 [main] DEBUG nextflow.Session - Observer factory: DefaultObserverFactory
May-10 16:54:07.095 [main] DEBUG nextflow.cache.CacheFactory - Using Nextflow cache factory: nextflow.cache.DefaultCacheFactory
May-10 16:54:07.103 [main] DEBUG nextflow.util.CustomThreadPool - Creating default thread pool > poolSize: 257; maxThreads: 1000
May-10 16:54:07.162 [main] DEBUG nextflow.Session - Session start
May-10 16:54:07.760 [main] DEBUG nextflow.script.ScriptRunner - > Launching execution
May-10 16:54:07.821 [main] DEBUG nextflow.executor.ExecutorFactory - << taskConfig executor: null
May-10 16:54:07.822 [main] DEBUG nextflow.executor.ExecutorFactory - >> processorType: 'local'
May-10 16:54:07.827 [main] DEBUG nextflow.executor.Executor - [warm up] executor > local
May-10 16:54:07.832 [main] DEBUG n.processor.LocalPollingMonitor - Creating local task monitor for executor 'local' > cpus=256; memory=1007.5 GB; capacity=256; pollInterval=100ms; dumpInterval=5m
May-10 16:54:07.959 [main] DEBUG nextflow.executor.ExecutorFactory - << taskConfig executor: null
May-10 16:54:07.959 [main] DEBUG nextflow.executor.ExecutorFactory - >> processorType: 'local'
May-10 16:54:07.968 [main] DEBUG nextflow.Session - Workflow process names [dsl2]: PrepareFastaDataBySpecies, Test
May-10 16:54:07.969 [main] DEBUG nextflow.Session - Igniting dataflow network (3)
May-10 16:54:07.969 [main] DEBUG nextflow.processor.TaskProcessor - Starting process > Test
May-10 16:54:07.974 [main] DEBUG nextflow.processor.TaskProcessor - Starting process > PrepareFastaDataBySpecies
May-10 16:54:07.975 [main] DEBUG nextflow.script.ScriptRunner - > Awaiting termination 
May-10 16:54:07.975 [main] DEBUG nextflow.Session - Session await
May-10 16:54:07.978 [PathVisitor-1] DEBUG nextflow.file.PathVisitor - files for syntax: glob; folder: /mnt/mnemo6/tao/nextflow/; pattern: *; options: [type:dir]
May-10 16:54:08.102 [Task submitter] DEBUG n.executor.local.LocalTaskHandler - Launch cmd line: /bin/bash -ue .command.run
May-10 16:54:08.104 [Task submitter] INFO  nextflow.Session - [b2/6b6f56] Submitted process > Test
May-10 16:54:08.114 [Task submitter] DEBUG n.executor.local.LocalTaskHandler - Launch cmd line: /bin/bash -ue .command.run
May-10 16:54:08.114 [Task submitter] INFO  nextflow.Session - [a3/68452e] Submitted process > PrepareFastaDataBySpecies (1)
May-10 16:54:08.138 [Task monitor] DEBUG n.processor.TaskPollingMonitor - Task completed > TaskHandler[id: 1; name: Test; status: COMPLETED; exit: 0; error: -; workDir: /mnt/mnemo5/tao/PPI_Prediction_byCoevolution/scripts/work/b2/6b6f563cec54aedc1f8a1df7be2868]
May-10 16:54:08.150 [Task monitor] DEBUG n.processor.TaskPollingMonitor - Task completed > TaskHandler[id: 2; name: PrepareFastaDataBySpecies (1); status: COMPLETED; exit: 0; error: -; workDir: /mnt/mnemo5/tao/PPI_Prediction_byCoevolution/scripts/work/a3/68452eb3f9da0ceca12b109bf894f6]
May-10 16:54:08.152 [main] DEBUG nextflow.Session - Session await > all processes finished
May-10 16:54:08.153 [main] DEBUG nextflow.Session - Session await > all barriers passed
May-10 16:54:08.158 [main] DEBUG nextflow.trace.WorkflowStatsObserver - Workflow completed > WorkflowStats[succeededCount=2; failedCount=0; ignoredCount=0; cachedCount=0; pendingCount=0; submittedCount=0; runningCount=0; retriesCount=0; abortedCount=0; succeedDuration=4ms; failedDuration=0ms; cachedDuration=0ms;loadCpus=0; loadMemory=0; peakRunning=1; peakCpus=1; peakMemory=0; ]
May-10 16:54:08.219 [main] DEBUG nextflow.cache.CacheDB - Closing CacheDB done
May-10 16:54:08.238 [main] DEBUG nextflow.util.ThreadPoolManager - Thread pool 'FileTransfer' shutdown completed (hard=false)
May-10 16:54:08.238 [main] DEBUG nextflow.script.ScriptRunner - > Execution complete -- Goodbye
