#
# There is insufficient memory for the Java Runtime Environment to continue.
# Native memory allocation (malloc) failed to allocate 16 bytes for AllocateHeap
# Possible reasons:
#   The system is out of physical RAM or swap space
#   The process is running with CompressedOops enabled, and the Java Heap may be blocking the growth of the native heap
# Possible solutions:
#   Reduce memory load on the system
#   Increase physical memory or swap space
#   Check if swap backing store is full
#   Decrease Java heap size (-Xmx/-Xms)
#   Decrease number of Java threads
#   Decrease Java thread stack sizes (-Xss)
#   Set larger code cache with -XX:ReservedCodeCacheSize=
#   JVM is running with Unscaled Compressed Oops mode in which the Java heap is
#     placed in the first 4GB address space. The Java Heap base address is the
#     maximum limit for the native heap growth. Please use -XX:HeapBaseMinAddress
#     to set the Java Heap base and to place the Java Heap above 4GB virtual address.
# This output file may be truncated or incomplete.
#
#  Out of Memory Error (allocation.cpp:46), pid=1754816, tid=1754888
#
# JRE version: OpenJDK Runtime Environment (11.0.1+13) (build 11.0.1+13-LTS)
# Java VM: OpenJDK 64-Bit Server VM (11.0.1+13-LTS, mixed mode, tiered, compressed oops, serial gc, linux-amd64)
# Core dump will be written. Default location: Core dumps may be processed with "/usr/share/apport/apport -p%p -s%s -c%c -d%d -P%P -u%u -g%g -- %E" (or dumping to /home/tfang/PPI_Prediction_byCoevolution/scripts/core.1754816)
#

---------------  S U M M A R Y ------------

Command Line: --add-opens=java.base/java.lang=ALL-UNNAMED --add-opens=java.base/java.io=ALL-UNNAMED --add-opens=java.base/java.nio=ALL-UNNAMED --add-opens=java.base/java.net=ALL-UNNAMED --add-opens=java.base/java.util=ALL-UNNAMED --add-opens=java.base/java.util.concurrent.locks=ALL-UNNAMED --add-opens=java.base/java.util.concurrent.atomic=ALL-UNNAMED --add-opens=java.base/java.nio.file.spi=ALL-UNNAMED --add-opens=java.base/sun.nio.ch=ALL-UNNAMED --add-opens=java.base/sun.nio.fs=ALL-UNNAMED --add-opens=java.base/sun.net.www.protocol.http=ALL-UNNAMED --add-opens=java.base/sun.net.www.protocol.https=ALL-UNNAMED --add-opens=java.base/sun.net.www.protocol.ftp=ALL-UNNAMED --add-opens=java.base/sun.net.www.protocol.file=ALL-UNNAMED --add-opens=java.base/jdk.internal.misc=ALL-UNNAMED --add-opens=java.base/java.util.regex=ALL-UNNAMED -Djava.io.tmpdir=/sctmp/tfang -Djava.library.path=/cluster/22-05-9-1/munge-0.5.15/lib:/cluster/22-05-9-1/slurm-22-05-9-1/lib:/cluster/22-05-9-1/pmix-4.2.3/lib:/cluster/22-05-9-1/libevent-2.1.12/lib:/usr/java/packages/lib:/usr/lib64:/lib64:/lib:/usr/lib -Dfile.encoding=UTF-8 -Dcapsule.app=nextflow_23.04.1 -Djava.awt.headless=true -Dcapsule.jar=/data/tfang/conda-envs/nf-training/share/nextflow/dist/23.04.1/nextflow-23.04.1-one.jar -Dcom.sun.security.enableAIAcaIssuers=true nextflow.cli.Launcher run RawFastaFilesAndMetaData_workflow.nf -entry RawFastaFilesAndMetaData_workflow -c nextflow.config -profile slurm -resume

Host: x86_64, 16 cores, 61G, x86_64
Time: Wed Sep 20 17:32:04 2023 CEST elapsed time: 8 seconds (0d 0h 0m 8s)

---------------  T H R E A D  ---------------

Current thread (0x00007f6f5cfc1000):  JavaThread "Actor Thread 3" daemon [_thread_in_vm, id=1754888, stack(0x00007f6f2589e000,0x00007f6f2599f000)]

Stack: [0x00007f6f2589e000,0x00007f6f2599f000],  sp=0x00007f6f25999b90,  free space=1006k
Native frames: (J=compiled Java code, A=aot compiled Java code, j=interpreted, Vv=VM code, C=native code)
V  [libjvm.so+0xe34b81]
[error occurred during error reporting (printing native stack), id 0xe0000001, Out of Memory Error (/export/home/tester/jenkins/workspace/zulu11-build-linux64/zulu-src/src/hotspot/share/memory/allocation.cpp:46)]

Java frames: (J=compiled Java code, j=interpreted, Vv=VM code)
J 2436  java.lang.Class.getDeclaredMethods0(Z)[Ljava/lang/reflect/Method; java.base@11.0.1 (0 bytes) @ 0x00007f6f4c506278 [0x00007f6f4c506240+0x0000000000000038]
J 1102 c1 java.lang.Class.privateGetDeclaredMethods(Z)[Ljava/lang/reflect/Method; java.base@11.0.1 (64 bytes) @ 0x00007f6f450db1cc [0x00007f6f450db040+0x000000000000018c]
J 4237 c1 org.codehaus.groovy.reflection.CachedClass$3.lambda$initValue$4()[Lorg/codehaus/groovy/reflection/CachedMethod; (63 bytes) @ 0x00007f6f4565d7f4 [0x00007f6f4565d720+0x00000000000000d4]
J 2798 c1 org.codehaus.groovy.reflection.CachedClass$3$$Lambda$17.run()Ljava/lang/Object; (8 bytes) @ 0x00007f6f45446a1c [0x00007f6f454469c0+0x000000000000005c]
v  ~StubRoutines::call_stub
J 1253  java.security.AccessController.doPrivileged(Ljava/security/PrivilegedAction;)Ljava/lang/Object; java.base@11.0.1 (0 bytes) @ 0x00007f6f4c4a0b8f [0x00007f6f4c4a0b40+0x000000000000004f]
J 2454 c1 org.codehaus.groovy.reflection.CachedClass$3.initValue()[Lorg/codehaus/groovy/reflection/CachedMethod; (205 bytes) @ 0x00007f6f45395f2c [0x00007f6f45395e60+0x00000000000000cc]
J 2797 c1 org.codehaus.groovy.reflection.CachedClass$3.initValue()Ljava/lang/Object; (5 bytes) @ 0x00007f6f45446614 [0x00007f6f454465c0+0x0000000000000054]
J 1213 c1 org.codehaus.groovy.util.LazyReference.getLocked(Z)Ljava/lang/Object; (85 bytes) @ 0x00007f6f451173ac [0x00007f6f45116bc0+0x00000000000007ec]
J 780 c1 org.codehaus.groovy.util.LazyReference.get()Ljava/lang/Object; (44 bytes) @ 0x00007f6f4505ca8c [0x00007f6f4505c800+0x000000000000028c]
J 5037 c1 groovy.lang.MetaClassImpl.populateMethods(Ljava/util/List;Lorg/codehaus/groovy/reflection/CachedClass;)V (401 bytes) @ 0x00007f6f458311e4 [0x00007f6f45830ca0+0x0000000000000544]
j  groovy.lang.MetaClassImpl.fillMethodIndex()V+42
J 4957 c1 groovy.lang.MetaClassImpl.initialize()V (12 bytes) @ 0x00007f6f45801a94 [0x00007f6f45801880+0x0000000000000214]
J 3963 c1 org.codehaus.groovy.reflection.ClassInfo.getMetaClassUnderLock()Lgroovy/lang/MetaClass; (80 bytes) @ 0x00007f6f455f9e9c [0x00007f6f455f9c40+0x000000000000025c]
J 2465 c1 org.codehaus.groovy.reflection.ClassInfo.getMetaClass()Lgroovy/lang/MetaClass; (33 bytes) @ 0x00007f6f4539996c [0x00007f6f45399700+0x000000000000026c]
J 3576 c1 org.codehaus.groovy.runtime.InvokerHelper.getMetaClass(Ljava/lang/Class;)Lgroovy/lang/MetaClass; (10 bytes) @ 0x00007f6f455731dc [0x00007f6f45573160+0x000000000000007c]
j  org.codehaus.groovy.runtime.callsite.CallSiteArray.createCallConstructorSite(Lorg/codehaus/groovy/runtime/callsite/CallSite;Ljava/lang/Class;[Ljava/lang/Object;)Lorg/codehaus/groovy/runtime/callsite/CallSite;+1
j  org.codehaus.groovy.runtime.callsite.CallSiteArray.defaultCallConstructor(Lorg/codehaus/groovy/runtime/callsite/CallSite;Ljava/lang/Object;[Ljava/lang/Object;)Ljava/lang/Object;+6
j  org.codehaus.groovy.runtime.callsite.AbstractCallSite.callConstructor(Ljava/lang/Object;[Ljava/lang/Object;)Ljava/lang/Object;+3
j  org.codehaus.groovy.runtime.callsite.AbstractCallSite.callConstructor(Ljava/lang/Object;)Ljava/lang/Object;+5
j  nextflow.processor.TaskRun.<init>()V+15
v  ~StubRoutines::call_stub
J 2139  jdk.internal.reflect.NativeConstructorAccessorImpl.newInstance0(Ljava/lang/reflect/Constructor;[Ljava/lang/Object;)Ljava/lang/Object; java.base@11.0.1 (0 bytes) @ 0x00007f6f4c4f2ba3 [0x00007f6f4c4f2b40+0x0000000000000063]
J 2138 c1 jdk.internal.reflect.NativeConstructorAccessorImpl.newInstance([Ljava/lang/Object;)Ljava/lang/Object; java.base@11.0.1 (89 bytes) @ 0x00007f6f453088a4 [0x00007f6f45307d40+0x0000000000000b64]
J 2180 c1 jdk.internal.reflect.DelegatingConstructorAccessorImpl.newInstance([Ljava/lang/Object;)Ljava/lang/Object; java.base@11.0.1 (9 bytes) @ 0x00007f6f4531cedc [0x00007f6f4531cde0+0x00000000000000fc]
J 4990 c1 org.codehaus.groovy.reflection.CachedConstructor.invoke([Ljava/lang/Object;)Ljava/lang/Object; (113 bytes) @ 0x00007f6f4581a5ec [0x00007f6f4581a3e0+0x000000000000020c]
j  org.codehaus.groovy.runtime.callsite.ConstructorSite$NoParamSite.callConstructor(Ljava/lang/Object;[Ljava/lang/Object;)Ljava/lang/Object;+16
j  org.codehaus.groovy.runtime.callsite.CallSiteArray.defaultCallConstructor(Lorg/codehaus/groovy/runtime/callsite/CallSite;Ljava/lang/Object;[Ljava/lang/Object;)Ljava/lang/Object;+11
j  org.codehaus.groovy.runtime.callsite.AbstractCallSite.callConstructor(Ljava/lang/Object;[Ljava/lang/Object;)Ljava/lang/Object;+3
j  org.codehaus.groovy.runtime.callsite.AbstractCallSite.callConstructor(Ljava/lang/Object;Ljava/lang/Object;)Ljava/lang/Object;+33
j  nextflow.processor.TaskProcessor.createTaskRun(Lnextflow/processor/TaskStartParams;)Lnextflow/processor/TaskRun;+143
v  ~StubRoutines::call_stub
J 2727  jdk.internal.reflect.NativeMethodAccessorImpl.invoke0(Ljava/lang/reflect/Method;Ljava/lang/Object;[Ljava/lang/Object;)Ljava/lang/Object; java.base@11.0.1 (0 bytes) @ 0x00007f6f4c50c8b7 [0x00007f6f4c50c840+0x0000000000000077]
J 2726 c1 jdk.internal.reflect.NativeMethodAccessorImpl.invoke(Ljava/lang/Object;[Ljava/lang/Object;)Ljava/lang/Object; java.base@11.0.1 (104 bytes) @ 0x00007f6f454230ac [0x00007f6f45422d20+0x000000000000038c]
J 4315 c1 jdk.internal.reflect.DelegatingMethodAccessorImpl.invoke(Ljava/lang/Object;[Ljava/lang/Object;)Ljava/lang/Object; java.base@11.0.1 (10 bytes) @ 0x00007f6f4c5b8304 [0x00007f6f4c5b82c0+0x0000000000000044]
J 2589 c1 java.lang.reflect.Method.invoke(Ljava/lang/Object;[Ljava/lang/Object;)Ljava/lang/Object; java.base@11.0.1 (65 bytes) @ 0x00007f6f453d9094 [0x00007f6f453d8f80+0x0000000000000114]
j  org.codehaus.groovy.runtime.callsite.PlainObjectMetaMethodSite.doInvoke(Ljava/lang/Object;[Ljava/lang/Object;Ljava/lang/reflect/Method;)Ljava/lang/Object;+3
j  org.codehaus.groovy.runtime.callsite.PogoMetaMethodSite$PogoCachedMethodSiteNoUnwrapNoCoerce.invoke(Ljava/lang/Object;[Ljava/lang/Object;)Ljava/lang/Object;+6
J 5092 c1 org.codehaus.groovy.runtime.callsite.PogoMetaMethodSite.callCurrent(Lgroovy/lang/GroovyObject;[Ljava/lang/Object;)Ljava/lang/Object; (29 bytes) @ 0x00007f6f4585025c [0x00007f6f45850180+0x00000000000000dc]
j  org.codehaus.groovy.runtime.callsite.CallSiteArray.defaultCallCurrent(Lorg/codehaus/groovy/runtime/callsite/CallSite;Lgroovy/lang/GroovyObject;[Ljava/lang/Object;)Ljava/lang/Object;+17
j  org.codehaus.groovy.runtime.callsite.AbstractCallSite.callCurrent(Lgroovy/lang/GroovyObject;[Ljava/lang/Object;)Ljava/lang/Object;+3
j  org.codehaus.groovy.runtime.callsite.AbstractCallSite.callCurrent(Lgroovy/lang/GroovyObject;Ljava/lang/Object;)Ljava/lang/Object;+33
j  nextflow.processor.TaskProcessor.invokeTask([Ljava/lang/Object;)V+335
j  nextflow.processor.InvokeTaskAdapter.call([Ljava/lang/Object;)Ljava/lang/Object;+5
j  groovyx.gpars.dataflow.operator.DataflowOperatorActor.startTask(Ljava/util/List;)V+19
j  groovyx.gpars.dataflow.operator.ForkingDataflowOperatorActor.access$001(Lgroovyx/gpars/dataflow/operator/ForkingDataflowOperatorActor;Ljava/util/List;)V+2
j  groovyx.gpars.dataflow.operator.ForkingDataflowOperatorActor$1.run()V+8
j  java.util.concurrent.ThreadPoolExecutor.runWorker(Ljava/util/concurrent/ThreadPoolExecutor$Worker;)V+92 java.base@11.0.1
j  java.util.concurrent.ThreadPoolExecutor$Worker.run()V+5 java.base@11.0.1
j  java.lang.Thread.run()V+11 java.base@11.0.1
v  ~StubRoutines::call_stub

---------------  P R O C E S S  ---------------

Threads class SMR info:
_java_thread_list=0x00007f6f254ba010, length=20, elements={
0x00007f6f5c014000, 0x00007f6f5c0ca000, 0x00007f6f5c0ce800, 0x00007f6f5c0e5000,
0x00007f6f5c0e6800, 0x00007f6f5c0e8800, 0x00007f6f5c0ea800, 0x00007f6f5c1ab800,
0x00007f6f5c1ba800, 0x00007f6f5ce4f800, 0x00007f6f5ce63000, 0x00007f6f5cf0a000,
0x00007f6f5cf7f800, 0x00007f6f5cf81000, 0x00007f6f5cfb7000, 0x00007f6f5cfbf800,
0x00007f6f5cfc1000, 0x00007f6f5cfc2800, 0x00007f6f256fb800, 0x00007f6f255d7800
}

Java Threads: ( => current thread )
  0x00007f6f5c014000 JavaThread "main" [_thread_blocked, id=1754850, stack(0x00007f6f635ff000,0x00007f6f63700000)]
  0x00007f6f5c0ca000 JavaThread "Reference Handler" daemon [_thread_blocked, id=1754852, stack(0x00007f6f61183000,0x00007f6f61284000)]
  0x00007f6f5c0ce800 JavaThread "Finalizer" daemon [_thread_blocked, id=1754853, stack(0x00007f6f61082000,0x00007f6f61183000)]
  0x00007f6f5c0e5000 JavaThread "Signal Dispatcher" daemon [_thread_blocked, id=1754854, stack(0x00007f6f60590000,0x00007f6f60691000)]
  0x00007f6f5c0e6800 JavaThread "C2 CompilerThread0" daemon [_thread_in_native, id=1754855, stack(0x00007f6f6048f000,0x00007f6f60590000)]
  0x00007f6f5c0e8800 JavaThread "C1 CompilerThread0" daemon [_thread_blocked, id=1754856, stack(0x00007f6f6038e000,0x00007f6f6048f000)]
  0x00007f6f5c0ea800 JavaThread "Sweeper thread" daemon [_thread_blocked, id=1754857, stack(0x00007f6f6028d000,0x00007f6f6038e000)]
  0x00007f6f5c1ab800 JavaThread "Common-Cleaner" daemon [_thread_blocked, id=1754858, stack(0x00007f6f6018c000,0x00007f6f6028d000)]
  0x00007f6f5c1ba800 JavaThread "Service Thread" daemon [_thread_blocked, id=1754859, stack(0x00007f6f60087000,0x00007f6f60188000)]
  0x00007f6f5ce4f800 JavaThread "process reaper" daemon [_thread_blocked, id=1754875, stack(0x00007f6f6002d000,0x00007f6f6004f000)]
  0x00007f6f5ce63000 JavaThread "Thread-1" daemon [_thread_blocked, id=1754876, stack(0x00007f6f4435c000,0x00007f6f4445d000)]
  0x00007f6f5cf0a000 JavaThread "AnsiLogObserver" [_thread_in_vm, id=1754877, stack(0x00007f6f25fcb000,0x00007f6f260cc000)]
  0x00007f6f5cf7f800 JavaThread "Task monitor" [_thread_blocked, id=1754884, stack(0x00007f6f25eca000,0x00007f6f25fcb000)]
  0x00007f6f5cf81000 JavaThread "Task submitter" daemon [_thread_blocked, id=1754885, stack(0x00007f6f25dc9000,0x00007f6f25eca000)]
  0x00007f6f5cfb7000 JavaThread "Actor Thread 1" daemon [_thread_blocked, id=1754886, stack(0x00007f6f25ac8000,0x00007f6f25bc9000)]
  0x00007f6f5cfbf800 JavaThread "Actor Thread 2" daemon [_thread_blocked, id=1754887, stack(0x00007f6f259a5000,0x00007f6f25aa6000)]
=>0x00007f6f5cfc1000 JavaThread "Actor Thread 3" daemon [_thread_in_vm, id=1754888, stack(0x00007f6f2589e000,0x00007f6f2599f000)]
  0x00007f6f5cfc2800 JavaThread "Actor Thread 4" daemon [_thread_blocked, id=1754889, stack(0x00007f6f2579a000,0x00007f6f2589b000)]
  0x00007f6f256fb800 JavaThread "Actor Thread 5" daemon [_thread_blocked, id=1754890, stack(0x00007f6f255dd000,0x00007f6f256de000)]
  0x00007f6f255d7800 JavaThread "Actor Thread 6" daemon [_thread_blocked, id=1754891, stack(0x00007f6f254c2000,0x00007f6f255c3000)]

Other Threads:
  0x00007f6f5c0c2000 VMThread "VM Thread" [stack: 0x00007f6f61286000,0x00007f6f61386000] [id=1754851]
  0x00007f6f5c1bc800 WatcherThread [stack: 0x00007f6f4488b000,0x00007f6f4498b000] [id=1754860]

Threads with active compile tasks:
C2 CompilerThread05119   !   4       java.util.concurrent.ConcurrentHashMap::(null) (432 bytes)

VM state:not at safepoint (normal execution)

VM Mutex/Monitor currently owned by a thread:  ([mutex/lock_event])
[0x00007f6f5c00f890] SystemDictionary_lock - owner thread: 0x00007f6f5cf0a000

OutOfMemory and StackOverflow Exception counts:
OutOfMemoryError java_heap_errors=1
LinkageErrors=41

Heap address: 0x0000000080000000, size: 2048 MB, Compressed Oops mode: 32-bit
Narrow klass base: 0x0000000000000000, Narrow klass shift: 3
Compressed class space size: 1073741824 Address: 0x0000000100000000

Heap:
 def new generation   total 301760K, used 199436K [0x0000000080000000, 0x0000000094760000, 0x00000000aaaa0000)
  eden space 268288K,  74% used [0x0000000080000000, 0x000000008c2c3098, 0x0000000090600000)
  from space 33472K,   0% used [0x0000000090600000, 0x0000000090600000, 0x00000000926b0000)
  to   space 33472K,   0% used [0x00000000926b0000, 0x00000000926b0000, 0x0000000094760000)
 tenured generation   total 670400K, used 31958K [0x00000000aaaa0000, 0x00000000d3950000, 0x0000000100000000)
   the space 670400K,   4% used [0x00000000aaaa0000, 0x00000000ac9d5910, 0x00000000ac9d5a00, 0x00000000d3950000)
 Metaspace       used 39179K, capacity 41076K, committed 41384K, reserved 1085440K
  class space    used 4499K, capacity 5249K, committed 5376K, reserved 1048576K

Card table byte_map: [0x00007f6f61f35000,0x00007f6f62336000] _byte_map_base: 0x00007f6f61b35000

Polling page: 0x00007f6f6518e000

Metaspace:

Usage:
  Non-class:     34.99 MB capacity,    33.87 MB ( 97%) used,     1.02 MB (  3%) free+waste,   107.31 KB ( <1%) overhead. 
      Class:      5.13 MB capacity,     4.39 MB ( 86%) used,   693.46 KB ( 13%) free+waste,    55.56 KB (  1%) overhead. 
       Both:     40.11 MB capacity,    38.26 MB ( 95%) used,     1.69 MB (  4%) free+waste,   162.88 KB ( <1%) overhead. 

Virtual space:
  Non-class space:       36.00 MB reserved,      35.16 MB ( 98%) committed 
      Class space:        1.00 GB reserved,       5.25 MB ( <1%) committed 
             Both:        1.04 GB reserved,      40.41 MB (  4%) committed 

Chunk freelists:
   Non-Class:  2.12 KB
       Class:  128 bytes
        Both:  2.25 KB

CodeHeap 'non-profiled nmethods': size=120036Kb used=1778Kb max_used=1778Kb free=118257Kb
 bounds [0x00007f6f4c452000, 0x00007f6f4c6c2000, 0x00007f6f5398b000]
CodeHeap 'profiled nmethods': size=120032Kb used=9475Kb max_used=9475Kb free=110556Kb
 bounds [0x00007f6f44f1a000, 0x00007f6f4586a000, 0x00007f6f4c452000]
CodeHeap 'non-nmethods': size=5692Kb used=2169Kb max_used=2207Kb free=3522Kb
 bounds [0x00007f6f4498b000, 0x00007f6f44bfb000, 0x00007f6f44f1a000]
 total_blobs=6392 nmethods=5025 adapters=657
 compilation: enabled
              stopped_count=0, restarted_count=0
 full_count=0

Compilation events (10 events):
Event: 8.187 Thread 0x00007f6f5c0e8800 nmethod 5113 0x00007f6f44f20c10 code [0x00007f6f44f20dc0, 0x00007f6f44f21090]
Event: 8.187 Thread 0x00007f6f5c0e6800 4463       4       java.lang.String::substring (68 bytes)
Event: 8.188 Thread 0x00007f6f5c0e8800 5117       2       java.lang.AbstractStringBuilder::append (67 bytes)
Event: 8.188 Thread 0x00007f6f5c0e8800 nmethod 5117 0x00007f6f44f26f10 code [0x00007f6f44f27100, 0x00007f6f44f27388]
Event: 8.188 Thread 0x00007f6f5c0e8800 5118       2       java.lang.AbstractStringBuilder::getBytes (44 bytes)
Event: 8.188 Thread 0x00007f6f5c0e8800 nmethod 5118 0x00007f6f450de390 code [0x00007f6f450de560, 0x00007f6f450de7b8]
Event: 8.189 Thread 0x00007f6f5c0e8800 5120   !   2       org.codehaus.groovy.runtime.callsite.AbstractCallSite::callGroovyObjectGetProperty (33 bytes)
Event: 8.189 Thread 0x00007f6f5c0e8800 nmethod 5120 0x00007f6f450dde10 code [0x00007f6f450de000, 0x00007f6f450de238]
Event: 8.190 Thread 0x00007f6f5c0e6800 nmethod 4463 0x00007f6f4c60e210 code [0x00007f6f4c60e3c0, 0x00007f6f4c60e818]
Event: 8.190 Thread 0x00007f6f5c0e6800 5119   !   4       java.util.concurrent.ConcurrentHashMap::putVal (432 bytes)

GC Heap History (4 events):
Event: 2.299 GC heap before
{Heap before GC invocations=0 (full 0):
 def new generation   total 301696K, used 102177K [0x0000000080000000, 0x0000000094750000, 0x00000000aaaa0000)
  eden space 268224K,  38% used [0x0000000080000000, 0x00000000863c8558, 0x00000000905f0000)
  from space 33472K,   0% used [0x00000000905f0000, 0x00000000905f0000, 0x00000000926a0000)
  to   space 33472K,   0% used [0x00000000926a0000, 0x00000000926a0000, 0x0000000094750000)
 tenured generation   total 670400K, used 0K [0x00000000aaaa0000, 0x00000000d3950000, 0x0000000100000000)
   the space 670400K,   0% used [0x00000000aaaa0000, 0x00000000aaaa0000, 0x00000000aaaa0200, 0x00000000d3950000)
 Metaspace       used 20820K, capacity 21182K, committed 21296K, reserved 1069056K
  class space    used 1967K, capacity 2116K, committed 2176K, reserved 1048576K
}
Event: 2.356 GC heap after
{Heap after GC invocations=1 (full 1):
 def new generation   total 301760K, used 0K [0x0000000080000000, 0x0000000094760000, 0x00000000aaaa0000)
  eden space 268288K,   0% used [0x0000000080000000, 0x0000000080000000, 0x0000000090600000)
  from space 33472K,   0% used [0x0000000090600000, 0x0000000090600000, 0x00000000926b0000)
  to   space 33472K,   0% used [0x00000000926b0000, 0x00000000926b0000, 0x0000000094760000)
 tenured generation   total 670400K, used 14278K [0x00000000aaaa0000, 0x00000000d3950000, 0x0000000100000000)
   the space 670400K,   2% used [0x00000000aaaa0000, 0x00000000ab891960, 0x00000000ab891a00, 0x00000000d3950000)
 Metaspace       used 20820K, capacity 21182K, committed 21296K, reserved 1069056K
  class space    used 1967K, capacity 2116K, committed 2176K, reserved 1048576K
}
Event: 6.188 GC heap before
{Heap before GC invocations=1 (full 1):
 def new generation   total 301760K, used 268288K [0x0000000080000000, 0x0000000094760000, 0x00000000aaaa0000)
  eden space 268288K, 100% used [0x0000000080000000, 0x0000000090600000, 0x0000000090600000)
  from space 33472K,   0% used [0x0000000090600000, 0x0000000090600000, 0x00000000926b0000)
  to   space 33472K,   0% used [0x00000000926b0000, 0x00000000926b0000, 0x0000000094760000)
 tenured generation   total 670400K, used 14278K [0x00000000aaaa0000, 0x00000000d3950000, 0x0000000100000000)
   the space 670400K,   2% used [0x00000000aaaa0000, 0x00000000ab891960, 0x00000000ab891a00, 0x00000000d3950000)
 Metaspace       used 34019K, capacity 35293K, committed 35496K, reserved 1081344K
  class space    used 3768K, capacity 4237K, committed 4352K, reserved 1048576K
}
Event: 6.412 GC heap after
{Heap after GC invocations=2 (full 2):
 def new generation   total 301760K, used 0K [0x0000000080000000, 0x0000000094760000, 0x00000000aaaa0000)
  eden space 268288K,   0% used [0x0000000080000000, 0x0000000080000000, 0x0000000090600000)
  from space 33472K,   0% used [0x0000000090600000, 0x0000000090600000, 0x00000000926b0000)
  to   space 33472K,   0% used [0x00000000926b0000, 0x00000000926b0000, 0x0000000094760000)
 tenured generation   total 670400K, used 31958K [0x00000000aaaa0000, 0x00000000d3950000, 0x0000000100000000)
   the space 670400K,   4% used [0x00000000aaaa0000, 0x00000000ac9d5910, 0x00000000ac9d5a00, 0x00000000d3950000)
 Metaspace       used 34019K, capacity 35293K, committed 35496K, reserved 1081344K
  class space    used 3768K, capacity 4237K, committed 4352K, reserved 1048576K
}

Deoptimization events (10 events):
Event: 5.791 Thread 0x00007f6f5c014000 Uncommon trap: reason=unstable_if action=reinterpret pc=0x00007f6f4c4ef8b0 method=java.util.HashMap.hash(Ljava/lang/Object;)I @ 1 c2
Event: 6.412 Thread 0x00007f6f5ce63000 Uncommon trap: reason=unstable_if action=reinterpret pc=0x00007f6f4c52e414 method=java.util.concurrent.ConcurrentHashMap.get(Ljava/lang/Object;)Ljava/lang/Object; @ 152 c2
Event: 6.547 Thread 0x00007f6f5c014000 Uncommon trap: reason=intrinsic_or_type_checked_inlining action=make_not_entrant pc=0x00007f6f4c5d6470 method=java.util.Arrays.copyOf([Ljava/lang/Object;ILjava/lang/Class;)[Ljava/lang/Object; @ 35 c2
Event: 6.605 Thread 0x00007f6f5c014000 Uncommon trap: reason=unstable_if action=reinterpret pc=0x00007f6f4c564288 method=java.util.HashMap.putVal(ILjava/lang/Object;Ljava/lang/Object;ZZ)Ljava/lang/Object; @ 109 c2
Event: 6.616 Thread 0x00007f6f5c014000 Uncommon trap: reason=unstable_if action=reinterpret pc=0x00007f6f4c56c86c method=groovyjarjarantlr4.v4.runtime.atn.ParserATNSimulator.closure(Lgroovyjarjarantlr4/v4/runtime/atn/ATNConfig;Lgroovyjarjarantlr4/v4/runtime/atn/ATNConfigSet;Lgroovyjarjarantlr4
Event: 6.720 Thread 0x00007f6f5c014000 Uncommon trap: reason=unstable_if action=reinterpret pc=0x00007f6f4c57df58 method=groovyjarjarantlr4.v4.runtime.atn.ATNConfig.checkNonGreedyDecision(Lgroovyjarjarantlr4/v4/runtime/atn/ATNConfig;Lgroovyjarjarantlr4/v4/runtime/atn/ATNState;)Z @ 21 c2
Event: 6.720 Thread 0x00007f6f5c014000 Uncommon trap: reason=unstable_if action=reinterpret pc=0x00007f6f4c5dd69c method=groovyjarjarantlr4.v4.runtime.atn.ATNConfig.hashCode()I @ 67 c2
Event: 6.720 Thread 0x00007f6f5c014000 Uncommon trap: reason=unstable_if action=reinterpret pc=0x00007f6f4c5ab5ec method=groovyjarjarantlr4.v4.runtime.atn.ATNConfig.hashCode()I @ 67 c2
Event: 6.994 Thread 0x00007f6f5c014000 Uncommon trap: reason=unstable_if action=reinterpret pc=0x00007f6f4c512e58 method=groovy.lang.MetaClassImpl$1MOPIter.processFastArray(Lorg/codehaus/groovy/util/FastArray;)V @ 85 c2
Event: 7.402 Thread 0x00007f6f5c014000 Uncommon trap: reason=unstable_if action=reinterpret pc=0x00007f6f4c5a2138 method=groovyjarjarantlr4.v4.runtime.atn.PredictionContextCache$IdentityCommutativePredictionContextOperands.equals(Ljava/lang/Object;)Z @ 40 c2

Classes redefined (0 events):
No events

Internal exceptions (10 events):
Event: 8.114 Thread 0x00007f6f5cfc1000 Exception <a 'java/lang/ClassNotFoundException'{0x000000008bb3d750}: nextflow/processor/TaskConfigBeanInfo> (0x000000008bb3d750) thrown at [/export/home/tester/jenkins/workspace/zulu11-build-linux64/zulu-src/src/hotspot/share/classfile/systemDictionary.cp
Event: 8.114 Thread 0x00007f6f5cfc1000 Exception <a 'java/lang/ClassNotFoundException'{0x000000008bb447f8}: nextflow/processor/LazyMapBeanInfo> (0x000000008bb447f8) thrown at [/export/home/tester/jenkins/workspace/zulu11-build-linux64/zulu-src/src/hotspot/share/classfile/systemDictionary.cpp, 
Event: 8.114 Thread 0x00007f6f5cfc1000 Exception <a 'java/lang/ClassNotFoundException'{0x000000008bb4bb68}: nextflow/processor/LazyMapCustomizer> (0x000000008bb4bb68) thrown at [/export/home/tester/jenkins/workspace/zulu11-build-linux64/zulu-src/src/hotspot/share/classfile/systemDictionary.cpp
Event: 8.115 Thread 0x00007f6f5cfc1000 Exception <a 'java/lang/ClassNotFoundException'{0x000000008bb6cd20}: nextflow/processor/TaskConfigCustomizer> (0x000000008bb6cd20) thrown at [/export/home/tester/jenkins/workspace/zulu11-build-linux64/zulu-src/src/hotspot/share/classfile/systemDictionary.
Event: 8.187 Thread 0x00007f6f5cf0a000 Exception <a 'java/lang/ClassNotFoundException'{0x0000000080e4bd28}: nextflow/util/SimpleAgent$RetrieveValueClosureBeanInfo> (0x0000000080e4bd28) thrown at [/export/home/tester/jenkins/workspace/zulu11-build-linux64/zulu-src/src/hotspot/share/classfile/sy
Event: 8.187 Thread 0x00007f6f5cf0a000 Exception <a 'java/lang/ClassNotFoundException'{0x0000000080e54300}: nextflow/util/SimpleAgent$RetrieveValueClosureCustomizer> (0x0000000080e54300) thrown at [/export/home/tester/jenkins/workspace/zulu11-build-linux64/zulu-src/src/hotspot/share/classfile/
Event: 8.187 Thread 0x00007f6f5cfc1000 Exception <a 'java/lang/ClassNotFoundException'{0x000000008c1545e0}: nextflow/processor/TaskContextBeanInfo> (0x000000008c1545e0) thrown at [/export/home/tester/jenkins/workspace/zulu11-build-linux64/zulu-src/src/hotspot/share/classfile/systemDictionary.c
Event: 8.188 Thread 0x00007f6f5cfc1000 Exception <a 'java/lang/ClassNotFoundException'{0x000000008c15bb08}: nextflow/processor/TaskContextCustomizer> (0x000000008c15bb08) thrown at [/export/home/tester/jenkins/workspace/zulu11-build-linux64/zulu-src/src/hotspot/share/classfile/systemDictionary
Event: 8.191 Thread 0x00007f6f5ce63000 Exception <a 'java/lang/ClassNotFoundException'{0x0000000080073a10}: java/util/concurrent/CountDownLatchBeanInfo> (0x0000000080073a10) thrown at [/export/home/tester/jenkins/workspace/zulu11-build-linux64/zulu-src/src/hotspot/share/classfile/systemDiction
Event: 8.191 Thread 0x00007f6f5ce63000 Exception <a 'java/lang/ClassNotFoundException'{0x00000000800747a8}: java/util/concurrent/CountDownLatchCustomizer> (0x00000000800747a8) thrown at [/export/home/tester/jenkins/workspace/zulu11-build-linux64/zulu-src/src/hotspot/share/classfile/systemDicti

Events (10 events):
Event: 8.202 loading class java/util/function/ToDoubleBiFunction
Event: 8.202 loading class jline/internal/Configuration
Event: 8.202 loading class jline/internal/Configuration done
Event: 8.202 loading class java/util/function/ToDoubleBiFunction done
Event: 8.202 loading class java/util/function/DoubleBinaryOperator
Event: 8.202 loading class java/util/function/DoubleBinaryOperator done
Event: 8.202 loading class java/util/function/ToLongBiFunction
Event: 8.202 loading class java/util/function/ToLongBiFunction done
Event: 8.202 loading class java/util/function/ToIntBiFunction
Event: 8.202 loading class java/util/function/ToIntBiFunction done


Dynamic libraries:
00400000-00401000 r-xp 00000000 00:42 3299053670393                      /data/tfang/conda-envs/nf-training/bin/java
00601000-00602000 rw-p 00001000 00:42 3299053670393                      /data/tfang/conda-envs/nf-training/bin/java
02113000-02134000 rw-p 00000000 00:00 0                                  [heap]
80000000-94760000 rw-p 00000000 00:00 0 
94760000-aaaa0000 ---p 00000000 00:00 0 
aaaa0000-d3950000 rw-p 00000000 00:00 0 
d3950000-100000000 ---p 00000000 00:00 0 
100000000-100540000 rw-p 00000000 00:00 0 
100540000-140000000 ---p 00000000 00:00 0 
7f6f2522a000-7f6f254c2000 rw-p 00000000 00:00 0 
7f6f254c2000-7f6f254c6000 ---p 00000000 00:00 0 
7f6f254c6000-7f6f255dd000 rw-p 00000000 00:00 0 
7f6f255dd000-7f6f255e1000 ---p 00000000 00:00 0 
7f6f255e1000-7f6f2579a000 rw-p 00000000 00:00 0 
7f6f2579a000-7f6f2579e000 ---p 00000000 00:00 0 
7f6f2579e000-7f6f2589e000 rw-p 00000000 00:00 0 
7f6f2589e000-7f6f258a2000 ---p 00000000 00:00 0 
7f6f258a2000-7f6f259a5000 rw-p 00000000 00:00 0 
7f6f259a5000-7f6f259a9000 ---p 00000000 00:00 0 
7f6f259a9000-7f6f25ac8000 rw-p 00000000 00:00 0 
7f6f25ac8000-7f6f25acc000 ---p 00000000 00:00 0 
7f6f25acc000-7f6f25d09000 rw-p 00000000 00:00 0 
7f6f25d09000-7f6f25dc9000 ---p 00000000 00:00 0 
7f6f25dc9000-7f6f25dcd000 ---p 00000000 00:00 0 
7f6f25dcd000-7f6f25eca000 rw-p 00000000 00:00 0 
7f6f25eca000-7f6f25ece000 ---p 00000000 00:00 0 
7f6f25ece000-7f6f25fcb000 rw-p 00000000 00:00 0 
7f6f25fcb000-7f6f25fcf000 ---p 00000000 00:00 0 
7f6f25fcf000-7f6f260cc000 rw-p 00000000 00:00 0 
7f6f260cc000-7f6f260cd000 r-xp 00000000 00:41 1102918561990              /sctmp/tfang/libjansi-64.so
7f6f260cd000-7f6f262cc000 ---p 00001000 00:41 1102918561990              /sctmp/tfang/libjansi-64.so
7f6f262cc000-7f6f262cd000 rw-p 00000000 00:41 1102918561990              /sctmp/tfang/libjansi-64.so
7f6f262cd000-7f6f264cd000 rw-p 00000000 00:00 0 
7f6f264cd000-7f6f266b7000 rw-p 00000000 00:00 0 
7f6f266b7000-7f6f266cd000 ---p 00000000 00:00 0 
7f6f266cd000-7f6f266d2000 r-xp 00000000 00:42 3299053670314              /data/tfang/conda-envs/nf-training/lib/libmanagement_ext.so
7f6f266d2000-7f6f268d2000 ---p 00005000 00:42 3299053670314              /data/tfang/conda-envs/nf-training/lib/libmanagement_ext.so
7f6f268d2000-7f6f268d3000 rw-p 00005000 00:42 3299053670314              /data/tfang/conda-envs/nf-training/lib/libmanagement_ext.so
7f6f268d3000-7f6f268d4000 rw-p 00008000 00:42 3299053670314              /data/tfang/conda-envs/nf-training/lib/libmanagement_ext.so
7f6f268d4000-7f6f268d8000 r-xp 00000000 00:42 3299053670313              /data/tfang/conda-envs/nf-training/lib/libmanagement.so
7f6f268d8000-7f6f26ad7000 ---p 00004000 00:42 3299053670313              /data/tfang/conda-envs/nf-training/lib/libmanagement.so
7f6f26ad7000-7f6f26ad8000 rw-p 00003000 00:42 3299053670313              /data/tfang/conda-envs/nf-training/lib/libmanagement.so
7f6f26ad8000-7f6f26ada000 rw-p 00007000 00:42 3299053670313              /data/tfang/conda-envs/nf-training/lib/libmanagement.so
7f6f26ada000-7f6f26cda000 rw-p 00000000 00:00 0 
7f6f26cda000-7f6f26eda000 rw-p 00000000 00:00 0 
7f6f26eda000-7f6f270da000 rw-p 00000000 00:00 0 
7f6f270da000-7f6f272da000 rw-p 00000000 00:00 0 
7f6f272da000-7f6f274da000 rw-p 00000000 00:00 0 
7f6f274da000-7f6f276da000 rw-p 00000000 00:00 0 
7f6f276da000-7f6f278da000 rw-p 00000000 00:00 0 
7f6f278da000-7f6f27add000 rw-p 00000000 00:00 0 
7f6f27add000-7f6f27b00000 rw-p 00000000 00:00 0 
7f6f27b00000-7f6f27c00000 rw-s 00000000 00:3e 2199127023644              /home/tfang/PPI_Prediction_byCoevolution/scripts/.nextflow/cache/591f071c-02ef-4c05-9bf5-d83f7a558f28/db/MANIFEST-000027
7f6f27c00000-7f6f27e00000 rw-p 00000000 00:00 0 
7f6f27e00000-7f6f28000000 rw-p 00000000 00:00 0 
7f6f28000000-7f6f28838000 rw-p 00000000 00:00 0 
7f6f28838000-7f6f2c000000 ---p 00000000 00:00 0 
7f6f2c000000-7f6f2c021000 rw-p 00000000 00:00 0 
7f6f2c021000-7f6f30000000 ---p 00000000 00:00 0 
7f6f30000000-7f6f30021000 rw-p 00000000 00:00 0 
7f6f30021000-7f6f34000000 ---p 00000000 00:00 0 
7f6f34000000-7f6f35a0e000 rw-p 00000000 00:00 0 
7f6f35a0e000-7f6f38000000 ---p 00000000 00:00 0 
7f6f38000000-7f6f38021000 rw-p 00000000 00:00 0 
7f6f38021000-7f6f3c000000 ---p 00000000 00:00 0 
7f6f3c000000-7f6f3c021000 rw-p 00000000 00:00 0 
7f6f3c021000-7f6f40000000 ---p 00000000 00:00 0 
7f6f40000000-7f6f40081000 rw-p 00000000 00:00 0 
7f6f40081000-7f6f44000000 ---p 00000000 00:00 0 
7f6f44000000-7f6f4404e000 rw-p 00000000 00:00 0 
7f6f4404e000-7f6f4414e000 rw-s 00000000 00:3e 2199127023643              /home/tfang/PPI_Prediction_byCoevolution/scripts/.nextflow/cache/591f071c-02ef-4c05-9bf5-d83f7a558f28/db/000028.log
7f6f4414e000-7f6f4434f000 rw-p 00000000 00:00 0 
7f6f4434f000-7f6f4435c000 rw-p 00000000 00:00 0 
7f6f4435c000-7f6f44360000 ---p 00000000 00:00 0 
7f6f44360000-7f6f4445d000 rw-p 00000000 00:00 0 
7f6f4445d000-7f6f44473000 r-xp 00000000 00:42 3299053670325              /data/tfang/conda-envs/nf-training/lib/libnet.so
7f6f44473000-7f6f44673000 ---p 00016000 00:42 3299053670325              /data/tfang/conda-envs/nf-training/lib/libnet.so
7f6f44673000-7f6f44674000 rw-p 00016000 00:42 3299053670325              /data/tfang/conda-envs/nf-training/lib/libnet.so
7f6f44674000-7f6f44676000 rw-p 0001c000 00:42 3299053670325              /data/tfang/conda-envs/nf-training/lib/libnet.so
7f6f44676000-7f6f44686000 r-xp 00000000 00:42 3299053670324              /data/tfang/conda-envs/nf-training/lib/libnio.so
7f6f44686000-7f6f44885000 ---p 00010000 00:42 3299053670324              /data/tfang/conda-envs/nf-training/lib/libnio.so
7f6f44885000-7f6f44886000 rw-p 0000f000 00:42 3299053670324              /data/tfang/conda-envs/nf-training/lib/libnio.so
7f6f44886000-7f6f44889000 rw-p 00016000 00:42 3299053670324              /data/tfang/conda-envs/nf-training/lib/libnio.so
7f6f44889000-7f6f4488a000 ---p 00000000 00:00 0 
7f6f4488a000-7f6f4498b000 rw-p 00000000 00:00 0 
7f6f4498b000-7f6f44bfb000 rwxp 00000000 00:00 0 
7f6f44bfb000-7f6f44f1a000 ---p 00000000 00:00 0 
7f6f44f1a000-7f6f4586a000 rwxp 00000000 00:00 0 
7f6f4586a000-7f6f4c452000 ---p 00000000 00:00 0 
7f6f4c452000-7f6f4c6c2000 rwxp 00000000 00:00 0 
7f6f4c6c2000-7f6f5398b000 ---p 00000000 00:00 0 
7f6f5398b000-7f6f5c000000 r--s 00000000 00:42 3299053670391              /data/tfang/conda-envs/nf-training/lib/modules
7f6f5c000000-7f6f5cfc7000 rw-p 00000000 00:00 0 
7f6f5cfc7000-7f6f60000000 ---p 00000000 00:00 0 
7f6f60000000-7f6f6002d000 rw-p 00000000 00:00 0 
7f6f6002d000-7f6f60031000 ---p 00000000 00:00 0 
7f6f60031000-7f6f60087000 rw-p 00000000 00:00 0 
7f6f60087000-7f6f6008b000 ---p 00000000 00:00 0 
7f6f6008b000-7f6f6018c000 rw-p 00000000 00:00 0 
7f6f6018c000-7f6f60190000 ---p 00000000 00:00 0 
7f6f60190000-7f6f6028d000 rw-p 00000000 00:00 0 
7f6f6028d000-7f6f60291000 ---p 00000000 00:00 0 
7f6f60291000-7f6f6038e000 rw-p 00000000 00:00 0 
7f6f6038e000-7f6f60392000 ---p 00000000 00:00 0 
7f6f60392000-7f6f6048f000 rw-p 00000000 00:00 0 
7f6f6048f000-7f6f60493000 ---p 00000000 00:00 0 
7f6f60493000-7f6f60590000 rw-p 00000000 00:00 0 
7f6f60590000-7f6f60594000 ---p 00000000 00:00 0 
7f6f60594000-7f6f60691000 rw-p 00000000 00:00 0 
7f6f60691000-7f6f606c3000 r--p 00000000 fc:01 14115                      /usr/lib/locale/C.UTF-8/LC_CTYPE
7f6f606c3000-7f6f606c4000 r--p 00000000 fc:01 17887                      /usr/lib/locale/C.UTF-8/LC_NUMERIC
7f6f606c4000-7f6f606c5000 r--p 00000000 fc:01 18119                      /usr/lib/locale/C.UTF-8/LC_TIME
7f6f606c5000-7f6f60838000 r--p 00000000 fc:01 14113                      /usr/lib/locale/C.UTF-8/LC_COLLATE
7f6f60838000-7f6f61082000 r--p 00000000 fc:01 2360                       /usr/lib/locale/locale-archive
7f6f61082000-7f6f61086000 ---p 00000000 00:00 0 
7f6f61086000-7f6f61183000 rw-p 00000000 00:00 0 
7f6f61183000-7f6f61187000 ---p 00000000 00:00 0 
7f6f61187000-7f6f61284000 rw-p 00000000 00:00 0 
7f6f61284000-7f6f61285000 ---p 00000000 00:00 0 
7f6f61285000-7f6f61dd2000 rw-p 00000000 00:00 0 
7f6f61dd2000-7f6f61f35000 ---p 00000000 00:00 0 
7f6f61f35000-7f6f61fd9000 rw-p 00000000 00:00 0 
7f6f61fd9000-7f6f6208a000 ---p 00000000 00:00 0 
7f6f6208a000-7f6f621d2000 rw-p 00000000 00:00 0 
7f6f621d2000-7f6f62335000 ---p 00000000 00:00 0 
7f6f62335000-7f6f6233b000 rw-p 00000000 00:00 0 
7f6f6233b000-7f6f62421000 ---p 00000000 00:00 0 
7f6f62421000-7f6f62434000 rw-p 00000000 00:00 0 
7f6f62434000-7f6f6250c000 ---p 00000000 00:00 0 
7f6f6250c000-7f6f62511000 rw-p 00000000 00:00 0 
7f6f62511000-7f6f62518000 ---p 00000000 00:00 0 
7f6f62518000-7f6f62532000 r-xp 00000000 00:42 3299053670326              /data/tfang/conda-envs/nf-training/lib/libjimage.so
7f6f62532000-7f6f62731000 ---p 0001a000 00:42 3299053670326              /data/tfang/conda-envs/nf-training/lib/libjimage.so
7f6f62731000-7f6f62733000 rw-p 00019000 00:42 3299053670326              /data/tfang/conda-envs/nf-training/lib/libjimage.so
7f6f62733000-7f6f62745000 rw-p 00000000 00:00 0 
7f6f62745000-7f6f62746000 rw-p 00022000 00:42 3299053670326              /data/tfang/conda-envs/nf-training/lib/libjimage.so
7f6f62746000-7f6f6274d000 r-xp 00000000 00:42 3299053670315              /data/tfang/conda-envs/nf-training/lib/libzip.so
7f6f6274d000-7f6f6294c000 ---p 00007000 00:42 3299053670315              /data/tfang/conda-envs/nf-training/lib/libzip.so
7f6f6294c000-7f6f6294d000 rw-p 00006000 00:42 3299053670315              /data/tfang/conda-envs/nf-training/lib/libzip.so
7f6f6294d000-7f6f6294e000 rw-p 0000a000 00:42 3299053670315              /data/tfang/conda-envs/nf-training/lib/libzip.so
7f6f6294e000-7f6f63153000 r--s 00000000 fc:01 2322579                    /var/lib/sss/mc/passwd
7f6f63153000-7f6f63159000 r--p 00000000 fc:01 16782                      /usr/lib/x86_64-linux-gnu/libnss_systemd.so.2
7f6f63159000-7f6f6317f000 r-xp 00006000 fc:01 16782                      /usr/lib/x86_64-linux-gnu/libnss_systemd.so.2
7f6f6317f000-7f6f6318b000 r--p 0002c000 fc:01 16782                      /usr/lib/x86_64-linux-gnu/libnss_systemd.so.2
7f6f6318b000-7f6f6318e000 r--p 00037000 fc:01 16782                      /usr/lib/x86_64-linux-gnu/libnss_systemd.so.2
7f6f6318e000-7f6f6318f000 rw-p 0003a000 fc:01 16782                      /usr/lib/x86_64-linux-gnu/libnss_systemd.so.2
7f6f6318f000-7f6f63192000 r--p 00000000 fc:01 34437                      /usr/lib/x86_64-linux-gnu/libnss_files-2.31.so
7f6f63192000-7f6f63199000 r-xp 00003000 fc:01 34437                      /usr/lib/x86_64-linux-gnu/libnss_files-2.31.so
7f6f63199000-7f6f6319b000 r--p 0000a000 fc:01 34437                      /usr/lib/x86_64-linux-gnu/libnss_files-2.31.so
7f6f6319b000-7f6f6319c000 r--p 0000b000 fc:01 34437                      /usr/lib/x86_64-linux-gnu/libnss_files-2.31.so
7f6f6319c000-7f6f6319d000 rw-p 0000c000 fc:01 34437                      /usr/lib/x86_64-linux-gnu/libnss_files-2.31.so
7f6f6319d000-7f6f631a3000 rw-p 00000000 00:00 0 
7f6f631a3000-7f6f631a4000 r--p 00000000 fc:01 17885                      /usr/lib/locale/C.UTF-8/LC_MONETARY
7f6f631a4000-7f6f631a5000 r--p 00000000 fc:01 14118                      /usr/lib/locale/C.UTF-8/LC_MESSAGES/SYS_LC_MESSAGES
7f6f631a5000-7f6f631a6000 r--p 00000000 fc:01 18117                      /usr/lib/locale/C.UTF-8/LC_PAPER
7f6f631a6000-7f6f631ad000 r--s 00000000 fc:01 34696                      /usr/lib/x86_64-linux-gnu/gconv/gconv-modules.cache
7f6f631ad000-7f6f631b5000 rw-s 00000000 fc:01 816113                     /tmp/hsperfdata_tfang/1754816
7f6f631b5000-7f6f631e0000 r-xp 00000000 00:42 3299053670328              /data/tfang/conda-envs/nf-training/lib/libjava.so
7f6f631e0000-7f6f633e0000 ---p 0002b000 00:42 3299053670328              /data/tfang/conda-envs/nf-training/lib/libjava.so
7f6f633e0000-7f6f633e2000 rw-p 0002b000 00:42 3299053670328              /data/tfang/conda-envs/nf-training/lib/libjava.so
7f6f633e2000-7f6f633e6000 rw-p 00038000 00:42 3299053670328              /data/tfang/conda-envs/nf-training/lib/libjava.so
7f6f633e6000-7f6f633f3000 r-xp 00000000 00:42 3299053670320              /data/tfang/conda-envs/nf-training/lib/libverify.so
7f6f633f3000-7f6f635f2000 ---p 0000d000 00:42 3299053670320              /data/tfang/conda-envs/nf-training/lib/libverify.so
7f6f635f2000-7f6f635f4000 rw-p 0000c000 00:42 3299053670320              /data/tfang/conda-envs/nf-training/lib/libverify.so
7f6f635f4000-7f6f635f5000 rw-p 00010000 00:42 3299053670320              /data/tfang/conda-envs/nf-training/lib/libverify.so
7f6f635f5000-7f6f635f7000 r--p 00000000 fc:01 34444                      /usr/lib/x86_64-linux-gnu/librt-2.31.so
7f6f635f7000-7f6f635fb000 r-xp 00002000 fc:01 34444                      /usr/lib/x86_64-linux-gnu/librt-2.31.so
7f6f635fb000-7f6f635fd000 r--p 00006000 fc:01 34444                      /usr/lib/x86_64-linux-gnu/librt-2.31.so
7f6f635fd000-7f6f635fe000 r--p 00007000 fc:01 34444                      /usr/lib/x86_64-linux-gnu/librt-2.31.so
7f6f635fe000-7f6f635ff000 rw-p 00008000 fc:01 34444                      /usr/lib/x86_64-linux-gnu/librt-2.31.so
7f6f635ff000-7f6f63603000 ---p 00000000 00:00 0 
7f6f63603000-7f6f63700000 rw-p 00000000 00:00 0 
7f6f63700000-7f6f6370d000 r--p 00000000 fc:01 34431                      /usr/lib/x86_64-linux-gnu/libm-2.31.so
7f6f6370d000-7f6f637b4000 r-xp 0000d000 fc:01 34431                      /usr/lib/x86_64-linux-gnu/libm-2.31.so
7f6f637b4000-7f6f6384d000 r--p 000b4000 fc:01 34431                      /usr/lib/x86_64-linux-gnu/libm-2.31.so
7f6f6384d000-7f6f6384e000 r--p 0014c000 fc:01 34431                      /usr/lib/x86_64-linux-gnu/libm-2.31.so
7f6f6384e000-7f6f6384f000 rw-p 0014d000 fc:01 34431                      /usr/lib/x86_64-linux-gnu/libm-2.31.so
7f6f6384f000-7f6f649c9000 r-xp 00000000 00:42 3299053670339              /data/tfang/conda-envs/nf-training/lib/server/libjvm.so
7f6f649c9000-7f6f64bc8000 ---p 0117a000 00:42 3299053670339              /data/tfang/conda-envs/nf-training/lib/server/libjvm.so
7f6f64bc8000-7f6f64ca8000 r--p 01179000 00:42 3299053670339              /data/tfang/conda-envs/nf-training/lib/server/libjvm.so
7f6f64ca8000-7f6f64ce2000 rw-p 01259000 00:42 3299053670339              /data/tfang/conda-envs/nf-training/lib/server/libjvm.so
7f6f64ce2000-7f6f64d4d000 rw-p 00000000 00:00 0 
7f6f64d4d000-7f6f64d50000 rw-p 01641000 00:42 3299053670339              /data/tfang/conda-envs/nf-training/lib/server/libjvm.so
7f6f64d50000-7f6f64d52000 rw-p 00000000 00:00 0 
7f6f64d52000-7f6f64d74000 r--p 00000000 fc:01 34429                      /usr/lib/x86_64-linux-gnu/libc-2.31.so
7f6f64d74000-7f6f64eec000 r-xp 00022000 fc:01 34429                      /usr/lib/x86_64-linux-gnu/libc-2.31.so
7f6f64eec000-7f6f64f3a000 r--p 0019a000 fc:01 34429                      /usr/lib/x86_64-linux-gnu/libc-2.31.so
7f6f64f3a000-7f6f64f3e000 r--p 001e7000 fc:01 34429                      /usr/lib/x86_64-linux-gnu/libc-2.31.so
7f6f64f3e000-7f6f64f40000 rw-p 001eb000 fc:01 34429                      /usr/lib/x86_64-linux-gnu/libc-2.31.so
7f6f64f40000-7f6f64f44000 rw-p 00000000 00:00 0 
7f6f64f44000-7f6f64f45000 r--p 00000000 fc:01 34430                      /usr/lib/x86_64-linux-gnu/libdl-2.31.so
7f6f64f45000-7f6f64f47000 r-xp 00001000 fc:01 34430                      /usr/lib/x86_64-linux-gnu/libdl-2.31.so
7f6f64f47000-7f6f64f48000 r--p 00003000 fc:01 34430                      /usr/lib/x86_64-linux-gnu/libdl-2.31.so
7f6f64f48000-7f6f64f49000 r--p 00003000 fc:01 34430                      /usr/lib/x86_64-linux-gnu/libdl-2.31.so
7f6f64f49000-7f6f64f4a000 rw-p 00004000 fc:01 34430                      /usr/lib/x86_64-linux-gnu/libdl-2.31.so
7f6f64f4a000-7f6f64f59000 r-xp 00000000 00:42 3299053670321              /data/tfang/conda-envs/nf-training/lib/libjli.so
7f6f64f59000-7f6f65159000 ---p 0000f000 00:42 3299053670321              /data/tfang/conda-envs/nf-training/lib/libjli.so
7f6f65159000-7f6f6515a000 rw-p 0000f000 00:42 3299053670321              /data/tfang/conda-envs/nf-training/lib/libjli.so
7f6f6515a000-7f6f6515b000 rw-p 00013000 00:42 3299053670321              /data/tfang/conda-envs/nf-training/lib/libjli.so
7f6f6515b000-7f6f65161000 r--p 00000000 fc:01 34442                      /usr/lib/x86_64-linux-gnu/libpthread-2.31.so
7f6f65161000-7f6f65172000 r-xp 00006000 fc:01 34442                      /usr/lib/x86_64-linux-gnu/libpthread-2.31.so
7f6f65172000-7f6f65178000 r--p 00017000 fc:01 34442                      /usr/lib/x86_64-linux-gnu/libpthread-2.31.so
7f6f65178000-7f6f65179000 r--p 0001c000 fc:01 34442                      /usr/lib/x86_64-linux-gnu/libpthread-2.31.so
7f6f65179000-7f6f6517a000 rw-p 0001d000 fc:01 34442                      /usr/lib/x86_64-linux-gnu/libpthread-2.31.so
7f6f6517a000-7f6f6517e000 rw-p 00000000 00:00 0 
7f6f6517e000-7f6f6517f000 r--p 00000000 fc:01 17886                      /usr/lib/locale/C.UTF-8/LC_NAME
7f6f6517f000-7f6f65180000 r--p 00000000 fc:01 14057                      /usr/lib/locale/C.UTF-8/LC_ADDRESS
7f6f65180000-7f6f65181000 r--p 00000000 fc:01 18118                      /usr/lib/locale/C.UTF-8/LC_TELEPHONE
7f6f65181000-7f6f65182000 r--p 00000000 fc:01 14117                      /usr/lib/locale/C.UTF-8/LC_MEASUREMENT
7f6f65182000-7f6f65184000 r--p 00000000 fc:01 6566                       /usr/lib/x86_64-linux-gnu/libnss_sss.so.2
7f6f65184000-7f6f6518a000 r-xp 00002000 fc:01 6566                       /usr/lib/x86_64-linux-gnu/libnss_sss.so.2
7f6f6518a000-7f6f6518c000 r--p 00008000 fc:01 6566                       /usr/lib/x86_64-linux-gnu/libnss_sss.so.2
7f6f6518c000-7f6f6518d000 r--p 00009000 fc:01 6566                       /usr/lib/x86_64-linux-gnu/libnss_sss.so.2
7f6f6518d000-7f6f6518e000 rw-p 0000a000 fc:01 6566                       /usr/lib/x86_64-linux-gnu/libnss_sss.so.2
7f6f6518e000-7f6f6518f000 ---p 00000000 00:00 0 
7f6f6518f000-7f6f65190000 r--p 00000000 00:00 0 
7f6f65190000-7f6f65193000 r--p 00000000 00:42 3299049661293              /data/tfang/conda-envs/nf-training/lib/libz.so.1.2.13
7f6f65193000-7f6f651a2000 r-xp 00003000 00:42 3299049661293              /data/tfang/conda-envs/nf-training/lib/libz.so.1.2.13
7f6f651a2000-7f6f651a9000 r--p 00012000 00:42 3299049661293              /data/tfang/conda-envs/nf-training/lib/libz.so.1.2.13
7f6f651a9000-7f6f651aa000 r--p 00018000 00:42 3299049661293              /data/tfang/conda-envs/nf-training/lib/libz.so.1.2.13
7f6f651aa000-7f6f651ab000 rw-p 00019000 00:42 3299049661293              /data/tfang/conda-envs/nf-training/lib/libz.so.1.2.13
7f6f651ab000-7f6f651ad000 rw-p 00000000 00:00 0 
7f6f651ad000-7f6f651ae000 r--p 00000000 fc:01 34425                      /usr/lib/x86_64-linux-gnu/ld-2.31.so
7f6f651ae000-7f6f651d1000 r-xp 00001000 fc:01 34425                      /usr/lib/x86_64-linux-gnu/ld-2.31.so
7f6f651d1000-7f6f651d9000 r--p 00024000 fc:01 34425                      /usr/lib/x86_64-linux-gnu/ld-2.31.so
7f6f651d9000-7f6f651da000 r--p 00000000 fc:01 14116                      /usr/lib/locale/C.UTF-8/LC_IDENTIFICATION
7f6f651da000-7f6f651db000 r--p 0002c000 fc:01 34425                      /usr/lib/x86_64-linux-gnu/ld-2.31.so
7f6f651db000-7f6f651dc000 rw-p 0002d000 fc:01 34425                      /usr/lib/x86_64-linux-gnu/ld-2.31.so
7f6f651dc000-7f6f651dd000 rw-p 00000000 00:00 0 
7ffc4b9ea000-7ffc4ba0e000 rw-p 00000000 00:00 0                          [stack]
7ffc4ba0f000-7ffc4ba13000 r--p 00000000 00:00 0                          [vvar]
7ffc4ba13000-7ffc4ba15000 r-xp 00000000 00:00 0                          [vdso]
ffffffffff600000-ffffffffff601000 --xp 00000000 00:00 0                  [vsyscall]


VM Arguments:
jvm_args: --add-opens=java.base/java.lang=ALL-UNNAMED --add-opens=java.base/java.io=ALL-UNNAMED --add-opens=java.base/java.nio=ALL-UNNAMED --add-opens=java.base/java.net=ALL-UNNAMED --add-opens=java.base/java.util=ALL-UNNAMED --add-opens=java.base/java.util.concurrent.locks=ALL-UNNAMED --add-opens=java.base/java.util.concurrent.atomic=ALL-UNNAMED --add-opens=java.base/java.nio.file.spi=ALL-UNNAMED --add-opens=java.base/sun.nio.ch=ALL-UNNAMED --add-opens=java.base/sun.nio.fs=ALL-UNNAMED --add-opens=java.base/sun.net.www.protocol.http=ALL-UNNAMED --add-opens=java.base/sun.net.www.protocol.https=ALL-UNNAMED --add-opens=java.base/sun.net.www.protocol.ftp=ALL-UNNAMED --add-opens=java.base/sun.net.www.protocol.file=ALL-UNNAMED --add-opens=java.base/jdk.internal.misc=ALL-UNNAMED --add-opens=java.base/java.util.regex=ALL-UNNAMED -Djava.io.tmpdir=/sctmp/tfang -Djava.library.path=/cluster/22-05-9-1/munge-0.5.15/lib:/cluster/22-05-9-1/slurm-22-05-9-1/lib:/cluster/22-05-9-1/pmix-4.2.3/lib:/cluster/22-05-9-1/libevent-2.1.12/lib:/usr/java/packages/lib:/usr/lib64:/lib64:/lib:/usr/lib -Dfile.encoding=UTF-8 -Dcapsule.app=nextflow_23.04.1 -Djava.awt.headless=true -Dcapsule.jar=/data/tfang/conda-envs/nf-training/share/nextflow/dist/23.04.1/nextflow-23.04.1-one.jar -Dcom.sun.security.enableAIAcaIssuers=true 
java_command: nextflow.cli.Launcher run RawFastaFilesAndMetaData_workflow.nf -entry RawFastaFilesAndMetaData_workflow -c nextflow.config -profile slurm -resume
java_class_path (initial): /data/tfang/conda-envs/nf-training/share/nextflow/dist/23.04.1/nextflow-23.04.1-one.jar:/data/tfang/conda-envs/nf-training/share/nextflow/capsule/deps/io/nextflow/nextflow/23.04.1/nextflow-23.04.1.jar:/data/tfang/conda-envs/nf-training/share/nextflow/capsule/deps/org/apache/ivy/ivy/2.5.1/ivy-2.5.1.jar:/data/tfang/conda-envs/nf-training/share/nextflow/capsule/deps/io/nextflow/nf-httpfs/23.04.1/nf-httpfs-23.04.1.jar:/data/tfang/conda-envs/nf-training/share/nextflow/capsule/deps/io/nextflow/nf-commons/23.04.1/nf-commons-23.04.1.jar:/data/tfang/conda-envs/nf-training/share/nextflow/capsule/deps/org/codehaus/groovy/groovy-nio/3.0.16/groovy-nio-3.0.16.jar:/data/tfang/conda-envs/nf-training/share/nextflow/capsule/deps/org/codehaus/groovy/groovy-templates/3.0.16/groovy-templates-3.0.16.jar:/data/tfang/conda-envs/nf-training/share/nextflow/capsule/deps/org/codehaus/groovy/groovy-xml/3.0.16/groovy-xml-3.0.16.jar:/data/tfang/conda-envs/nf-training/share/nextflow/capsule/deps/org/codehaus/groovy/groovy-json/3.0.16/groovy-json-3.0.16.jar:/data/tfang/conda-envs/nf-training/share/nextflow/capsule/deps/org/codehaus/groovy/groovy/3.0.16/groovy-3.0.16.jar:/data/tfang/conda-envs/nf-training/share/nextflow/capsule/deps/org/slf4j/jcl-over-slf4j/1.7.36/jcl-over-slf4j-1.7.36.jar:/data/tfang/conda-envs/nf-training/share/nextflow/capsule/deps/org/slf4j/jul-to-slf4j/1.7.36/jul-to-slf4j-1.7.36.jar:/data/tfang/conda-envs/nf-training/share/nextflow/capsule/deps/org/slf4j/log4j-over-slf4j/1.7.36/log4j-over-slf4j-1.7.36.jar:/data/tfang/conda-envs/nf-training/share/nextflow/capsule/deps/ch/qos/logback/logback-classic/1.2.11/logback-classic-1.2.11.jar:/data/tfang/conda-envs/nf-training/share/nextflow/capsule/deps/ch/qos/logback/logback-core/1.2.11/logback-core-1.2.11.jar:/data/tfang/conda-envs/nf-training/share/nextflow/capsule/deps/org/codehaus/gpars/gpars/1.2.1/gpars-1.2.1.jar:/data/tfang/conda-envs/nf-training/share/nextflow/capsule/deps/ch/artecat/grengine/grengine/
Launcher Type: SUN_STANDARD


[error occurred during error reporting (printing flags), id 0xe0000001, Out of Memory Error (/export/home/tester/jenkins/workspace/zulu11-build-linux64/zulu-src/src/hotspot/share/memory/allocation.cpp:46)]

Logging:
Log output configuration:
 #0: stdout all=warning uptime,level,tags
 #1: stderr all=off uptime,level,tags

Environment Variables:
JAVA_HOME=/data/tfang/conda-envs/nf-training
PATH=/data/tfang/conda-envs/nf-training/bin:/apps/opt/spack/linux-ubuntu20.04-x86_64/gcc-9.3.0/anaconda3-2022.10-4zvvyfdmb3tw45xdxcy7vcuhn5nw2s3i/condabin:/cluster/22-05-9-1/slurm-22-05-9-1/bin:/cluster/22-05-9-1/slurm-22-05-9-1/sbin:/usr/local/sbin:/usr/local/bin:/usr/sbin:/usr/bin:/sbin:/bin:/usr/games:/usr/local/games:/snap/bin:/var/cfengine/bin:/usr/local/go/bin
LD_LIBRARY_PATH=/cluster/22-05-9-1/munge-0.5.15/lib:/cluster/22-05-9-1/slurm-22-05-9-1/lib:/cluster/22-05-9-1/pmix-4.2.3/lib:/cluster/22-05-9-1/libevent-2.1.12/lib
SHELL=/usr/bin/bash

Signal Handlers:
SIGSEGV: [libjvm.so+0xe35970], sa_mask[0]=11111111011111111101111111111110, sa_flags=SA_RESTART|SA_SIGINFO
SIGBUS: [libjvm.so+0xe35970], sa_mask[0]=11111111011111111101111111111110, sa_flags=SA_RESTART|SA_SIGINFO
SIGFPE: [libjvm.so+0xe35970], sa_mask[0]=11111111011111111101111111111110, sa_flags=SA_RESTART|SA_SIGINFO
SIGPIPE: [libjvm.so+0xc2d970], sa_mask[0]=11111111011111111101111111111110, sa_flags=SA_RESTART|SA_SIGINFO
SIGXFSZ: [libjvm.so+0xc2d970], sa_mask[0]=11111111011111111101111111111110, sa_flags=SA_RESTART|SA_SIGINFO
SIGILL: [libjvm.so+0xe35970], sa_mask[0]=11111111011111111101111111111110, sa_flags=SA_RESTART|SA_SIGINFO
SIGUSR2: [libjvm.so+0xc2dc60], sa_mask[0]=00000000000000000000000000000000, sa_flags=SA_RESTART|SA_SIGINFO
SIGHUP: [libjvm.so+0xc2ddc0], sa_mask[0]=11111111011111111101111111111110, sa_flags=SA_RESTART|SA_SIGINFO
SIGINT: [libjvm.so+0xc2ddc0], sa_mask[0]=11111111011111111101111111111110, sa_flags=SA_RESTART|SA_SIGINFO
SIGTERM: [libjvm.so+0xc2ddc0], sa_mask[0]=11111111011111111101111111111110, sa_flags=SA_RESTART|SA_SIGINFO
SIGQUIT: [libjvm.so+0xc2ddc0], sa_mask[0]=11111111011111111101111111111110, sa_flags=SA_RESTART|SA_SIGINFO


---------------  S Y S T E M  ---------------

OS:DISTRIB_ID=Ubuntu
DISTRIB_RELEASE=20.04
DISTRIB_CODENAME=focal
DISTRIB_DESCRIPTION="Ubuntu 20.04.6 LTS"
uname:Linux 5.15.0-83-generic #92~20.04.1-Ubuntu SMP Mon Aug 21 14:00:49 UTC 2023 x86_64
libc:glibc 2.31 NPTL 2.31 
rlimit: STACK 8192k, CORE 0k, NPROC 256, NOFILE 1048576, AS 4194304k, DATA infinity, FSIZE infinity
load average:0.60 0.19 0.12

/proc/meminfo:
MemTotal:       64293460 kB
MemFree:        48377432 kB
MemAvailable:   60165848 kB
Buffers:          397604 kB
Cached:         11074084 kB
SwapCached:            0 kB
Active:          1710328 kB
Inactive:       12629400 kB
Active(anon):       1756 kB
Inactive(anon):  2876012 kB
Active(file):    1708572 kB
Inactive(file):  9753388 kB
Unevictable:       18480 kB
Mlocked:           18480 kB
SwapTotal:             0 kB
SwapFree:              0 kB
Dirty:               180 kB
Writeback:             0 kB
AnonPages:       2886824 kB
Mapped:           669140 kB
Shmem:              1644 kB
KReclaimable:    1040064 kB
Slab:            1275916 kB
SReclaimable:    1040064 kB
SUnreclaim:       235852 kB
KernelStack:        9312 kB
PageTables:        70120 kB
NFS_Unstable:          0 kB
Bounce:                0 kB
WritebackTmp:          0 kB
CommitLimit:    32146728 kB
Committed_AS:    3928756 kB
VmallocTotal:   34359738367 kB
VmallocUsed:       46264 kB
VmallocChunk:          0 kB
Percpu:            53440 kB
HardwareCorrupted:     0 kB
AnonHugePages:         0 kB
ShmemHugePages:        0 kB
ShmemPmdMapped:        0 kB
FileHugePages:         0 kB
FilePmdMapped:         0 kB
HugePages_Total:       0
HugePages_Free:        0
HugePages_Rsvd:        0
HugePages_Surp:        0
Hugepagesize:       2048 kB
Hugetlb:               0 kB
DirectMap4k:     1238908 kB
DirectMap2M:    44374016 kB
DirectMap1G:    19922944 kB


/proc/sys/kernel/threads-max (system-wide limit on the number of threads):
500961


/proc/sys/vm/max_map_count (maximum number of memory map areas a process may have):
65530


/proc/sys/kernel/pid_max (system-wide limit on number of process identifiers):
4194304


container (cgroup) information:
container_type: cgroupv1
cpu_cpuset_cpus: failed
cpu_memory_nodes: failed
active_processor_count: 16
cpu_quota: -2
cpu_period: -2
cpu_shares: -2
memory_limit_in_bytes: -2
memory_and_swap_limit_in_bytes: -2
memory_soft_limit_in_bytes: -2
memory_usage_in_bytes: -2
memory_max_usage_in_bytes: -2


CPU:total 16 (initial active 1) (1 cores per cpu, 1 threads per core) family 23 model 49 stepping 0, cmov, cx8, fxsr, mmx, sse, sse2, sse3, ssse3, sse4.1, sse4.2, popcnt, avx, avx2, aes, clmul, mmxext, 3dnowpref, lzcnt, sse4a, tsc, bmi1, bmi2, adx, fma

/proc/cpuinfo:
processor	: 0
vendor_id	: AuthenticAMD
cpu family	: 23
model		: 49
model name	: AMD EPYC 7702 64-Core Processor
stepping	: 0
microcode	: 0x1000065
cpu MHz		: 1996.250
cache size	: 512 KB
physical id	: 0
siblings	: 1
core id		: 0
cpu cores	: 1
apicid		: 0
initial apicid	: 0
fpu		: yes
fpu_exception	: yes
cpuid level	: 13
wp		: yes
flags		: fpu vme de pse tsc msr pae mce cx8 apic sep mtrr pge mca cmov pat pse36 clflush mmx fxsr sse sse2 syscall nx mmxext fxsr_opt pdpe1gb rdtscp lm rep_good nopl cpuid extd_apicid tsc_known_freq pni pclmulqdq ssse3 fma cx16 sse4_1 sse4_2 x2apic movbe popcnt tsc_deadline_timer aes xsave avx f16c rdrand hypervisor lahf_lm cmp_legacy svm cr8_legacy abm sse4a misalignsse 3dnowprefetch osvw ssbd ibrs ibpb vmmcall fsgsbase tsc_adjust bmi1 avx2 smep bmi2 rdseed adx smap clflushopt clwb xsaveopt xsavec xgetbv1 arat npt nrip_save
bugs		: fxsave_leak sysret_ss_attrs null_seg spectre_v1 spectre_v2 spec_store_bypass retbleed smt_rsb
bogomips	: 3992.50
TLB size	: 1024 4K pages
clflush size	: 64
cache_alignment	: 64
address sizes	: 40 bits physical, 48 bits virtual
power management:

processor	: 1
vendor_id	: AuthenticAMD
cpu family	: 23
model		: 49
model name	: AMD EPYC 7702 64-Core Processor
stepping	: 0
microcode	: 0x1000065
cpu MHz		: 1996.250
cache size	: 512 KB
physical id	: 1
siblings	: 1
core id		: 0
cpu cores	: 1
apicid		: 1
initial apicid	: 1
fpu		: yes
fpu_exception	: yes
cpuid level	: 13
wp		: yes
flags		: fpu vme de pse tsc msr pae mce cx8 apic sep mtrr pge mca cmov pat pse36 clflush mmx fxsr sse sse2 syscall nx mmxext fxsr_opt pdpe1gb rdtscp lm rep_good nopl cpuid extd_apicid tsc_known_freq pni pclmulqdq ssse3 fma cx16 sse4_1 sse4_2 x2apic movbe popcnt tsc_deadline_timer aes xsave avx f16c rdrand hypervisor lahf_lm cmp_legacy svm cr8_legacy abm sse4a misalignsse 3dnowprefetch osvw ssbd ibrs ibpb vmmcall fsgsbase tsc_adjust bmi1 avx2 smep bmi2 rdseed adx smap clflushopt clwb xsaveopt xsavec xgetbv1 arat npt nrip_save
bugs		: fxsave_leak sysret_ss_attrs null_seg spectre_v1 spectre_v2 spec_store_bypass retbleed smt_rsb
bogomips	: 3992.50
TLB size	: 1024 4K pages
clflush size	: 64
cache_alignment	: 64
address sizes	: 40 bits physical, 48 bits virtual
power management:

processor	: 2
vendor_id	: AuthenticAMD
cpu family	: 23
model		: 49
model name	: AMD EPYC 7702 64-Core Processor
stepping	: 0
microcode	: 0x1000065
cpu MHz		: 1996.250
cache size	: 512 KB
physical id	: 2
siblings	: 1
core id		: 0
cpu cores	: 1
apicid		: 2
initial apicid	: 2
fpu		: yes
fpu_exception	: yes
cpuid level	: 13
wp		: yes
flags		: fpu vme de pse tsc msr pae mce cx8 apic sep mtrr pge mca cmov pat pse36 clflush mmx fxsr sse sse2 syscall nx mmxext fxsr_opt pdpe1gb rdtscp lm rep_good nopl cpuid extd_apicid tsc_known_freq pni pclmulqdq ssse3 fma cx16 sse4_1 sse4_2 x2apic movbe popcnt tsc_deadline_timer aes xsave avx f16c rdrand hypervisor lahf_lm cmp_legacy svm cr8_legacy abm sse4a misalignsse 3dnowprefetch osvw ssbd ibrs ibpb vmmcall fsgsbase tsc_adjust bmi1 avx2 smep bmi2 rdseed adx smap clflushopt clwb xsaveopt xsavec xgetbv1 arat npt nrip_save
bugs		: fxsave_leak sysret_ss_attrs null_seg spectre_v1 spectre_v2 spec_store_bypass retbleed smt_rsb
bogomips	: 3992.50
TLB size	: 1024 4K pages
clflush size	: 64
cache_alignment	: 64
address sizes	: 40 bits physical, 48 bits virtual
power management:

processor	: 3
vendor_id	: AuthenticAMD
cpu family	: 23
model		: 49
model name	: AMD EPYC 7702 64-Core Processor
stepping	: 0
microcode	: 0x1000065
cpu MHz		: 1996.250
cache size	: 512 KB
physical id	: 3
siblings	: 1
core id		: 0
cpu cores	: 1
apicid		: 3
initial apicid	: 3
fpu		: yes
fpu_exception	: yes
cpuid level	: 13
wp		: yes
flags		: fpu vme de pse tsc msr pae mce cx8 apic sep mtrr pge mca cmov pat pse36 clflush mmx fxsr sse sse2 syscall nx mmxext fxsr_opt pdpe1gb rdtscp lm rep_good nopl cpuid extd_apicid tsc_known_freq pni pclmulqdq ssse3 fma cx16 sse4_1 sse4_2 x2apic movbe popcnt tsc_deadline_timer aes xsave avx f16c rdrand hypervisor lahf_lm cmp_legacy svm cr8_legacy abm sse4a misalignsse 3dnowprefetch osvw ssbd ibrs ibpb vmmcall fsgsbase tsc_adjust bmi1 avx2 smep bmi2 rdseed adx smap clflushopt clwb xsaveopt xsavec xgetbv1 arat npt nrip_save
bugs		: fxsave_leak sysret_ss_attrs null_seg spectre_v1 spectre_v2 spec_store_bypass retbleed smt_rsb
bogomips	: 3992.50
TLB size	: 1024 4K pages
clflush size	: 64
cache_alignment	: 64
address sizes	: 40 bits physical, 48 bits virtual
power management:

processor	: 4
vendor_id	: AuthenticAMD
cpu family	: 23
model		: 49
model name	: AMD EPYC 7702 64-Core Processor
stepping	: 0
microcode	: 0x1000065
cpu MHz		: 1996.250
cache size	: 512 KB
physical id	: 4
siblings	: 1
core id		: 0
cpu cores	: 1
apicid		: 4
initial apicid	: 4
fpu		: yes
fpu_exception	: yes
cpuid level	: 13
wp		: yes
flags		: fpu vme de pse tsc msr pae mce cx8 apic sep mtrr pge mca cmov pat pse36 clflush mmx fxsr sse sse2 syscall nx mmxext fxsr_opt pdpe1gb rdtscp lm rep_good nopl cpuid extd_apicid tsc_known_freq pni pclmulqdq ssse3 fma cx16 sse4_1 sse4_2 x2apic movbe popcnt tsc_deadline_timer aes xsave avx f16c rdrand hypervisor lahf_lm cmp_legacy svm cr8_legacy abm sse4a misalignsse 3dnowprefetch osvw ssbd ibrs ibpb vmmcall fsgsbase tsc_adjust bmi1 avx2 smep bmi2 rdseed adx smap clflushopt clwb xsaveopt xsavec xgetbv1 arat npt nrip_save
bugs		: fxsave_leak sysret_ss_attrs null_seg spectre_v1 spectre_v2 spec_store_bypass retbleed smt_rsb
bogomips	: 3992.50
TLB size	: 1024 4K pages
clflush size	: 64
cache_alignment	: 64
address sizes	: 40 bits physical, 48 bits virtual
power management:

processor	: 5
vendor_id	: AuthenticAMD
cpu family	: 23
model		: 49
model name	: AMD EPYC 7702 64-Core Processor
stepping	: 0
microcode	: 0x1000065
cpu MHz		: 1996.250
cache size	: 512 KB
physical id	: 5
siblings	: 1
core id		: 0
cpu cores	: 1
apicid		: 5
initial apicid	: 5
fpu		: yes
fpu_exception	: yes
cpuid level	: 13
wp		: yes
flags		: fpu vme de pse tsc msr pae mce cx8 apic sep mtrr pge mca cmov pat pse36 clflush mmx fxsr sse sse2 syscall nx mmxext fxsr_opt pdpe1gb rdtscp lm rep_good nopl cpuid extd_apicid tsc_known_freq pni pclmulqdq ssse3 fma cx16 sse4_1 sse4_2 x2apic movbe popcnt tsc_deadline_timer aes xsave avx f16c rdrand hypervisor lahf_lm cmp_legacy svm cr8_legacy abm sse4a misalignsse 3dnowprefetch osvw ssbd ibrs ibpb vmmcall fsgsbase tsc_adjust bmi1 avx2 smep bmi2 rdseed adx smap clflushopt clwb xsaveopt xsavec xgetbv1 arat npt nrip_save
bugs		: fxsave_leak sysret_ss_attrs null_seg spectre_v1 spectre_v2 spec_store_bypass retbleed smt_rsb
bogomips	: 3992.50
TLB size	: 1024 4K pages
clflush size	: 64
cache_alignment	: 64
address sizes	: 40 bits physical, 48 bits virtual
power management:

processor	: 6
vendor_id	: AuthenticAMD
cpu family	: 23
model		: 49
model name	: AMD EPYC 7702 64-Core Processor
stepping	: 0
microcode	: 0x1000065
cpu MHz		: 1996.250
cache size	: 512 KB
physical id	: 6
siblings	: 1
core id		: 0
cpu cores	: 1
apicid		: 6
initial apicid	: 6
fpu		: yes
fpu_exception	: yes
cpuid level	: 13
wp		: yes
flags		: fpu vme de pse tsc msr pae mce cx8 apic sep mtrr pge mca cmov pat pse36 clflush mmx fxsr sse sse2 syscall nx mmxext fxsr_opt pdpe1gb rdtscp lm rep_good nopl cpuid extd_apicid tsc_known_freq pni pclmulqdq ssse3 fma cx16 sse4_1 sse4_2 x2apic movbe popcnt tsc_deadline_timer aes xsave avx f16c rdrand hypervisor lahf_lm cmp_legacy svm cr8_legacy abm sse4a misalignsse 3dnowprefetch osvw ssbd ibrs ibpb vmmcall fsgsbase tsc_adjust bmi1 avx2 smep bmi2 rdseed adx smap clflushopt clwb xsaveopt xsavec xgetbv1 arat npt nrip_save
bugs		: fxsave_leak sysret_ss_attrs null_seg spectre_v1 spectre_v2 spec_store_bypass retbleed smt_rsb
bogomips	: 3992.50
TLB size	: 1024 4K pages
clflush size	: 64
cache_alignment	: 64
address sizes	: 40 bits physical, 48 bits virtual
power management:

processor	: 7
vendor_id	: AuthenticAMD
cpu family	: 23
model		: 49
model name	: AMD EPYC 7702 64-Core Processor
stepping	: 0
microcode	: 0x1000065
cpu MHz		: 1996.250
cache size	: 512 KB
physical id	: 7
siblings	: 1
core id		: 0
cpu cores	: 1
apicid		: 7
initial apicid	: 7
fpu		: yes
fpu_exception	: yes
cpuid level	: 13
wp		: yes
flags		: fpu vme de pse tsc msr pae mce cx8 apic sep mtrr pge mca cmov pat pse36 clflush mmx fxsr sse sse2 syscall nx mmxext fxsr_opt pdpe1gb rdtscp lm rep_good nopl cpuid extd_apicid tsc_known_freq pni pclmulqdq ssse3 fma cx16 sse4_1 sse4_2 x2apic movbe popcnt tsc_deadline_timer aes xsave avx f16c rdrand hypervisor lahf_lm cmp_legacy svm cr8_legacy abm sse4a misalignsse 3dnowprefetch osvw ssbd ibrs ibpb vmmcall fsgsbase tsc_adjust bmi1 avx2 smep bmi2 rdseed adx smap clflushopt clwb xsaveopt xsavec xgetbv1 arat npt nrip_save
bugs		: fxsave_leak sysret_ss_attrs null_seg spectre_v1 spectre_v2 spec_store_bypass retbleed smt_rsb
bogomips	: 3992.50
TLB size	: 1024 4K pages
clflush size	: 64
cache_alignment	: 64
address sizes	: 40 bits physical, 48 bits virtual
power management:

processor	: 8
vendor_id	: AuthenticAMD
cpu family	: 23
model		: 49
model name	: AMD EPYC 7702 64-Core Processor
stepping	: 0
microcode	: 0x1000065
cpu MHz		: 1996.250
cache size	: 512 KB
physical id	: 8
siblings	: 1
core id		: 0
cpu cores	: 1
apicid		: 8
initial apicid	: 8
fpu		: yes
fpu_exception	: yes
cpuid level	: 13
wp		: yes
flags		: fpu vme de pse tsc msr pae mce cx8 apic sep mtrr pge mca cmov pat pse36 clflush mmx fxsr sse sse2 syscall nx mmxext fxsr_opt pdpe1gb rdtscp lm rep_good nopl cpuid extd_apicid tsc_known_freq pni pclmulqdq ssse3 fma cx16 sse4_1 sse4_2 x2apic movbe popcnt tsc_deadline_timer aes xsave avx f16c rdrand hypervisor lahf_lm cmp_legacy svm cr8_legacy abm sse4a misalignsse 3dnowprefetch osvw ssbd ibrs ibpb vmmcall fsgsbase tsc_adjust bmi1 avx2 smep bmi2 rdseed adx smap clflushopt clwb xsaveopt xsavec xgetbv1 arat npt nrip_save
bugs		: fxsave_leak sysret_ss_attrs null_seg spectre_v1 spectre_v2 spec_store_bypass retbleed smt_rsb
bogomips	: 3992.50
TLB size	: 1024 4K pages
clflush size	: 64
cache_alignment	: 64
address sizes	: 40 bits physical, 48 bits virtual
power management:

processor	: 9
vendor_id	: AuthenticAMD
cpu family	: 23
model		: 49
model name	: AMD EPYC 7702 64-Core Processor
stepping	: 0
microcode	: 0x1000065
cpu MHz		: 1996.250
cache size	: 512 KB
physical id	: 9
siblings	: 1
core id		: 0
cpu cores	: 1
apicid		: 9
initial apicid	: 9
fpu		: yes
fpu_exception	: yes
cpuid level	: 13
wp		: yes
flags		: fpu vme de pse tsc msr pae mce cx8 apic sep mtrr pge mca cmov pat pse36 clflush mmx fxsr sse sse2 syscall nx mmxext fxsr_opt pdpe1gb rdtscp lm rep_good nopl cpuid extd_apicid tsc_known_freq pni pclmulqdq ssse3 fma cx16 sse4_1 sse4_2 x2apic movbe popcnt tsc_deadline_timer aes xsave avx f16c rdrand hypervisor lahf_lm cmp_legacy svm cr8_legacy abm sse4a misalignsse 3dnowprefetch osvw ssbd ibrs ibpb vmmcall fsgsbase tsc_adjust bmi1 avx2 smep bmi2 rdseed adx smap clflushopt clwb xsaveopt xsavec xgetbv1 arat npt nrip_save
bugs		: fxsave_leak sysret_ss_attrs null_seg spectre_v1 spectre_v2 spec_store_bypass retbleed smt_rsb
bogomips	: 3992.50
TLB size	: 1024 4K pages
clflush size	: 64
cache_alignment	: 64
address sizes	: 40 bits physical, 48 bits virtual
power management:

processor	: 10
vendor_id	: AuthenticAMD
cpu family	: 23
model		: 49
model name	: AMD EPYC 7702 64-Core Processor
stepping	: 0
microcode	: 0x1000065
cpu MHz		: 1996.250
cache size	: 512 KB
physical id	: 10
siblings	: 1
core id		: 0
cpu cores	: 1
apicid		: 10
initial apicid	: 10
fpu		: yes
fpu_exception	: yes
cpuid level	: 13
wp		: yes
flags		: fpu vme de pse tsc msr pae mce cx8 apic sep mtrr pge mca cmov pat pse36 clflush mmx fxsr sse sse2 syscall nx mmxext fxsr_opt pdpe1gb rdtscp lm rep_good nopl cpuid extd_apicid tsc_known_freq pni pclmulqdq ssse3 fma cx16 sse4_1 sse4_2 x2apic movbe popcnt tsc_deadline_timer aes xsave avx f16c rdrand hypervisor lahf_lm cmp_legacy svm cr8_legacy abm sse4a misalignsse 3dnowprefetch osvw ssbd ibrs ibpb vmmcall fsgsbase tsc_adjust bmi1 avx2 smep bmi2 rdseed adx smap clflushopt clwb xsaveopt xsavec xgetbv1 arat npt nrip_save
bugs		: fxsave_leak sysret_ss_attrs null_seg spectre_v1 spectre_v2 spec_store_bypass retbleed smt_rsb
bogomips	: 3992.50
TLB size	: 1024 4K pages
clflush size	: 64
cache_alignment	: 64
address sizes	: 40 bits physical, 48 bits virtual
power management:

processor	: 11
vendor_id	: AuthenticAMD
cpu family	: 23
model		: 49
model name	: AMD EPYC 7702 64-Core Processor
stepping	: 0
microcode	: 0x1000065
cpu MHz		: 1996.250
cache size	: 512 KB
physical id	: 11
siblings	: 1
core id		: 0
cpu cores	: 1
apicid		: 11
initial apicid	: 11
fpu		: yes
fpu_exception	: yes
cpuid level	: 13
wp		: yes
flags		: fpu vme de pse tsc msr pae mce cx8 apic sep mtrr pge mca cmov pat pse36 clflush mmx fxsr sse sse2 syscall nx mmxext fxsr_opt pdpe1gb rdtscp lm rep_good nopl cpuid extd_apicid tsc_known_freq pni pclmulqdq ssse3 fma cx16 sse4_1 sse4_2 x2apic movbe popcnt tsc_deadline_timer aes xsave avx f16c rdrand hypervisor lahf_lm cmp_legacy svm cr8_legacy abm sse4a misalignsse 3dnowprefetch osvw ssbd ibrs ibpb vmmcall fsgsbase tsc_adjust bmi1 avx2 smep bmi2 rdseed adx smap clflushopt clwb xsaveopt xsavec xgetbv1 arat npt nrip_save
bugs		: fxsave_leak sysret_ss_attrs null_seg spectre_v1 spectre_v2 spec_store_bypass retbleed smt_rsb
bogomips	: 3992.50
TLB size	: 1024 4K pages
clflush size	: 64
cache_alignment	: 64
address sizes	: 40 bits physical, 48 bits virtual
power management:

processor	: 12
vendor_id	: AuthenticAMD
cpu family	: 23
model		: 49
model name	: AMD EPYC 7702 64-Core Processor
stepping	: 0
microcode	: 0x1000065
cpu MHz		: 1996.250
cache size	: 512 KB
physical id	: 12
siblings	: 1
core id		: 0
cpu cores	: 1
apicid		: 12
initial apicid	: 12
fpu		: yes
fpu_exception	: yes
cpuid level	: 13
wp		: yes
flags		: fpu vme de pse tsc msr pae mce cx8 apic sep mtrr pge mca cmov pat pse36 clflush mmx fxsr sse sse2 syscall nx mmxext fxsr_opt pdpe1gb rdtscp lm rep_good nopl cpuid extd_apicid tsc_known_freq pni pclmulqdq ssse3 fma cx16 sse4_1 sse4_2 x2apic movbe popcnt tsc_deadline_timer aes xsave avx f16c rdrand hypervisor lahf_lm cmp_legacy svm cr8_legacy abm sse4a misalignsse 3dnowprefetch osvw ssbd ibrs ibpb vmmcall fsgsbase tsc_adjust bmi1 avx2 smep bmi2 rdseed adx smap clflushopt clwb xsaveopt xsavec xgetbv1 arat npt nrip_save
bugs		: fxsave_leak sysret_ss_attrs null_seg spectre_v1 spectre_v2 spec_store_bypass retbleed smt_rsb
bogomips	: 3992.50
TLB size	: 1024 4K pages
clflush size	: 64
cache_alignment	: 64
address sizes	: 40 bits physical, 48 bits virtual
power management:

processor	: 13
vendor_id	: AuthenticAMD
cpu family	: 23
model		: 49
model name	: AMD EPYC 7702 64-Core Processor
stepping	: 0
microcode	: 0x1000065
cpu MHz		: 1996.250
cache size	: 512 KB
physical id	: 13
siblings	: 1
core id		: 0
cpu cores	: 1
apicid		: 13
initial apicid	: 13
fpu		: yes
fpu_exception	: yes
cpuid level	: 13
wp		: yes
flags		: fpu vme de pse tsc msr pae mce cx8 apic sep mtrr pge mca cmov pat pse36 clflush mmx fxsr sse sse2 syscall nx mmxext fxsr_opt pdpe1gb rdtscp lm rep_good nopl cpuid extd_apicid tsc_known_freq pni pclmulqdq ssse3 fma cx16 sse4_1 sse4_2 x2apic movbe popcnt tsc_deadline_timer aes xsave avx f16c rdrand hypervisor lahf_lm cmp_legacy svm cr8_legacy abm sse4a misalignsse 3dnowprefetch osvw ssbd ibrs ibpb vmmcall fsgsbase tsc_adjust bmi1 avx2 smep bmi2 rdseed adx smap clflushopt clwb xsaveopt xsavec xgetbv1 arat npt nrip_save
bugs		: fxsave_leak sysret_ss_attrs null_seg spectre_v1 spectre_v2 spec_store_bypass retbleed smt_rsb
bogomips	: 3992.50
TLB size	: 1024 4K pages
clflush size	: 64
cache_alignment	: 64
address sizes	: 40 bits physical, 48 bits virtual
power management:

processor	: 14
vendor_id	: AuthenticAMD
cpu family	: 23
model		: 49
model name	: AMD EPYC 7702 64-Core Processor
stepping	: 0
microcode	: 0x1000065
cpu MHz		: 1996.250
cache size	: 512 KB
physical id	: 14
siblings	: 1
core id		: 0
cpu cores	: 1
apicid		: 14
initial apicid	: 14
fpu		: yes
fpu_exception	: yes
cpuid level	: 13
wp		: yes
flags		: fpu vme de pse tsc msr pae mce cx8 apic sep mtrr pge mca cmov pat pse36 clflush mmx fxsr sse sse2 syscall nx mmxext fxsr_opt pdpe1gb rdtscp lm rep_good nopl cpuid extd_apicid tsc_known_freq pni pclmulqdq ssse3 fma cx16 sse4_1 sse4_2 x2apic movbe popcnt tsc_deadline_timer aes xsave avx f16c rdrand hypervisor lahf_lm cmp_legacy svm cr8_legacy abm sse4a misalignsse 3dnowprefetch osvw ssbd ibrs ibpb vmmcall fsgsbase tsc_adjust bmi1 avx2 smep bmi2 rdseed adx smap clflushopt clwb xsaveopt xsavec xgetbv1 arat npt nrip_save
bugs		: fxsave_leak sysret_ss_attrs null_seg spectre_v1 spectre_v2 spec_store_bypass retbleed smt_rsb
bogomips	: 3992.50
TLB size	: 1024 4K pages
clflush size	: 64
cache_alignment	: 64
address sizes	: 40 bits physical, 48 bits virtual
power management:

processor	: 15
vendor_id	: AuthenticAMD
cpu family	: 23
model		: 49
model name	: AMD EPYC 7702 64-Core Processor
stepping	: 0
microcode	: 0x1000065
cpu MHz		: 1996.250
cache size	: 512 KB
physical id	: 15
siblings	: 1
core id		: 0
cpu cores	: 1
apicid		: 15
initial apicid	: 15
fpu		: yes
fpu_exception	: yes
cpuid level	: 13
wp		: yes
flags		: fpu vme de pse tsc msr pae mce cx8 apic sep mtrr pge mca cmov pat pse36 clflush mmx fxsr sse sse2 syscall nx mmxext fxsr_opt pdpe1gb rdtscp lm rep_good nopl cpuid extd_apicid tsc_known_freq pni pclmulqdq ssse3 fma cx16 sse4_1 sse4_2 x2apic movbe popcnt tsc_deadline_timer aes xsave avx f16c rdrand hypervisor lahf_lm cmp_legacy svm cr8_legacy abm sse4a misalignsse 3dnowprefetch osvw ssbd ibrs ibpb vmmcall fsgsbase tsc_adjust bmi1 avx2 smep bmi2 rdseed adx smap clflushopt clwb xsaveopt xsavec xgetbv1 arat npt nrip_save
bugs		: fxsave_leak sysret_ss_attrs null_seg spectre_v1 spectre_v2 spec_store_bypass retbleed smt_rsb
bogomips	: 3992.50
TLB size	: 1024 4K pages
clflush size	: 64
cache_alignment	: 64
address sizes	: 40 bits physical, 48 bits virtual
power management:


Memory: 4k page, physical 64293460k(48377432k free), swap 0k(0k free)

vm_info: OpenJDK 64-Bit Server VM (11.0.1+13-LTS) for linux-amd64 JRE (11.0.1+13-LTS), built on Oct 19 2018 11:38:45 by "tester" with gcc 4.9.2 20150212 (Red Hat 4.9.2-6)

END.
