#
# There is insufficient memory for the Java Runtime Environment to continue.
# Native memory allocation (malloc) failed to allocate 32 bytes for AllocateHeap
# Possible reasons:
#   The system is out of physical RAM or swap space
#   The process is running with CompressedOops enabled, and the Java Heap may be blocking the growth of the native heap
# Possible solutions:
#   Reduce memory load on the system
#   Increase physical memory or swap space
#   Check if swap backing store is full
#   Decrease Java heap size (-Xmx/-Xms)
#   Decrease number of Java threads
#   Decrease Java thread stack sizes (-Xss)
#   Set larger code cache with -XX:ReservedCodeCacheSize=
#   JVM is running with Unscaled Compressed Oops mode in which the Java heap is
#     placed in the first 4GB address space. The Java Heap base address is the
#     maximum limit for the native heap growth. Please use -XX:HeapBaseMinAddress
#     to set the Java Heap base and to place the Java Heap above 4GB virtual address.
# This output file may be truncated or incomplete.
#
#  Out of Memory Error (allocation.cpp:46), pid=1753286, tid=1753349
#
# JRE version: OpenJDK Runtime Environment (11.0.1+13) (build 11.0.1+13-LTS)
# Java VM: OpenJDK 64-Bit Server VM (11.0.1+13-LTS, mixed mode, tiered, compressed oops, serial gc, linux-amd64)
# Core dump will be written. Default location: Core dumps may be processed with "/usr/share/apport/apport -p%p -s%s -c%c -d%d -P%P -u%u -g%g -- %E" (or dumping to /home/tfang/PPI_Prediction_byCoevolution/scripts/core.1753286)
#

---------------  S U M M A R Y ------------

Command Line: --add-opens=java.base/java.lang=ALL-UNNAMED --add-opens=java.base/java.io=ALL-UNNAMED --add-opens=java.base/java.nio=ALL-UNNAMED --add-opens=java.base/java.net=ALL-UNNAMED --add-opens=java.base/java.util=ALL-UNNAMED --add-opens=java.base/java.util.concurrent.locks=ALL-UNNAMED --add-opens=java.base/java.util.concurrent.atomic=ALL-UNNAMED --add-opens=java.base/java.nio.file.spi=ALL-UNNAMED --add-opens=java.base/sun.nio.ch=ALL-UNNAMED --add-opens=java.base/sun.nio.fs=ALL-UNNAMED --add-opens=java.base/sun.net.www.protocol.http=ALL-UNNAMED --add-opens=java.base/sun.net.www.protocol.https=ALL-UNNAMED --add-opens=java.base/sun.net.www.protocol.ftp=ALL-UNNAMED --add-opens=java.base/sun.net.www.protocol.file=ALL-UNNAMED --add-opens=java.base/jdk.internal.misc=ALL-UNNAMED --add-opens=java.base/java.util.regex=ALL-UNNAMED -Djava.io.tmpdir=/sctmp/tfang -Djava.library.path=/cluster/22-05-9-1/munge-0.5.15/lib:/cluster/22-05-9-1/slurm-22-05-9-1/lib:/cluster/22-05-9-1/pmix-4.2.3/lib:/cluster/22-05-9-1/libevent-2.1.12/lib:/usr/java/packages/lib:/usr/lib64:/lib64:/lib:/usr/lib -Dfile.encoding=UTF-8 -Dcapsule.app=nextflow_23.04.1 -Djava.awt.headless=true -Dcapsule.jar=/data/tfang/conda-envs/nf-training/share/nextflow/dist/23.04.1/nextflow-23.04.1-one.jar -Dcom.sun.security.enableAIAcaIssuers=true nextflow.cli.Launcher run RawFastaFilesAndMetaData_workflow.nf -entry RawFastaFilesAndMetaData_workflow -c nextflow.config -profile slurm -resume

Host: x86_64, 16 cores, 61G, x86_64
Time: Wed Sep 20 17:22:21 2023 CEST elapsed time: 7 seconds (0d 0h 0m 7s)

---------------  T H R E A D  ---------------

Current thread (0x00007f98f91b8800):  JavaThread "Actor Thread 4" daemon [_thread_in_vm, id=1753349, stack(0x00007f98bf9fc000,0x00007f98bfafd000)]

Stack: [0x00007f98bf9fc000,0x00007f98bfafd000],  sp=0x00007f98bfaf9ba0,  free space=1014k
Native frames: (J=compiled Java code, A=aot compiled Java code, j=interpreted, Vv=VM code, C=native code)
V  [libjvm.so+0xe34b81]
[error occurred during error reporting (printing native stack), id 0xe0000001, Out of Memory Error (/export/home/tester/jenkins/workspace/zulu11-build-linux64/zulu-src/src/hotspot/share/memory/allocation.cpp:46)]

Java frames: (J=compiled Java code, j=interpreted, Vv=VM code)
j  nextflow.processor.TaskProcessor$getTaskBody$0.call(Ljava/lang/Object;[Ljava/lang/Object;)Ljava/lang/Object;+10
J 3983 c1 org.codehaus.groovy.runtime.callsite.AbstractCallSite.call(Ljava/lang/Object;[Ljava/lang/Object;)Ljava/lang/Object; (7 bytes) @ 0x00007f98e15f18cc [0x00007f98e15f1760+0x000000000000016c]
J 5127 c1 org.codehaus.groovy.runtime.callsite.AbstractCallSite.call(Ljava/lang/Object;)Ljava/lang/Object; (9 bytes) @ 0x00007f98e18761ac [0x00007f98e1876140+0x000000000000006c]
j  nextflow.processor.TaskContext.<init>(Lnextflow/processor/TaskProcessor;Ljava/util/Map;)V+196
j  nextflow.processor.TaskContext.<init>(Lnextflow/processor/TaskProcessor;)V+20
v  ~StubRoutines::call_stub
J 2466  jdk.internal.reflect.NativeConstructorAccessorImpl.newInstance0(Ljava/lang/reflect/Constructor;[Ljava/lang/Object;)Ljava/lang/Object; java.base@11.0.1 (0 bytes) @ 0x00007f98e84ff523 [0x00007f98e84ff4c0+0x0000000000000063]
J 2159 c1 jdk.internal.reflect.NativeConstructorAccessorImpl.newInstance([Ljava/lang/Object;)Ljava/lang/Object; java.base@11.0.1 (89 bytes) @ 0x00007f98e1306194 [0x00007f98e1305e40+0x0000000000000354]
J 4193 c1 jdk.internal.reflect.DelegatingConstructorAccessorImpl.newInstance([Ljava/lang/Object;)Ljava/lang/Object; java.base@11.0.1 (9 bytes) @ 0x00007f98e85b1084 [0x00007f98e85b1040+0x0000000000000044]
J 5035 c1 org.codehaus.groovy.reflection.CachedConstructor.invoke([Ljava/lang/Object;)Ljava/lang/Object; (113 bytes) @ 0x00007f98e1849dec [0x00007f98e1849be0+0x000000000000020c]
j  org.codehaus.groovy.runtime.callsite.ConstructorSite$ConstructorSiteNoUnwrapNoCoerce.callConstructor(Ljava/lang/Object;[Ljava/lang/Object;)Ljava/lang/Object;+14
j  org.codehaus.groovy.runtime.callsite.CallSiteArray.defaultCallConstructor(Lorg/codehaus/groovy/runtime/callsite/CallSite;Ljava/lang/Object;[Ljava/lang/Object;)Ljava/lang/Object;+11
j  org.codehaus.groovy.runtime.callsite.AbstractCallSite.callConstructor(Ljava/lang/Object;[Ljava/lang/Object;)Ljava/lang/Object;+3
j  org.codehaus.groovy.runtime.callsite.AbstractCallSite.callConstructor(Ljava/lang/Object;Ljava/lang/Object;)Ljava/lang/Object;+33
j  nextflow.processor.TaskProcessor.createTaskRun(Lnextflow/processor/TaskStartParams;)Lnextflow/processor/TaskRun;+134
v  ~StubRoutines::call_stub
J 2744  jdk.internal.reflect.NativeMethodAccessorImpl.invoke0(Ljava/lang/reflect/Method;Ljava/lang/Object;[Ljava/lang/Object;)Ljava/lang/Object; java.base@11.0.1 (0 bytes) @ 0x00007f98e850e937 [0x00007f98e850e8c0+0x0000000000000077]
J 2743 c1 jdk.internal.reflect.NativeMethodAccessorImpl.invoke(Ljava/lang/Object;[Ljava/lang/Object;)Ljava/lang/Object; java.base@11.0.1 (104 bytes) @ 0x00007f98e140f42c [0x00007f98e140f0a0+0x000000000000038c]
J 4324 c1 jdk.internal.reflect.DelegatingMethodAccessorImpl.invoke(Ljava/lang/Object;[Ljava/lang/Object;)Ljava/lang/Object; java.base@11.0.1 (10 bytes) @ 0x00007f98e85c7a04 [0x00007f98e85c79c0+0x0000000000000044]
J 5170 c1 org.codehaus.groovy.runtime.callsite.PlainObjectMetaMethodSite.doInvoke(Ljava/lang/Object;[Ljava/lang/Object;Ljava/lang/reflect/Method;)Ljava/lang/Object; (34 bytes) @ 0x00007f98e18911a4 [0x00007f98e18910a0+0x0000000000000104]
j  org.codehaus.groovy.runtime.callsite.PogoMetaMethodSite$PogoCachedMethodSiteNoUnwrapNoCoerce.invoke(Ljava/lang/Object;[Ljava/lang/Object;)Ljava/lang/Object;+6
j  org.codehaus.groovy.runtime.callsite.PogoMetaMethodSite.callCurrent(Lgroovy/lang/GroovyObject;[Ljava/lang/Object;)Ljava/lang/Object;+12
j  org.codehaus.groovy.runtime.callsite.CallSiteArray.defaultCallCurrent(Lorg/codehaus/groovy/runtime/callsite/CallSite;Lgroovy/lang/GroovyObject;[Ljava/lang/Object;)Ljava/lang/Object;+17
j  org.codehaus.groovy.runtime.callsite.AbstractCallSite.callCurrent(Lgroovy/lang/GroovyObject;[Ljava/lang/Object;)Ljava/lang/Object;+3
j  org.codehaus.groovy.runtime.callsite.AbstractCallSite.callCurrent(Lgroovy/lang/GroovyObject;Ljava/lang/Object;)Ljava/lang/Object;+33
j  nextflow.processor.TaskProcessor.invokeTask([Ljava/lang/Object;)V+335
j  nextflow.processor.InvokeTaskAdapter.call([Ljava/lang/Object;)Ljava/lang/Object;+5
j  groovyx.gpars.dataflow.operator.DataflowOperatorActor.startTask(Ljava/util/List;)V+19
j  groovyx.gpars.dataflow.operator.ForkingDataflowOperatorActor.access$001(Lgroovyx/gpars/dataflow/operator/ForkingDataflowOperatorActor;Ljava/util/List;)V+2
j  groovyx.gpars.dataflow.operator.ForkingDataflowOperatorActor$1.run()V+8
j  java.util.concurrent.ThreadPoolExecutor.runWorker(Ljava/util/concurrent/ThreadPoolExecutor$Worker;)V+92 java.base@11.0.1
j  java.util.concurrent.ThreadPoolExecutor$Worker.run()V+5 java.base@11.0.1
j  java.lang.Thread.run()V+11 java.base@11.0.1
v  ~StubRoutines::call_stub

---------------  P R O C E S S  ---------------

Threads class SMR info:
_java_thread_list=0x00007f98bf5e3010, length=20, elements={
0x00007f98f8014000, 0x00007f98f80ca000, 0x00007f98f80ce800, 0x00007f98f80e5000,
0x00007f98f80e6800, 0x00007f98f80e8800, 0x00007f98f80ea800, 0x00007f98f81a3800,
0x00007f98f81b2800, 0x00007f98f8352800, 0x00007f98f8d89800, 0x00007f98f8e54800,
0x00007f98f9175000, 0x00007f98f9176800, 0x00007f98f91ad000, 0x00007f98f91b5000,
0x00007f98f91b6800, 0x00007f98f91b8800, 0x00007f98bf81d800, 0x00007f98bf6ff800
}

Java Threads: ( => current thread )
  0x00007f98f8014000 JavaThread "main" [_thread_blocked, id=1753320, stack(0x00007f98fd8c0000,0x00007f98fd9c1000)]
  0x00007f98f80ca000 JavaThread "Reference Handler" daemon [_thread_blocked, id=1753322, stack(0x00007f98dfcdd000,0x00007f98dfdde000)]
  0x00007f98f80ce800 JavaThread "Finalizer" daemon [_thread_blocked, id=1753323, stack(0x00007f98dfbdc000,0x00007f98dfcdd000)]
  0x00007f98f80e5000 JavaThread "Signal Dispatcher" daemon [_thread_blocked, id=1753324, stack(0x00007f98df11e000,0x00007f98df21f000)]
  0x00007f98f80e6800 JavaThread "C2 CompilerThread0" daemon [_thread_in_native, id=1753325, stack(0x00007f98df01d000,0x00007f98df11e000)]
  0x00007f98f80e8800 JavaThread "C1 CompilerThread0" daemon [_thread_blocked, id=1753326, stack(0x00007f98def1c000,0x00007f98df01d000)]
  0x00007f98f80ea800 JavaThread "Sweeper thread" daemon [_thread_blocked, id=1753327, stack(0x00007f98dee1b000,0x00007f98def1c000)]
  0x00007f98f81a3800 JavaThread "Common-Cleaner" daemon [_thread_blocked, id=1753328, stack(0x00007f98ded1a000,0x00007f98dee1b000)]
  0x00007f98f81b2800 JavaThread "Service Thread" daemon [_thread_blocked, id=1753329, stack(0x00007f98dec19000,0x00007f98ded1a000)]
  0x00007f98f8352800 JavaThread "process reaper" daemon [_thread_blocked, id=1753341, stack(0x00007f98fc061000,0x00007f98fc083000)]
  0x00007f98f8d89800 JavaThread "Thread-1" daemon [_thread_blocked, id=1753342, stack(0x00007f98dc9dd000,0x00007f98dcade000)]
  0x00007f98f8e54800 JavaThread "AnsiLogObserver" [_thread_blocked, id=1753343, stack(0x00007f98dc4db000,0x00007f98dc5dc000)]
  0x00007f98f9175000 JavaThread "Task monitor" [_thread_blocked, id=1753344, stack(0x00007f98dc1da000,0x00007f98dc2db000)]
  0x00007f98f9176800 JavaThread "Task submitter" daemon [_thread_blocked, id=1753345, stack(0x00007f98dc0d9000,0x00007f98dc1da000)]
  0x00007f98f91ad000 JavaThread "Actor Thread 1" daemon [_thread_blocked, id=1753346, stack(0x00007f98bfcff000,0x00007f98bfe00000)]
  0x00007f98f91b5000 JavaThread "Actor Thread 2" daemon [_thread_blocked, id=1753347, stack(0x00007f98bfbfe000,0x00007f98bfcff000)]
  0x00007f98f91b6800 JavaThread "Actor Thread 3" daemon [_thread_blocked, id=1753348, stack(0x00007f98bfafd000,0x00007f98bfbfe000)]
=>0x00007f98f91b8800 JavaThread "Actor Thread 4" daemon [_thread_in_vm, id=1753349, stack(0x00007f98bf9fc000,0x00007f98bfafd000)]
  0x00007f98bf81d800 JavaThread "Actor Thread 5" daemon [_thread_blocked, id=1753356, stack(0x00007f98bf709000,0x00007f98bf80a000)]
  0x00007f98bf6ff800 JavaThread "Actor Thread 6" daemon [_thread_blocked, id=1753357, stack(0x00007f98bf5ea000,0x00007f98bf6eb000)]

Other Threads:
  0x00007f98f80c2000 VMThread "VM Thread" [stack: 0x00007f98dfde0000,0x00007f98dfee0000] [id=1753321]
  0x00007f98f81b4800 WatcherThread [stack: 0x00007f98deb19000,0x00007f98dec19000] [id=1753330]

Threads with active compile tasks:
C2 CompilerThread05172       4       groovy.lang.MetaMethod::(null) (105 bytes)

VM state:not at safepoint (normal execution)

VM Mutex/Monitor currently owned by a thread:  ([mutex/lock_event])
[0x00007f98f800f890] SystemDictionary_lock - owner thread: 0x00007f98f91b8800
[0x00007f98f8010fa0] Compile_lock - owner thread: 0x00007f98f91b8800

Heap address: 0x0000000080000000, size: 2048 MB, Compressed Oops mode: 32-bit
Narrow klass base: 0x0000000000000000, Narrow klass shift: 3
Compressed class space size: 1073741824 Address: 0x0000000100000000

Heap:
 def new generation   total 301760K, used 198623K [0x0000000080000000, 0x0000000094760000, 0x00000000aaaa0000)
  eden space 268288K,  74% used [0x0000000080000000, 0x000000008c1f7fe8, 0x0000000090600000)
  from space 33472K,   0% used [0x0000000090600000, 0x0000000090600000, 0x00000000926b0000)
  to   space 33472K,   0% used [0x00000000926b0000, 0x00000000926b0000, 0x0000000094760000)
 tenured generation   total 670400K, used 32118K [0x00000000aaaa0000, 0x00000000d3950000, 0x0000000100000000)
   the space 670400K,   4% used [0x00000000aaaa0000, 0x00000000ac9fd928, 0x00000000ac9fda00, 0x00000000d3950000)
 Metaspace       used 39142K, capacity 40957K, committed 41256K, reserved 1085440K
  class space    used 4480K, capacity 5166K, committed 5248K, reserved 1048576K

Card table byte_map: [0x00007f98fc1f6000,0x00007f98fc5f7000] _byte_map_base: 0x00007f98fbdf6000

Polling page: 0x00007f98ff44f000

Metaspace:

Usage:
  Non-class:     34.95 MB capacity,    33.85 MB ( 97%) used,  1022.50 KB (  3%) free+waste,   106.38 KB ( <1%) overhead. 
      Class:      5.04 MB capacity,     4.38 MB ( 87%) used,   631.23 KB ( 12%) free+waste,    54.75 KB (  1%) overhead. 
       Both:     40.00 MB capacity,    38.22 MB ( 96%) used,     1.61 MB (  4%) free+waste,   161.12 KB ( <1%) overhead. 

Virtual space:
  Non-class space:       36.00 MB reserved,      35.16 MB ( 98%) committed 
      Class space:        1.00 GB reserved,       5.12 MB ( <1%) committed 
             Both:        1.04 GB reserved,      40.29 MB (  4%) committed 

Chunk freelists:
   Non-Class:  3.12 KB
       Class:  2.25 KB
        Both:  5.38 KB

CodeHeap 'non-profiled nmethods': size=120036Kb used=1912Kb max_used=1912Kb free=118123Kb
 bounds [0x00007f98e8452000, 0x00007f98e86c2000, 0x00007f98ef98b000]
CodeHeap 'profiled nmethods': size=120032Kb used=9649Kb max_used=9716Kb free=110382Kb
 bounds [0x00007f98e0f1a000, 0x00007f98e189a000, 0x00007f98e8452000]
CodeHeap 'non-nmethods': size=5692Kb used=2166Kb max_used=2213Kb free=3525Kb
 bounds [0x00007f98e098b000, 0x00007f98e0bfb000, 0x00007f98e0f1a000]
 total_blobs=6559 nmethods=5090 adapters=657
 compilation: enabled
              stopped_count=0, restarted_count=0
 full_count=0

Compilation events (10 events):
Event: 7.239 Thread 0x00007f98f80e6800 nmethod 5091% 0x00007f98e862bc10 code [0x00007f98e862c020, 0x00007f98e862e700]
Event: 7.239 Thread 0x00007f98f80e6800 5172       4       groovy.lang.MetaMethod::getMopName (105 bytes)
Event: 7.242 Thread 0x00007f98f80e8800 5180       2       java.lang.reflect.Constructor::getParameterTypes (11 bytes)
Event: 7.242 Thread 0x00007f98f80e8800 nmethod 5180 0x00007f98e0f1a490 code [0x00007f98e0f1a640, 0x00007f98e0f1a7e8]
Event: 7.242 Thread 0x00007f98f80e8800 5181       2       org.codehaus.groovy.runtime.ScriptBytecodeAdapter::asType (28 bytes)
Event: 7.243 Thread 0x00007f98f80e8800 nmethod 5181 0x00007f98e0f1b090 code [0x00007f98e0f1b260, 0x00007f98e0f1b558]
Event: 7.313 Thread 0x00007f98f80e8800 5183       2       java.lang.AbstractStringBuilder::append (67 bytes)
Event: 7.314 Thread 0x00007f98f80e8800 nmethod 5183 0x00007f98e0f20c10 code [0x00007f98e0f20e00, 0x00007f98e0f21088]
Event: 7.314 Thread 0x00007f98f80e8800 5184       2       java.lang.AbstractStringBuilder::getBytes (44 bytes)
Event: 7.314 Thread 0x00007f98f80e8800 nmethod 5184 0x00007f98e0f1de10 code [0x00007f98e0f1dfe0, 0x00007f98e0f1e238]

GC Heap History (4 events):
Event: 2.151 GC heap before
{Heap before GC invocations=0 (full 0):
 def new generation   total 301696K, used 96811K [0x0000000080000000, 0x0000000094750000, 0x00000000aaaa0000)
  eden space 268224K,  36% used [0x0000000080000000, 0x0000000085e8acb0, 0x00000000905f0000)
  from space 33472K,   0% used [0x00000000905f0000, 0x00000000905f0000, 0x00000000926a0000)
  to   space 33472K,   0% used [0x00000000926a0000, 0x00000000926a0000, 0x0000000094750000)
 tenured generation   total 670400K, used 0K [0x00000000aaaa0000, 0x00000000d3950000, 0x0000000100000000)
   the space 670400K,   0% used [0x00000000aaaa0000, 0x00000000aaaa0000, 0x00000000aaaa0200, 0x00000000d3950000)
 Metaspace       used 20691K, capacity 21109K, committed 21296K, reserved 1069056K
  class space    used 1954K, capacity 2114K, committed 2176K, reserved 1048576K
}
Event: 2.259 GC heap after
{Heap after GC invocations=1 (full 1):
 def new generation   total 301760K, used 0K [0x0000000080000000, 0x0000000094760000, 0x00000000aaaa0000)
  eden space 268288K,   0% used [0x0000000080000000, 0x0000000080000000, 0x0000000090600000)
  from space 33472K,   0% used [0x0000000090600000, 0x0000000090600000, 0x00000000926b0000)
  to   space 33472K,   0% used [0x00000000926b0000, 0x00000000926b0000, 0x0000000094760000)
 tenured generation   total 670400K, used 13742K [0x00000000aaaa0000, 0x00000000d3950000, 0x0000000100000000)
   the space 670400K,   2% used [0x00000000aaaa0000, 0x00000000ab80ba80, 0x00000000ab80bc00, 0x00000000d3950000)
 Metaspace       used 20691K, capacity 21109K, committed 21296K, reserved 1069056K
  class space    used 1954K, capacity 2114K, committed 2176K, reserved 1048576K
}
Event: 5.321 GC heap before
{Heap before GC invocations=1 (full 1):
 def new generation   total 301760K, used 268288K [0x0000000080000000, 0x0000000094760000, 0x00000000aaaa0000)
  eden space 268288K, 100% used [0x0000000080000000, 0x0000000090600000, 0x0000000090600000)
  from space 33472K,   0% used [0x0000000090600000, 0x0000000090600000, 0x00000000926b0000)
  to   space 33472K,   0% used [0x00000000926b0000, 0x00000000926b0000, 0x0000000094760000)
 tenured generation   total 670400K, used 13742K [0x00000000aaaa0000, 0x00000000d3950000, 0x0000000100000000)
   the space 670400K,   2% used [0x00000000aaaa0000, 0x00000000ab80ba80, 0x00000000ab80bc00, 0x00000000d3950000)
 Metaspace       used 34032K, capacity 35278K, committed 35496K, reserved 1081344K
  class space    used 3770K, capacity 4234K, committed 4352K, reserved 1048576K
}
Event: 5.468 GC heap after
{Heap after GC invocations=2 (full 2):
 def new generation   total 301760K, used 0K [0x0000000080000000, 0x0000000094760000, 0x00000000aaaa0000)
  eden space 268288K,   0% used [0x0000000080000000, 0x0000000080000000, 0x0000000090600000)
  from space 33472K,   0% used [0x0000000090600000, 0x0000000090600000, 0x00000000926b0000)
  to   space 33472K,   0% used [0x00000000926b0000, 0x00000000926b0000, 0x0000000094760000)
 tenured generation   total 670400K, used 32118K [0x00000000aaaa0000, 0x00000000d3950000, 0x0000000100000000)
   the space 670400K,   4% used [0x00000000aaaa0000, 0x00000000ac9fd928, 0x00000000ac9fda00, 0x00000000d3950000)
 Metaspace       used 34032K, capacity 35278K, committed 35496K, reserved 1081344K
  class space    used 3770K, capacity 4234K, committed 4352K, reserved 1048576K
}

Deoptimization events (10 events):
Event: 6.239 Thread 0x00007f98f8014000 Uncommon trap: reason=unstable_if action=reinterpret pc=0x00007f98e85f75b4 method=groovyjarjarantlr4.v4.runtime.atn.ParserATNSimulator.closure(Lgroovyjarjarantlr4/v4/runtime/atn/ATNConfig;Lgroovyjarjarantlr4/v4/runtime/atn/ATNConfigSet;Lgroovyjarjarantlr4
Event: 6.432 Thread 0x00007f98f8014000 Uncommon trap: reason=unstable_if action=reinterpret pc=0x00007f98e85fc5e4 method=org.codehaus.groovy.runtime.MetaClassHelper.getClassWithNullAndWrapper(Ljava/lang/Object;)Ljava/lang/Class; @ 1 c2
Event: 6.432 Thread 0x00007f98f8014000 Uncommon trap: reason=null_check action=make_not_entrant pc=0x00007f98e85fc178 method=org.codehaus.groovy.runtime.MetaClassHelper.unwrap([Ljava/lang/Object;)V @ 11 c2
Event: 6.847 Thread 0x00007f98f8014000 Uncommon trap: reason=intrinsic_or_type_checked_inlining action=make_not_entrant pc=0x00007f98e86200f0 method=java.util.ArrayList.toArray([Ljava/lang/Object;)[Ljava/lang/Object; @ 36 c2
Event: 6.916 Thread 0x00007f98f8014000 Uncommon trap: reason=class_check action=make_not_entrant pc=0x00007f98e8621ccc method=java.util.ArrayList.toArray([Ljava/lang/Object;)[Ljava/lang/Object; @ 21 c2
Event: 7.216 Thread 0x00007f98f91b5000 Uncommon trap: reason=unstable_if action=reinterpret pc=0x00007f98e859fc38 method=org.codehaus.groovy.util.LockableObject.lock()V @ 6 c2
Event: 7.224 Thread 0x00007f98f91ad000 Uncommon trap: reason=bimorphic_or_optimized_type_check action=maybe_recompile pc=0x00007f98e8615b20 method=groovy.lang.MetaMethod.getMopName()Ljava/lang/String; @ 8 c2
Event: 7.224 Thread 0x00007f98f91ad000 Uncommon trap: reason=bimorphic_or_optimized_type_check action=maybe_recompile pc=0x00007f98e8615b20 method=groovy.lang.MetaMethod.getMopName()Ljava/lang/String; @ 8 c2
Event: 7.224 Thread 0x00007f98f91ad000 Uncommon trap: reason=bimorphic_or_optimized_type_check action=maybe_recompile pc=0x00007f98e8615b20 method=groovy.lang.MetaMethod.getMopName()Ljava/lang/String; @ 8 c2
Event: 7.224 Thread 0x00007f98f91ad000 Uncommon trap: reason=bimorphic_or_optimized_type_check action=maybe_recompile pc=0x00007f98e8615b20 method=groovy.lang.MetaMethod.getMopName()Ljava/lang/String; @ 8 c2

Classes redefined (0 events):
No events

Internal exceptions (10 events):
Event: 7.225 Thread 0x00007f98f91b6800 Exception <a 'java/lang/ClassNotFoundException'{0x000000008b651a10}: nextflow/extension/ChannelExCustomizer> (0x000000008b651a10) thrown at [/export/home/tester/jenkins/workspace/zulu11-build-linux64/zulu-src/src/hotspot/share/classfile/systemDictionary.c
Event: 7.225 Thread 0x00007f98f91ad000 Exception <a 'java/lang/ClassNotFoundException'{0x000000008bb0b148}: nextflow/processor/TaskIdCustomizer> (0x000000008bb0b148) thrown at [/export/home/tester/jenkins/workspace/zulu11-build-linux64/zulu-src/src/hotspot/share/classfile/systemDictionary.cpp,
Event: 7.229 Thread 0x00007f98f91b5000 Exception <a 'java/lang/ClassNotFoundException'{0x000000008b492a68}: nextflow/processor/TaskStartParamsBeanInfo> (0x000000008b492a68) thrown at [/export/home/tester/jenkins/workspace/zulu11-build-linux64/zulu-src/src/hotspot/share/classfile/systemDictiona
Event: 7.230 Thread 0x00007f98f91b5000 Exception <a 'java/lang/ClassNotFoundException'{0x000000008b49a5e0}: nextflow/processor/TaskStartParamsCustomizer> (0x000000008b49a5e0) thrown at [/export/home/tester/jenkins/workspace/zulu11-build-linux64/zulu-src/src/hotspot/share/classfile/systemDictio
Event: 7.240 Thread 0x00007f98f91b8800 Exception <a 'java/lang/ClassNotFoundException'{0x000000008b8d2398}: nextflow/processor/TaskConfigBeanInfo> (0x000000008b8d2398) thrown at [/export/home/tester/jenkins/workspace/zulu11-build-linux64/zulu-src/src/hotspot/share/classfile/systemDictionary.cp
Event: 7.240 Thread 0x00007f98f91b8800 Exception <a 'java/lang/ClassNotFoundException'{0x000000008b8d9440}: nextflow/processor/LazyMapBeanInfo> (0x000000008b8d9440) thrown at [/export/home/tester/jenkins/workspace/zulu11-build-linux64/zulu-src/src/hotspot/share/classfile/systemDictionary.cpp, 
Event: 7.240 Thread 0x00007f98f91b8800 Exception <a 'java/lang/ClassNotFoundException'{0x000000008b8e07b0}: nextflow/processor/LazyMapCustomizer> (0x000000008b8e07b0) thrown at [/export/home/tester/jenkins/workspace/zulu11-build-linux64/zulu-src/src/hotspot/share/classfile/systemDictionary.cpp
Event: 7.241 Thread 0x00007f98f91b8800 Exception <a 'java/lang/ClassNotFoundException'{0x000000008b901968}: nextflow/processor/TaskConfigCustomizer> (0x000000008b901968) thrown at [/export/home/tester/jenkins/workspace/zulu11-build-linux64/zulu-src/src/hotspot/share/classfile/systemDictionary.
Event: 7.313 Thread 0x00007f98f91b8800 Exception <a 'java/lang/ClassNotFoundException'{0x000000008b9a4f98}: nextflow/processor/TaskContextBeanInfo> (0x000000008b9a4f98) thrown at [/export/home/tester/jenkins/workspace/zulu11-build-linux64/zulu-src/src/hotspot/share/classfile/systemDictionary.c
Event: 7.313 Thread 0x00007f98f91b8800 Exception <a 'java/lang/ClassNotFoundException'{0x000000008c039428}: nextflow/processor/TaskContextCustomizer> (0x000000008c039428) thrown at [/export/home/tester/jenkins/workspace/zulu11-build-linux64/zulu-src/src/hotspot/share/classfile/systemDictionary

Events (10 events):
Event: 7.313 loading class nextflow/processor/TaskContextCustomizer
Event: 7.313 loading class nextflow/processor/TaskContextCustomizer done
Event: 7.314 Executing VM operation: RevokeBias
Event: 7.314 Executing VM operation: RevokeBias done
Event: 7.314 Executing VM operation: RevokeBias
Event: 7.314 Executing VM operation: RevokeBias done
Event: 7.315 Executing VM operation: RevokeBias
Event: 7.315 Executing VM operation: RevokeBias done
Event: 7.315 Executing VM operation: RevokeBias
Event: 7.315 Executing VM operation: RevokeBias done


Dynamic libraries:
00400000-00401000 r-xp 00000000 00:42 3299053670393                      /data/tfang/conda-envs/nf-training/bin/java
00601000-00602000 rw-p 00001000 00:42 3299053670393                      /data/tfang/conda-envs/nf-training/bin/java
01b40000-01b61000 rw-p 00000000 00:00 0                                  [heap]
80000000-94760000 rw-p 00000000 00:00 0 
94760000-aaaa0000 ---p 00000000 00:00 0 
aaaa0000-d3950000 rw-p 00000000 00:00 0 
d3950000-100000000 ---p 00000000 00:00 0 
100000000-100520000 rw-p 00000000 00:00 0 
100520000-140000000 ---p 00000000 00:00 0 
7f98bf4eb000-7f98bf5ea000 rw-p 00000000 00:00 0 
7f98bf5ea000-7f98bf5ee000 ---p 00000000 00:00 0 
7f98bf5ee000-7f98bf709000 rw-p 00000000 00:00 0 
7f98bf709000-7f98bf70d000 ---p 00000000 00:00 0 
7f98bf70d000-7f98bf9fc000 rw-p 00000000 00:00 0 
7f98bf9fc000-7f98bfa00000 ---p 00000000 00:00 0 
7f98bfa00000-7f98bfafd000 rw-p 00000000 00:00 0 
7f98bfafd000-7f98bfb01000 ---p 00000000 00:00 0 
7f98bfb01000-7f98bfbfe000 rw-p 00000000 00:00 0 
7f98bfbfe000-7f98bfc02000 ---p 00000000 00:00 0 
7f98bfc02000-7f98bfcff000 rw-p 00000000 00:00 0 
7f98bfcff000-7f98bfd03000 ---p 00000000 00:00 0 
7f98bfd03000-7f98bff40000 rw-p 00000000 00:00 0 
7f98bff40000-7f98c0000000 ---p 00000000 00:00 0 
7f98c0000000-7f98c0ebb000 rw-p 00000000 00:00 0 
7f98c0ebb000-7f98c4000000 ---p 00000000 00:00 0 
7f98c4000000-7f98c4021000 rw-p 00000000 00:00 0 
7f98c4021000-7f98c8000000 ---p 00000000 00:00 0 
7f98c8000000-7f98c8021000 rw-p 00000000 00:00 0 
7f98c8021000-7f98cc000000 ---p 00000000 00:00 0 
7f98cc000000-7f98cd00a000 rw-p 00000000 00:00 0 
7f98cd00a000-7f98d0000000 ---p 00000000 00:00 0 
7f98d0000000-7f98d0021000 rw-p 00000000 00:00 0 
7f98d0021000-7f98d4000000 ---p 00000000 00:00 0 
7f98d4000000-7f98d4021000 rw-p 00000000 00:00 0 
7f98d4021000-7f98d8000000 ---p 00000000 00:00 0 
7f98d8000000-7f98d80e9000 rw-p 00000000 00:00 0 
7f98d80e9000-7f98dc000000 ---p 00000000 00:00 0 
7f98dc000000-7f98dc0d9000 rw-p 00000000 00:00 0 
7f98dc0d9000-7f98dc0dd000 ---p 00000000 00:00 0 
7f98dc0dd000-7f98dc1da000 rw-p 00000000 00:00 0 
7f98dc1da000-7f98dc1de000 ---p 00000000 00:00 0 
7f98dc1de000-7f98dc4db000 rw-p 00000000 00:00 0 
7f98dc4db000-7f98dc4df000 ---p 00000000 00:00 0 
7f98dc4df000-7f98dc5dc000 rw-p 00000000 00:00 0 
7f98dc5dc000-7f98dc5dd000 r-xp 00000000 00:41 1102918561990              /sctmp/tfang/libjansi-64.so
7f98dc5dd000-7f98dc7dc000 ---p 00001000 00:41 1102918561990              /sctmp/tfang/libjansi-64.so
7f98dc7dc000-7f98dc7dd000 rw-p 00000000 00:41 1102918561990              /sctmp/tfang/libjansi-64.so
7f98dc7dd000-7f98dc8dd000 rw-s 00000000 00:3e 2199127023631              /home/tfang/PPI_Prediction_byCoevolution/scripts/.nextflow/cache/591f071c-02ef-4c05-9bf5-d83f7a558f28/db/MANIFEST-000025
7f98dc8dd000-7f98dc9dd000 rw-s 00000000 00:3e 2199127023630              /home/tfang/PPI_Prediction_byCoevolution/scripts/.nextflow/cache/591f071c-02ef-4c05-9bf5-d83f7a558f28/db/000026.log
7f98dc9dd000-7f98dc9e1000 ---p 00000000 00:00 0 
7f98dc9e1000-7f98dccdc000 rw-p 00000000 00:00 0 
7f98dccdc000-7f98dccde000 ---p 00000000 00:00 0 
7f98dccde000-7f98dcce3000 r-xp 00000000 00:42 3299053670314              /data/tfang/conda-envs/nf-training/lib/libmanagement_ext.so
7f98dcce3000-7f98dcee3000 ---p 00005000 00:42 3299053670314              /data/tfang/conda-envs/nf-training/lib/libmanagement_ext.so
7f98dcee3000-7f98dcee4000 rw-p 00005000 00:42 3299053670314              /data/tfang/conda-envs/nf-training/lib/libmanagement_ext.so
7f98dcee4000-7f98dcee5000 rw-p 00008000 00:42 3299053670314              /data/tfang/conda-envs/nf-training/lib/libmanagement_ext.so
7f98dcee5000-7f98dcee9000 r-xp 00000000 00:42 3299053670313              /data/tfang/conda-envs/nf-training/lib/libmanagement.so
7f98dcee9000-7f98dd0e8000 ---p 00004000 00:42 3299053670313              /data/tfang/conda-envs/nf-training/lib/libmanagement.so
7f98dd0e8000-7f98dd0e9000 rw-p 00003000 00:42 3299053670313              /data/tfang/conda-envs/nf-training/lib/libmanagement.so
7f98dd0e9000-7f98dd0eb000 rw-p 00007000 00:42 3299053670313              /data/tfang/conda-envs/nf-training/lib/libmanagement.so
7f98dd0eb000-7f98dd2eb000 rw-p 00000000 00:00 0 
7f98dd2eb000-7f98dd4eb000 rw-p 00000000 00:00 0 
7f98dd4eb000-7f98dd6eb000 rw-p 00000000 00:00 0 
7f98dd6eb000-7f98dd8eb000 rw-p 00000000 00:00 0 
7f98dd8eb000-7f98ddaeb000 rw-p 00000000 00:00 0 
7f98ddaeb000-7f98ddcd7000 rw-p 00000000 00:00 0 
7f98ddcd7000-7f98ddceb000 ---p 00000000 00:00 0 
7f98ddceb000-7f98ddeeb000 rw-p 00000000 00:00 0 
7f98ddeeb000-7f98de0eb000 rw-p 00000000 00:00 0 
7f98de0eb000-7f98de2eb000 rw-p 00000000 00:00 0 
7f98de2eb000-7f98de4eb000 rw-p 00000000 00:00 0 
7f98de4eb000-7f98de6eb000 rw-p 00000000 00:00 0 
7f98de6eb000-7f98de701000 r-xp 00000000 00:42 3299053670325              /data/tfang/conda-envs/nf-training/lib/libnet.so
7f98de701000-7f98de901000 ---p 00016000 00:42 3299053670325              /data/tfang/conda-envs/nf-training/lib/libnet.so
7f98de901000-7f98de902000 rw-p 00016000 00:42 3299053670325              /data/tfang/conda-envs/nf-training/lib/libnet.so
7f98de902000-7f98de904000 rw-p 0001c000 00:42 3299053670325              /data/tfang/conda-envs/nf-training/lib/libnet.so
7f98de904000-7f98de914000 r-xp 00000000 00:42 3299053670324              /data/tfang/conda-envs/nf-training/lib/libnio.so
7f98de914000-7f98deb13000 ---p 00010000 00:42 3299053670324              /data/tfang/conda-envs/nf-training/lib/libnio.so
7f98deb13000-7f98deb14000 rw-p 0000f000 00:42 3299053670324              /data/tfang/conda-envs/nf-training/lib/libnio.so
7f98deb14000-7f98deb17000 rw-p 00016000 00:42 3299053670324              /data/tfang/conda-envs/nf-training/lib/libnio.so
7f98deb17000-7f98deb18000 ---p 00000000 00:00 0 
7f98deb18000-7f98dec19000 rw-p 00000000 00:00 0 
7f98dec19000-7f98dec1d000 ---p 00000000 00:00 0 
7f98dec1d000-7f98ded1a000 rw-p 00000000 00:00 0 
7f98ded1a000-7f98ded1e000 ---p 00000000 00:00 0 
7f98ded1e000-7f98dee1b000 rw-p 00000000 00:00 0 
7f98dee1b000-7f98dee1f000 ---p 00000000 00:00 0 
7f98dee1f000-7f98def1c000 rw-p 00000000 00:00 0 
7f98def1c000-7f98def20000 ---p 00000000 00:00 0 
7f98def20000-7f98df01d000 rw-p 00000000 00:00 0 
7f98df01d000-7f98df021000 ---p 00000000 00:00 0 
7f98df021000-7f98df11e000 rw-p 00000000 00:00 0 
7f98df11e000-7f98df122000 ---p 00000000 00:00 0 
7f98df122000-7f98df21f000 rw-p 00000000 00:00 0 
7f98df21f000-7f98df392000 r--p 00000000 fc:01 14113                      /usr/lib/locale/C.UTF-8/LC_COLLATE
7f98df392000-7f98dfbdc000 r--p 00000000 fc:01 2360                       /usr/lib/locale/locale-archive
7f98dfbdc000-7f98dfbe0000 ---p 00000000 00:00 0 
7f98dfbe0000-7f98dfcdd000 rw-p 00000000 00:00 0 
7f98dfcdd000-7f98dfce1000 ---p 00000000 00:00 0 
7f98dfce1000-7f98dfdde000 rw-p 00000000 00:00 0 
7f98dfdde000-7f98dfddf000 ---p 00000000 00:00 0 
7f98dfddf000-7f98e0828000 rw-p 00000000 00:00 0 
7f98e0828000-7f98e098b000 ---p 00000000 00:00 0 
7f98e098b000-7f98e0bfb000 rwxp 00000000 00:00 0 
7f98e0bfb000-7f98e0f1a000 ---p 00000000 00:00 0 
7f98e0f1a000-7f98e189a000 rwxp 00000000 00:00 0 
7f98e189a000-7f98e8452000 ---p 00000000 00:00 0 
7f98e8452000-7f98e86c2000 rwxp 00000000 00:00 0 
7f98e86c2000-7f98ef98b000 ---p 00000000 00:00 0 
7f98ef98b000-7f98f8000000 r--s 00000000 00:42 3299053670391              /data/tfang/conda-envs/nf-training/lib/modules
7f98f8000000-7f98f91bc000 rw-p 00000000 00:00 0 
7f98f91bc000-7f98fc000000 ---p 00000000 00:00 0 
7f98fc000000-7f98fc061000 rw-p 00000000 00:00 0 
7f98fc061000-7f98fc065000 ---p 00000000 00:00 0 
7f98fc065000-7f98fc0be000 rw-p 00000000 00:00 0 
7f98fc0be000-7f98fc0f0000 r--p 00000000 fc:01 14115                      /usr/lib/locale/C.UTF-8/LC_CTYPE
7f98fc0f0000-7f98fc0f1000 r--p 00000000 fc:01 17887                      /usr/lib/locale/C.UTF-8/LC_NUMERIC
7f98fc0f1000-7f98fc0f2000 r--p 00000000 fc:01 18119                      /usr/lib/locale/C.UTF-8/LC_TIME
7f98fc0f2000-7f98fc29a000 rw-p 00000000 00:00 0 
7f98fc29a000-7f98fc34b000 ---p 00000000 00:00 0 
7f98fc34b000-7f98fc493000 rw-p 00000000 00:00 0 
7f98fc493000-7f98fc5f6000 ---p 00000000 00:00 0 
7f98fc5f6000-7f98fc5fc000 rw-p 00000000 00:00 0 
7f98fc5fc000-7f98fc6e2000 ---p 00000000 00:00 0 
7f98fc6e2000-7f98fc6f5000 rw-p 00000000 00:00 0 
7f98fc6f5000-7f98fc7cd000 ---p 00000000 00:00 0 
7f98fc7cd000-7f98fc7d2000 rw-p 00000000 00:00 0 
7f98fc7d2000-7f98fc7d9000 ---p 00000000 00:00 0 
7f98fc7d9000-7f98fc7f3000 r-xp 00000000 00:42 3299053670326              /data/tfang/conda-envs/nf-training/lib/libjimage.so
7f98fc7f3000-7f98fc9f2000 ---p 0001a000 00:42 3299053670326              /data/tfang/conda-envs/nf-training/lib/libjimage.so
7f98fc9f2000-7f98fc9f4000 rw-p 00019000 00:42 3299053670326              /data/tfang/conda-envs/nf-training/lib/libjimage.so
7f98fc9f4000-7f98fca06000 rw-p 00000000 00:00 0 
7f98fca06000-7f98fca07000 rw-p 00022000 00:42 3299053670326              /data/tfang/conda-envs/nf-training/lib/libjimage.so
7f98fca07000-7f98fca0e000 r-xp 00000000 00:42 3299053670315              /data/tfang/conda-envs/nf-training/lib/libzip.so
7f98fca0e000-7f98fcc0d000 ---p 00007000 00:42 3299053670315              /data/tfang/conda-envs/nf-training/lib/libzip.so
7f98fcc0d000-7f98fcc0e000 rw-p 00006000 00:42 3299053670315              /data/tfang/conda-envs/nf-training/lib/libzip.so
7f98fcc0e000-7f98fcc0f000 rw-p 0000a000 00:42 3299053670315              /data/tfang/conda-envs/nf-training/lib/libzip.so
7f98fcc0f000-7f98fd414000 r--s 00000000 fc:01 2322579                    /var/lib/sss/mc/passwd
7f98fd414000-7f98fd41a000 r--p 00000000 fc:01 16782                      /usr/lib/x86_64-linux-gnu/libnss_systemd.so.2
7f98fd41a000-7f98fd440000 r-xp 00006000 fc:01 16782                      /usr/lib/x86_64-linux-gnu/libnss_systemd.so.2
7f98fd440000-7f98fd44c000 r--p 0002c000 fc:01 16782                      /usr/lib/x86_64-linux-gnu/libnss_systemd.so.2
7f98fd44c000-7f98fd44f000 r--p 00037000 fc:01 16782                      /usr/lib/x86_64-linux-gnu/libnss_systemd.so.2
7f98fd44f000-7f98fd450000 rw-p 0003a000 fc:01 16782                      /usr/lib/x86_64-linux-gnu/libnss_systemd.so.2
7f98fd450000-7f98fd453000 r--p 00000000 fc:01 34437                      /usr/lib/x86_64-linux-gnu/libnss_files-2.31.so
7f98fd453000-7f98fd45a000 r-xp 00003000 fc:01 34437                      /usr/lib/x86_64-linux-gnu/libnss_files-2.31.so
7f98fd45a000-7f98fd45c000 r--p 0000a000 fc:01 34437                      /usr/lib/x86_64-linux-gnu/libnss_files-2.31.so
7f98fd45c000-7f98fd45d000 r--p 0000b000 fc:01 34437                      /usr/lib/x86_64-linux-gnu/libnss_files-2.31.so
7f98fd45d000-7f98fd45e000 rw-p 0000c000 fc:01 34437                      /usr/lib/x86_64-linux-gnu/libnss_files-2.31.so
7f98fd45e000-7f98fd464000 rw-p 00000000 00:00 0 
7f98fd464000-7f98fd465000 r--p 00000000 fc:01 17885                      /usr/lib/locale/C.UTF-8/LC_MONETARY
7f98fd465000-7f98fd466000 r--p 00000000 fc:01 14118                      /usr/lib/locale/C.UTF-8/LC_MESSAGES/SYS_LC_MESSAGES
7f98fd466000-7f98fd467000 r--p 00000000 fc:01 18117                      /usr/lib/locale/C.UTF-8/LC_PAPER
7f98fd467000-7f98fd46e000 r--s 00000000 fc:01 34696                      /usr/lib/x86_64-linux-gnu/gconv/gconv-modules.cache
7f98fd46e000-7f98fd476000 rw-s 00000000 fc:01 816113                     /tmp/hsperfdata_tfang/1753286
7f98fd476000-7f98fd4a1000 r-xp 00000000 00:42 3299053670328              /data/tfang/conda-envs/nf-training/lib/libjava.so
7f98fd4a1000-7f98fd6a1000 ---p 0002b000 00:42 3299053670328              /data/tfang/conda-envs/nf-training/lib/libjava.so
7f98fd6a1000-7f98fd6a3000 rw-p 0002b000 00:42 3299053670328              /data/tfang/conda-envs/nf-training/lib/libjava.so
7f98fd6a3000-7f98fd6a7000 rw-p 00038000 00:42 3299053670328              /data/tfang/conda-envs/nf-training/lib/libjava.so
7f98fd6a7000-7f98fd6b4000 r-xp 00000000 00:42 3299053670320              /data/tfang/conda-envs/nf-training/lib/libverify.so
7f98fd6b4000-7f98fd8b3000 ---p 0000d000 00:42 3299053670320              /data/tfang/conda-envs/nf-training/lib/libverify.so
7f98fd8b3000-7f98fd8b5000 rw-p 0000c000 00:42 3299053670320              /data/tfang/conda-envs/nf-training/lib/libverify.so
7f98fd8b5000-7f98fd8b6000 rw-p 00010000 00:42 3299053670320              /data/tfang/conda-envs/nf-training/lib/libverify.so
7f98fd8b6000-7f98fd8b8000 r--p 00000000 fc:01 34444                      /usr/lib/x86_64-linux-gnu/librt-2.31.so
7f98fd8b8000-7f98fd8bc000 r-xp 00002000 fc:01 34444                      /usr/lib/x86_64-linux-gnu/librt-2.31.so
7f98fd8bc000-7f98fd8be000 r--p 00006000 fc:01 34444                      /usr/lib/x86_64-linux-gnu/librt-2.31.so
7f98fd8be000-7f98fd8bf000 r--p 00007000 fc:01 34444                      /usr/lib/x86_64-linux-gnu/librt-2.31.so
7f98fd8bf000-7f98fd8c0000 rw-p 00008000 fc:01 34444                      /usr/lib/x86_64-linux-gnu/librt-2.31.so
7f98fd8c0000-7f98fd8c4000 ---p 00000000 00:00 0 
7f98fd8c4000-7f98fd9c1000 rw-p 00000000 00:00 0 
7f98fd9c1000-7f98fd9ce000 r--p 00000000 fc:01 34431                      /usr/lib/x86_64-linux-gnu/libm-2.31.so
7f98fd9ce000-7f98fda75000 r-xp 0000d000 fc:01 34431                      /usr/lib/x86_64-linux-gnu/libm-2.31.so
7f98fda75000-7f98fdb0e000 r--p 000b4000 fc:01 34431                      /usr/lib/x86_64-linux-gnu/libm-2.31.so
7f98fdb0e000-7f98fdb0f000 r--p 0014c000 fc:01 34431                      /usr/lib/x86_64-linux-gnu/libm-2.31.so
7f98fdb0f000-7f98fdb10000 rw-p 0014d000 fc:01 34431                      /usr/lib/x86_64-linux-gnu/libm-2.31.so
7f98fdb10000-7f98fec8a000 r-xp 00000000 00:42 3299053670339              /data/tfang/conda-envs/nf-training/lib/server/libjvm.so
7f98fec8a000-7f98fee89000 ---p 0117a000 00:42 3299053670339              /data/tfang/conda-envs/nf-training/lib/server/libjvm.so
7f98fee89000-7f98fef69000 r--p 01179000 00:42 3299053670339              /data/tfang/conda-envs/nf-training/lib/server/libjvm.so
7f98fef69000-7f98fefa3000 rw-p 01259000 00:42 3299053670339              /data/tfang/conda-envs/nf-training/lib/server/libjvm.so
7f98fefa3000-7f98ff00e000 rw-p 00000000 00:00 0 
7f98ff00e000-7f98ff011000 rw-p 01641000 00:42 3299053670339              /data/tfang/conda-envs/nf-training/lib/server/libjvm.so
7f98ff011000-7f98ff013000 rw-p 00000000 00:00 0 
7f98ff013000-7f98ff035000 r--p 00000000 fc:01 34429                      /usr/lib/x86_64-linux-gnu/libc-2.31.so
7f98ff035000-7f98ff1ad000 r-xp 00022000 fc:01 34429                      /usr/lib/x86_64-linux-gnu/libc-2.31.so
7f98ff1ad000-7f98ff1fb000 r--p 0019a000 fc:01 34429                      /usr/lib/x86_64-linux-gnu/libc-2.31.so
7f98ff1fb000-7f98ff1ff000 r--p 001e7000 fc:01 34429                      /usr/lib/x86_64-linux-gnu/libc-2.31.so
7f98ff1ff000-7f98ff201000 rw-p 001eb000 fc:01 34429                      /usr/lib/x86_64-linux-gnu/libc-2.31.so
7f98ff201000-7f98ff205000 rw-p 00000000 00:00 0 
7f98ff205000-7f98ff206000 r--p 00000000 fc:01 34430                      /usr/lib/x86_64-linux-gnu/libdl-2.31.so
7f98ff206000-7f98ff208000 r-xp 00001000 fc:01 34430                      /usr/lib/x86_64-linux-gnu/libdl-2.31.so
7f98ff208000-7f98ff209000 r--p 00003000 fc:01 34430                      /usr/lib/x86_64-linux-gnu/libdl-2.31.so
7f98ff209000-7f98ff20a000 r--p 00003000 fc:01 34430                      /usr/lib/x86_64-linux-gnu/libdl-2.31.so
7f98ff20a000-7f98ff20b000 rw-p 00004000 fc:01 34430                      /usr/lib/x86_64-linux-gnu/libdl-2.31.so
7f98ff20b000-7f98ff21a000 r-xp 00000000 00:42 3299053670321              /data/tfang/conda-envs/nf-training/lib/libjli.so
7f98ff21a000-7f98ff41a000 ---p 0000f000 00:42 3299053670321              /data/tfang/conda-envs/nf-training/lib/libjli.so
7f98ff41a000-7f98ff41b000 rw-p 0000f000 00:42 3299053670321              /data/tfang/conda-envs/nf-training/lib/libjli.so
7f98ff41b000-7f98ff41c000 rw-p 00013000 00:42 3299053670321              /data/tfang/conda-envs/nf-training/lib/libjli.so
7f98ff41c000-7f98ff422000 r--p 00000000 fc:01 34442                      /usr/lib/x86_64-linux-gnu/libpthread-2.31.so
7f98ff422000-7f98ff433000 r-xp 00006000 fc:01 34442                      /usr/lib/x86_64-linux-gnu/libpthread-2.31.so
7f98ff433000-7f98ff439000 r--p 00017000 fc:01 34442                      /usr/lib/x86_64-linux-gnu/libpthread-2.31.so
7f98ff439000-7f98ff43a000 r--p 0001c000 fc:01 34442                      /usr/lib/x86_64-linux-gnu/libpthread-2.31.so
7f98ff43a000-7f98ff43b000 rw-p 0001d000 fc:01 34442                      /usr/lib/x86_64-linux-gnu/libpthread-2.31.so
7f98ff43b000-7f98ff43f000 rw-p 00000000 00:00 0 
7f98ff43f000-7f98ff440000 r--p 00000000 fc:01 17886                      /usr/lib/locale/C.UTF-8/LC_NAME
7f98ff440000-7f98ff441000 r--p 00000000 fc:01 14057                      /usr/lib/locale/C.UTF-8/LC_ADDRESS
7f98ff441000-7f98ff442000 r--p 00000000 fc:01 18118                      /usr/lib/locale/C.UTF-8/LC_TELEPHONE
7f98ff442000-7f98ff443000 r--p 00000000 fc:01 14117                      /usr/lib/locale/C.UTF-8/LC_MEASUREMENT
7f98ff443000-7f98ff445000 r--p 00000000 fc:01 6566                       /usr/lib/x86_64-linux-gnu/libnss_sss.so.2
7f98ff445000-7f98ff44b000 r-xp 00002000 fc:01 6566                       /usr/lib/x86_64-linux-gnu/libnss_sss.so.2
7f98ff44b000-7f98ff44d000 r--p 00008000 fc:01 6566                       /usr/lib/x86_64-linux-gnu/libnss_sss.so.2
7f98ff44d000-7f98ff44e000 r--p 00009000 fc:01 6566                       /usr/lib/x86_64-linux-gnu/libnss_sss.so.2
7f98ff44e000-7f98ff44f000 rw-p 0000a000 fc:01 6566                       /usr/lib/x86_64-linux-gnu/libnss_sss.so.2
7f98ff44f000-7f98ff450000 ---p 00000000 00:00 0 
7f98ff450000-7f98ff451000 r--p 00000000 00:00 0 
7f98ff451000-7f98ff454000 r--p 00000000 00:42 3299049661293              /data/tfang/conda-envs/nf-training/lib/libz.so.1.2.13
7f98ff454000-7f98ff463000 r-xp 00003000 00:42 3299049661293              /data/tfang/conda-envs/nf-training/lib/libz.so.1.2.13
7f98ff463000-7f98ff46a000 r--p 00012000 00:42 3299049661293              /data/tfang/conda-envs/nf-training/lib/libz.so.1.2.13
7f98ff46a000-7f98ff46b000 r--p 00018000 00:42 3299049661293              /data/tfang/conda-envs/nf-training/lib/libz.so.1.2.13
7f98ff46b000-7f98ff46c000 rw-p 00019000 00:42 3299049661293              /data/tfang/conda-envs/nf-training/lib/libz.so.1.2.13
7f98ff46c000-7f98ff46e000 rw-p 00000000 00:00 0 
7f98ff46e000-7f98ff46f000 r--p 00000000 fc:01 34425                      /usr/lib/x86_64-linux-gnu/ld-2.31.so
7f98ff46f000-7f98ff492000 r-xp 00001000 fc:01 34425                      /usr/lib/x86_64-linux-gnu/ld-2.31.so
7f98ff492000-7f98ff49a000 r--p 00024000 fc:01 34425                      /usr/lib/x86_64-linux-gnu/ld-2.31.so
7f98ff49a000-7f98ff49b000 r--p 00000000 fc:01 14116                      /usr/lib/locale/C.UTF-8/LC_IDENTIFICATION
7f98ff49b000-7f98ff49c000 r--p 0002c000 fc:01 34425                      /usr/lib/x86_64-linux-gnu/ld-2.31.so
7f98ff49c000-7f98ff49d000 rw-p 0002d000 fc:01 34425                      /usr/lib/x86_64-linux-gnu/ld-2.31.so
7f98ff49d000-7f98ff49e000 rw-p 00000000 00:00 0 
7ffeb7ce8000-7ffeb7d0c000 rw-p 00000000 00:00 0                          [stack]
7ffeb7d29000-7ffeb7d2d000 r--p 00000000 00:00 0                          [vvar]
7ffeb7d2d000-7ffeb7d2f000 r-xp 00000000 00:00 0                          [vdso]
ffffffffff600000-ffffffffff601000 --xp 00000000 00:00 0                  [vsyscall]


VM Arguments:
jvm_args: --add-opens=java.base/java.lang=ALL-UNNAMED --add-opens=java.base/java.io=ALL-UNNAMED --add-opens=java.base/java.nio=ALL-UNNAMED --add-opens=java.base/java.net=ALL-UNNAMED --add-opens=java.base/java.util=ALL-UNNAMED --add-opens=java.base/java.util.concurrent.locks=ALL-UNNAMED --add-opens=java.base/java.util.concurrent.atomic=ALL-UNNAMED --add-opens=java.base/java.nio.file.spi=ALL-UNNAMED --add-opens=java.base/sun.nio.ch=ALL-UNNAMED --add-opens=java.base/sun.nio.fs=ALL-UNNAMED --add-opens=java.base/sun.net.www.protocol.http=ALL-UNNAMED --add-opens=java.base/sun.net.www.protocol.https=ALL-UNNAMED --add-opens=java.base/sun.net.www.protocol.ftp=ALL-UNNAMED --add-opens=java.base/sun.net.www.protocol.file=ALL-UNNAMED --add-opens=java.base/jdk.internal.misc=ALL-UNNAMED --add-opens=java.base/java.util.regex=ALL-UNNAMED -Djava.io.tmpdir=/sctmp/tfang -Djava.library.path=/cluster/22-05-9-1/munge-0.5.15/lib:/cluster/22-05-9-1/slurm-22-05-9-1/lib:/cluster/22-05-9-1/pmix-4.2.3/lib:/cluster/22-05-9-1/libevent-2.1.12/lib:/usr/java/packages/lib:/usr/lib64:/lib64:/lib:/usr/lib -Dfile.encoding=UTF-8 -Dcapsule.app=nextflow_23.04.1 -Djava.awt.headless=true -Dcapsule.jar=/data/tfang/conda-envs/nf-training/share/nextflow/dist/23.04.1/nextflow-23.04.1-one.jar -Dcom.sun.security.enableAIAcaIssuers=true 
java_command: nextflow.cli.Launcher run RawFastaFilesAndMetaData_workflow.nf -entry RawFastaFilesAndMetaData_workflow -c nextflow.config -profile slurm -resume
java_class_path (initial): /data/tfang/conda-envs/nf-training/share/nextflow/dist/23.04.1/nextflow-23.04.1-one.jar:/data/tfang/conda-envs/nf-training/share/nextflow/capsule/deps/io/nextflow/nextflow/23.04.1/nextflow-23.04.1.jar:/data/tfang/conda-envs/nf-training/share/nextflow/capsule/deps/org/apache/ivy/ivy/2.5.1/ivy-2.5.1.jar:/data/tfang/conda-envs/nf-training/share/nextflow/capsule/deps/io/nextflow/nf-httpfs/23.04.1/nf-httpfs-23.04.1.jar:/data/tfang/conda-envs/nf-training/share/nextflow/capsule/deps/io/nextflow/nf-commons/23.04.1/nf-commons-23.04.1.jar:/data/tfang/conda-envs/nf-training/share/nextflow/capsule/deps/org/codehaus/groovy/groovy-nio/3.0.16/groovy-nio-3.0.16.jar:/data/tfang/conda-envs/nf-training/share/nextflow/capsule/deps/org/codehaus/groovy/groovy-templates/3.0.16/groovy-templates-3.0.16.jar:/data/tfang/conda-envs/nf-training/share/nextflow/capsule/deps/org/codehaus/groovy/groovy-xml/3.0.16/groovy-xml-3.0.16.jar:/data/tfang/conda-envs/nf-training/share/nextflow/capsule/deps/org/codehaus/groovy/groovy-json/3.0.16/groovy-json-3.0.16.jar:/data/tfang/conda-envs/nf-training/share/nextflow/capsule/deps/org/codehaus/groovy/groovy/3.0.16/groovy-3.0.16.jar:/data/tfang/conda-envs/nf-training/share/nextflow/capsule/deps/org/slf4j/jcl-over-slf4j/1.7.36/jcl-over-slf4j-1.7.36.jar:/data/tfang/conda-envs/nf-training/share/nextflow/capsule/deps/org/slf4j/jul-to-slf4j/1.7.36/jul-to-slf4j-1.7.36.jar:/data/tfang/conda-envs/nf-training/share/nextflow/capsule/deps/org/slf4j/log4j-over-slf4j/1.7.36/log4j-over-slf4j-1.7.36.jar:/data/tfang/conda-envs/nf-training/share/nextflow/capsule/deps/ch/qos/logback/logback-classic/1.2.11/logback-classic-1.2.11.jar:/data/tfang/conda-envs/nf-training/share/nextflow/capsule/deps/ch/qos/logback/logback-core/1.2.11/logback-core-1.2.11.jar:/data/tfang/conda-envs/nf-training/share/nextflow/capsule/deps/org/codehaus/gpars/gpars/1.2.1/gpars-1.2.1.jar:/data/tfang/conda-envs/nf-training/share/nextflow/capsule/deps/ch/artecat/grengine/grengine/
Launcher Type: SUN_STANDARD


[error occurred during error reporting (printing flags), id 0xe0000001, Out of Memory Error (/export/home/tester/jenkins/workspace/zulu11-build-linux64/zulu-src/src/hotspot/share/memory/allocation.cpp:46)]

Logging:
Log output configuration:
 #0: stdout all=warning uptime,level,tags
 #1: stderr all=off uptime,level,tags

Environment Variables:
JAVA_HOME=/data/tfang/conda-envs/nf-training
PATH=/data/tfang/conda-envs/nf-training/bin:/apps/opt/spack/linux-ubuntu20.04-x86_64/gcc-9.3.0/anaconda3-2022.10-4zvvyfdmb3tw45xdxcy7vcuhn5nw2s3i/condabin:/cluster/22-05-9-1/slurm-22-05-9-1/bin:/cluster/22-05-9-1/slurm-22-05-9-1/sbin:/usr/local/sbin:/usr/local/bin:/usr/sbin:/usr/bin:/sbin:/bin:/usr/games:/usr/local/games:/snap/bin:/var/cfengine/bin:/usr/local/go/bin
LD_LIBRARY_PATH=/cluster/22-05-9-1/munge-0.5.15/lib:/cluster/22-05-9-1/slurm-22-05-9-1/lib:/cluster/22-05-9-1/pmix-4.2.3/lib:/cluster/22-05-9-1/libevent-2.1.12/lib
SHELL=/usr/bin/bash

Signal Handlers:
SIGSEGV: [libjvm.so+0xe35970], sa_mask[0]=11111111011111111101111111111110, sa_flags=SA_RESTART|SA_SIGINFO
SIGBUS: [libjvm.so+0xe35970], sa_mask[0]=11111111011111111101111111111110, sa_flags=SA_RESTART|SA_SIGINFO
SIGFPE: [libjvm.so+0xe35970], sa_mask[0]=11111111011111111101111111111110, sa_flags=SA_RESTART|SA_SIGINFO
SIGPIPE: [libjvm.so+0xc2d970], sa_mask[0]=11111111011111111101111111111110, sa_flags=SA_RESTART|SA_SIGINFO
SIGXFSZ: [libjvm.so+0xc2d970], sa_mask[0]=11111111011111111101111111111110, sa_flags=SA_RESTART|SA_SIGINFO
SIGILL: [libjvm.so+0xe35970], sa_mask[0]=11111111011111111101111111111110, sa_flags=SA_RESTART|SA_SIGINFO
SIGUSR2: [libjvm.so+0xc2dc60], sa_mask[0]=00000000000000000000000000000000, sa_flags=SA_RESTART|SA_SIGINFO
SIGHUP: [libjvm.so+0xc2ddc0], sa_mask[0]=11111111011111111101111111111110, sa_flags=SA_RESTART|SA_SIGINFO
SIGINT: [libjvm.so+0xc2ddc0], sa_mask[0]=11111111011111111101111111111110, sa_flags=SA_RESTART|SA_SIGINFO
SIGTERM: [libjvm.so+0xc2ddc0], sa_mask[0]=11111111011111111101111111111110, sa_flags=SA_RESTART|SA_SIGINFO
SIGQUIT: [libjvm.so+0xc2ddc0], sa_mask[0]=11111111011111111101111111111110, sa_flags=SA_RESTART|SA_SIGINFO


---------------  S Y S T E M  ---------------

OS:DISTRIB_ID=Ubuntu
DISTRIB_RELEASE=20.04
DISTRIB_CODENAME=focal
DISTRIB_DESCRIPTION="Ubuntu 20.04.6 LTS"
uname:Linux 5.15.0-83-generic #92~20.04.1-Ubuntu SMP Mon Aug 21 14:00:49 UTC 2023 x86_64
libc:glibc 2.31 NPTL 2.31 
rlimit: STACK 8192k, CORE 0k, NPROC 256, NOFILE 1048576, AS 4194304k, DATA infinity, FSIZE infinity
load average:0.11 0.15 0.13

/proc/meminfo:
MemTotal:       64293460 kB
MemFree:        48366832 kB
MemAvailable:   60138316 kB
Buffers:          397576 kB
Cached:         11057316 kB
SwapCached:            0 kB
Active:          1709260 kB
Inactive:       12622444 kB
Active(anon):       1756 kB
Inactive(anon):  2884784 kB
Active(file):    1707504 kB
Inactive(file):  9737660 kB
Unevictable:       18480 kB
Mlocked:           18480 kB
SwapTotal:             0 kB
SwapFree:              0 kB
Dirty:               136 kB
Writeback:             0 kB
AnonPages:       2895528 kB
Mapped:           670312 kB
Shmem:              1644 kB
KReclaimable:    1039928 kB
Slab:            1276512 kB
SReclaimable:    1039928 kB
SUnreclaim:       236584 kB
KernelStack:        9328 kB
PageTables:        70136 kB
NFS_Unstable:          0 kB
Bounce:                0 kB
WritebackTmp:          0 kB
CommitLimit:    32146728 kB
Committed_AS:    3936640 kB
VmallocTotal:   34359738367 kB
VmallocUsed:       46312 kB
VmallocChunk:          0 kB
Percpu:            53440 kB
HardwareCorrupted:     0 kB
AnonHugePages:         0 kB
ShmemHugePages:        0 kB
ShmemPmdMapped:        0 kB
FileHugePages:         0 kB
FilePmdMapped:         0 kB
HugePages_Total:       0
HugePages_Free:        0
HugePages_Rsvd:        0
HugePages_Surp:        0
Hugepagesize:       2048 kB
Hugetlb:               0 kB
DirectMap4k:     1238908 kB
DirectMap2M:    44374016 kB
DirectMap1G:    19922944 kB


/proc/sys/kernel/threads-max (system-wide limit on the number of threads):
500961


/proc/sys/vm/max_map_count (maximum number of memory map areas a process may have):
65530


/proc/sys/kernel/pid_max (system-wide limit on number of process identifiers):
4194304


container (cgroup) information:
container_type: cgroupv1
cpu_cpuset_cpus: failed
cpu_memory_nodes: failed
active_processor_count: 16
cpu_quota: -2
cpu_period: -2
cpu_shares: -2
memory_limit_in_bytes: -2
memory_and_swap_limit_in_bytes: -2
memory_soft_limit_in_bytes: -2
memory_usage_in_bytes: -2
memory_max_usage_in_bytes: -2


CPU:total 16 (initial active 1) (1 cores per cpu, 1 threads per core) family 23 model 49 stepping 0, cmov, cx8, fxsr, mmx, sse, sse2, sse3, ssse3, sse4.1, sse4.2, popcnt, avx, avx2, aes, clmul, mmxext, 3dnowpref, lzcnt, sse4a, tsc, bmi1, bmi2, adx, fma

/proc/cpuinfo:
processor	: 0
vendor_id	: AuthenticAMD
cpu family	: 23
model		: 49
model name	: AMD EPYC 7702 64-Core Processor
stepping	: 0
microcode	: 0x1000065
cpu MHz		: 1996.250
cache size	: 512 KB
physical id	: 0
siblings	: 1
core id		: 0
cpu cores	: 1
apicid		: 0
initial apicid	: 0
fpu		: yes
fpu_exception	: yes
cpuid level	: 13
wp		: yes
flags		: fpu vme de pse tsc msr pae mce cx8 apic sep mtrr pge mca cmov pat pse36 clflush mmx fxsr sse sse2 syscall nx mmxext fxsr_opt pdpe1gb rdtscp lm rep_good nopl cpuid extd_apicid tsc_known_freq pni pclmulqdq ssse3 fma cx16 sse4_1 sse4_2 x2apic movbe popcnt tsc_deadline_timer aes xsave avx f16c rdrand hypervisor lahf_lm cmp_legacy svm cr8_legacy abm sse4a misalignsse 3dnowprefetch osvw ssbd ibrs ibpb vmmcall fsgsbase tsc_adjust bmi1 avx2 smep bmi2 rdseed adx smap clflushopt clwb xsaveopt xsavec xgetbv1 arat npt nrip_save
bugs		: fxsave_leak sysret_ss_attrs null_seg spectre_v1 spectre_v2 spec_store_bypass retbleed smt_rsb
bogomips	: 3992.50
TLB size	: 1024 4K pages
clflush size	: 64
cache_alignment	: 64
address sizes	: 40 bits physical, 48 bits virtual
power management:

processor	: 1
vendor_id	: AuthenticAMD
cpu family	: 23
model		: 49
model name	: AMD EPYC 7702 64-Core Processor
stepping	: 0
microcode	: 0x1000065
cpu MHz		: 1996.250
cache size	: 512 KB
physical id	: 1
siblings	: 1
core id		: 0
cpu cores	: 1
apicid		: 1
initial apicid	: 1
fpu		: yes
fpu_exception	: yes
cpuid level	: 13
wp		: yes
flags		: fpu vme de pse tsc msr pae mce cx8 apic sep mtrr pge mca cmov pat pse36 clflush mmx fxsr sse sse2 syscall nx mmxext fxsr_opt pdpe1gb rdtscp lm rep_good nopl cpuid extd_apicid tsc_known_freq pni pclmulqdq ssse3 fma cx16 sse4_1 sse4_2 x2apic movbe popcnt tsc_deadline_timer aes xsave avx f16c rdrand hypervisor lahf_lm cmp_legacy svm cr8_legacy abm sse4a misalignsse 3dnowprefetch osvw ssbd ibrs ibpb vmmcall fsgsbase tsc_adjust bmi1 avx2 smep bmi2 rdseed adx smap clflushopt clwb xsaveopt xsavec xgetbv1 arat npt nrip_save
bugs		: fxsave_leak sysret_ss_attrs null_seg spectre_v1 spectre_v2 spec_store_bypass retbleed smt_rsb
bogomips	: 3992.50
TLB size	: 1024 4K pages
clflush size	: 64
cache_alignment	: 64
address sizes	: 40 bits physical, 48 bits virtual
power management:

processor	: 2
vendor_id	: AuthenticAMD
cpu family	: 23
model		: 49
model name	: AMD EPYC 7702 64-Core Processor
stepping	: 0
microcode	: 0x1000065
cpu MHz		: 1996.250
cache size	: 512 KB
physical id	: 2
siblings	: 1
core id		: 0
cpu cores	: 1
apicid		: 2
initial apicid	: 2
fpu		: yes
fpu_exception	: yes
cpuid level	: 13
wp		: yes
flags		: fpu vme de pse tsc msr pae mce cx8 apic sep mtrr pge mca cmov pat pse36 clflush mmx fxsr sse sse2 syscall nx mmxext fxsr_opt pdpe1gb rdtscp lm rep_good nopl cpuid extd_apicid tsc_known_freq pni pclmulqdq ssse3 fma cx16 sse4_1 sse4_2 x2apic movbe popcnt tsc_deadline_timer aes xsave avx f16c rdrand hypervisor lahf_lm cmp_legacy svm cr8_legacy abm sse4a misalignsse 3dnowprefetch osvw ssbd ibrs ibpb vmmcall fsgsbase tsc_adjust bmi1 avx2 smep bmi2 rdseed adx smap clflushopt clwb xsaveopt xsavec xgetbv1 arat npt nrip_save
bugs		: fxsave_leak sysret_ss_attrs null_seg spectre_v1 spectre_v2 spec_store_bypass retbleed smt_rsb
bogomips	: 3992.50
TLB size	: 1024 4K pages
clflush size	: 64
cache_alignment	: 64
address sizes	: 40 bits physical, 48 bits virtual
power management:

processor	: 3
vendor_id	: AuthenticAMD
cpu family	: 23
model		: 49
model name	: AMD EPYC 7702 64-Core Processor
stepping	: 0
microcode	: 0x1000065
cpu MHz		: 1996.250
cache size	: 512 KB
physical id	: 3
siblings	: 1
core id		: 0
cpu cores	: 1
apicid		: 3
initial apicid	: 3
fpu		: yes
fpu_exception	: yes
cpuid level	: 13
wp		: yes
flags		: fpu vme de pse tsc msr pae mce cx8 apic sep mtrr pge mca cmov pat pse36 clflush mmx fxsr sse sse2 syscall nx mmxext fxsr_opt pdpe1gb rdtscp lm rep_good nopl cpuid extd_apicid tsc_known_freq pni pclmulqdq ssse3 fma cx16 sse4_1 sse4_2 x2apic movbe popcnt tsc_deadline_timer aes xsave avx f16c rdrand hypervisor lahf_lm cmp_legacy svm cr8_legacy abm sse4a misalignsse 3dnowprefetch osvw ssbd ibrs ibpb vmmcall fsgsbase tsc_adjust bmi1 avx2 smep bmi2 rdseed adx smap clflushopt clwb xsaveopt xsavec xgetbv1 arat npt nrip_save
bugs		: fxsave_leak sysret_ss_attrs null_seg spectre_v1 spectre_v2 spec_store_bypass retbleed smt_rsb
bogomips	: 3992.50
TLB size	: 1024 4K pages
clflush size	: 64
cache_alignment	: 64
address sizes	: 40 bits physical, 48 bits virtual
power management:

processor	: 4
vendor_id	: AuthenticAMD
cpu family	: 23
model		: 49
model name	: AMD EPYC 7702 64-Core Processor
stepping	: 0
microcode	: 0x1000065
cpu MHz		: 1996.250
cache size	: 512 KB
physical id	: 4
siblings	: 1
core id		: 0
cpu cores	: 1
apicid		: 4
initial apicid	: 4
fpu		: yes
fpu_exception	: yes
cpuid level	: 13
wp		: yes
flags		: fpu vme de pse tsc msr pae mce cx8 apic sep mtrr pge mca cmov pat pse36 clflush mmx fxsr sse sse2 syscall nx mmxext fxsr_opt pdpe1gb rdtscp lm rep_good nopl cpuid extd_apicid tsc_known_freq pni pclmulqdq ssse3 fma cx16 sse4_1 sse4_2 x2apic movbe popcnt tsc_deadline_timer aes xsave avx f16c rdrand hypervisor lahf_lm cmp_legacy svm cr8_legacy abm sse4a misalignsse 3dnowprefetch osvw ssbd ibrs ibpb vmmcall fsgsbase tsc_adjust bmi1 avx2 smep bmi2 rdseed adx smap clflushopt clwb xsaveopt xsavec xgetbv1 arat npt nrip_save
bugs		: fxsave_leak sysret_ss_attrs null_seg spectre_v1 spectre_v2 spec_store_bypass retbleed smt_rsb
bogomips	: 3992.50
TLB size	: 1024 4K pages
clflush size	: 64
cache_alignment	: 64
address sizes	: 40 bits physical, 48 bits virtual
power management:

processor	: 5
vendor_id	: AuthenticAMD
cpu family	: 23
model		: 49
model name	: AMD EPYC 7702 64-Core Processor
stepping	: 0
microcode	: 0x1000065
cpu MHz		: 1996.250
cache size	: 512 KB
physical id	: 5
siblings	: 1
core id		: 0
cpu cores	: 1
apicid		: 5
initial apicid	: 5
fpu		: yes
fpu_exception	: yes
cpuid level	: 13
wp		: yes
flags		: fpu vme de pse tsc msr pae mce cx8 apic sep mtrr pge mca cmov pat pse36 clflush mmx fxsr sse sse2 syscall nx mmxext fxsr_opt pdpe1gb rdtscp lm rep_good nopl cpuid extd_apicid tsc_known_freq pni pclmulqdq ssse3 fma cx16 sse4_1 sse4_2 x2apic movbe popcnt tsc_deadline_timer aes xsave avx f16c rdrand hypervisor lahf_lm cmp_legacy svm cr8_legacy abm sse4a misalignsse 3dnowprefetch osvw ssbd ibrs ibpb vmmcall fsgsbase tsc_adjust bmi1 avx2 smep bmi2 rdseed adx smap clflushopt clwb xsaveopt xsavec xgetbv1 arat npt nrip_save
bugs		: fxsave_leak sysret_ss_attrs null_seg spectre_v1 spectre_v2 spec_store_bypass retbleed smt_rsb
bogomips	: 3992.50
TLB size	: 1024 4K pages
clflush size	: 64
cache_alignment	: 64
address sizes	: 40 bits physical, 48 bits virtual
power management:

processor	: 6
vendor_id	: AuthenticAMD
cpu family	: 23
model		: 49
model name	: AMD EPYC 7702 64-Core Processor
stepping	: 0
microcode	: 0x1000065
cpu MHz		: 1996.250
cache size	: 512 KB
physical id	: 6
siblings	: 1
core id		: 0
cpu cores	: 1
apicid		: 6
initial apicid	: 6
fpu		: yes
fpu_exception	: yes
cpuid level	: 13
wp		: yes
flags		: fpu vme de pse tsc msr pae mce cx8 apic sep mtrr pge mca cmov pat pse36 clflush mmx fxsr sse sse2 syscall nx mmxext fxsr_opt pdpe1gb rdtscp lm rep_good nopl cpuid extd_apicid tsc_known_freq pni pclmulqdq ssse3 fma cx16 sse4_1 sse4_2 x2apic movbe popcnt tsc_deadline_timer aes xsave avx f16c rdrand hypervisor lahf_lm cmp_legacy svm cr8_legacy abm sse4a misalignsse 3dnowprefetch osvw ssbd ibrs ibpb vmmcall fsgsbase tsc_adjust bmi1 avx2 smep bmi2 rdseed adx smap clflushopt clwb xsaveopt xsavec xgetbv1 arat npt nrip_save
bugs		: fxsave_leak sysret_ss_attrs null_seg spectre_v1 spectre_v2 spec_store_bypass retbleed smt_rsb
bogomips	: 3992.50
TLB size	: 1024 4K pages
clflush size	: 64
cache_alignment	: 64
address sizes	: 40 bits physical, 48 bits virtual
power management:

processor	: 7
vendor_id	: AuthenticAMD
cpu family	: 23
model		: 49
model name	: AMD EPYC 7702 64-Core Processor
stepping	: 0
microcode	: 0x1000065
cpu MHz		: 1996.250
cache size	: 512 KB
physical id	: 7
siblings	: 1
core id		: 0
cpu cores	: 1
apicid		: 7
initial apicid	: 7
fpu		: yes
fpu_exception	: yes
cpuid level	: 13
wp		: yes
flags		: fpu vme de pse tsc msr pae mce cx8 apic sep mtrr pge mca cmov pat pse36 clflush mmx fxsr sse sse2 syscall nx mmxext fxsr_opt pdpe1gb rdtscp lm rep_good nopl cpuid extd_apicid tsc_known_freq pni pclmulqdq ssse3 fma cx16 sse4_1 sse4_2 x2apic movbe popcnt tsc_deadline_timer aes xsave avx f16c rdrand hypervisor lahf_lm cmp_legacy svm cr8_legacy abm sse4a misalignsse 3dnowprefetch osvw ssbd ibrs ibpb vmmcall fsgsbase tsc_adjust bmi1 avx2 smep bmi2 rdseed adx smap clflushopt clwb xsaveopt xsavec xgetbv1 arat npt nrip_save
bugs		: fxsave_leak sysret_ss_attrs null_seg spectre_v1 spectre_v2 spec_store_bypass retbleed smt_rsb
bogomips	: 3992.50
TLB size	: 1024 4K pages
clflush size	: 64
cache_alignment	: 64
address sizes	: 40 bits physical, 48 bits virtual
power management:

processor	: 8
vendor_id	: AuthenticAMD
cpu family	: 23
model		: 49
model name	: AMD EPYC 7702 64-Core Processor
stepping	: 0
microcode	: 0x1000065
cpu MHz		: 1996.250
cache size	: 512 KB
physical id	: 8
siblings	: 1
core id		: 0
cpu cores	: 1
apicid		: 8
initial apicid	: 8
fpu		: yes
fpu_exception	: yes
cpuid level	: 13
wp		: yes
flags		: fpu vme de pse tsc msr pae mce cx8 apic sep mtrr pge mca cmov pat pse36 clflush mmx fxsr sse sse2 syscall nx mmxext fxsr_opt pdpe1gb rdtscp lm rep_good nopl cpuid extd_apicid tsc_known_freq pni pclmulqdq ssse3 fma cx16 sse4_1 sse4_2 x2apic movbe popcnt tsc_deadline_timer aes xsave avx f16c rdrand hypervisor lahf_lm cmp_legacy svm cr8_legacy abm sse4a misalignsse 3dnowprefetch osvw ssbd ibrs ibpb vmmcall fsgsbase tsc_adjust bmi1 avx2 smep bmi2 rdseed adx smap clflushopt clwb xsaveopt xsavec xgetbv1 arat npt nrip_save
bugs		: fxsave_leak sysret_ss_attrs null_seg spectre_v1 spectre_v2 spec_store_bypass retbleed smt_rsb
bogomips	: 3992.50
TLB size	: 1024 4K pages
clflush size	: 64
cache_alignment	: 64
address sizes	: 40 bits physical, 48 bits virtual
power management:

processor	: 9
vendor_id	: AuthenticAMD
cpu family	: 23
model		: 49
model name	: AMD EPYC 7702 64-Core Processor
stepping	: 0
microcode	: 0x1000065
cpu MHz		: 1996.250
cache size	: 512 KB
physical id	: 9
siblings	: 1
core id		: 0
cpu cores	: 1
apicid		: 9
initial apicid	: 9
fpu		: yes
fpu_exception	: yes
cpuid level	: 13
wp		: yes
flags		: fpu vme de pse tsc msr pae mce cx8 apic sep mtrr pge mca cmov pat pse36 clflush mmx fxsr sse sse2 syscall nx mmxext fxsr_opt pdpe1gb rdtscp lm rep_good nopl cpuid extd_apicid tsc_known_freq pni pclmulqdq ssse3 fma cx16 sse4_1 sse4_2 x2apic movbe popcnt tsc_deadline_timer aes xsave avx f16c rdrand hypervisor lahf_lm cmp_legacy svm cr8_legacy abm sse4a misalignsse 3dnowprefetch osvw ssbd ibrs ibpb vmmcall fsgsbase tsc_adjust bmi1 avx2 smep bmi2 rdseed adx smap clflushopt clwb xsaveopt xsavec xgetbv1 arat npt nrip_save
bugs		: fxsave_leak sysret_ss_attrs null_seg spectre_v1 spectre_v2 spec_store_bypass retbleed smt_rsb
bogomips	: 3992.50
TLB size	: 1024 4K pages
clflush size	: 64
cache_alignment	: 64
address sizes	: 40 bits physical, 48 bits virtual
power management:

processor	: 10
vendor_id	: AuthenticAMD
cpu family	: 23
model		: 49
model name	: AMD EPYC 7702 64-Core Processor
stepping	: 0
microcode	: 0x1000065
cpu MHz		: 1996.250
cache size	: 512 KB
physical id	: 10
siblings	: 1
core id		: 0
cpu cores	: 1
apicid		: 10
initial apicid	: 10
fpu		: yes
fpu_exception	: yes
cpuid level	: 13
wp		: yes
flags		: fpu vme de pse tsc msr pae mce cx8 apic sep mtrr pge mca cmov pat pse36 clflush mmx fxsr sse sse2 syscall nx mmxext fxsr_opt pdpe1gb rdtscp lm rep_good nopl cpuid extd_apicid tsc_known_freq pni pclmulqdq ssse3 fma cx16 sse4_1 sse4_2 x2apic movbe popcnt tsc_deadline_timer aes xsave avx f16c rdrand hypervisor lahf_lm cmp_legacy svm cr8_legacy abm sse4a misalignsse 3dnowprefetch osvw ssbd ibrs ibpb vmmcall fsgsbase tsc_adjust bmi1 avx2 smep bmi2 rdseed adx smap clflushopt clwb xsaveopt xsavec xgetbv1 arat npt nrip_save
bugs		: fxsave_leak sysret_ss_attrs null_seg spectre_v1 spectre_v2 spec_store_bypass retbleed smt_rsb
bogomips	: 3992.50
TLB size	: 1024 4K pages
clflush size	: 64
cache_alignment	: 64
address sizes	: 40 bits physical, 48 bits virtual
power management:

processor	: 11
vendor_id	: AuthenticAMD
cpu family	: 23
model		: 49
model name	: AMD EPYC 7702 64-Core Processor
stepping	: 0
microcode	: 0x1000065
cpu MHz		: 1996.250
cache size	: 512 KB
physical id	: 11
siblings	: 1
core id		: 0
cpu cores	: 1
apicid		: 11
initial apicid	: 11
fpu		: yes
fpu_exception	: yes
cpuid level	: 13
wp		: yes
flags		: fpu vme de pse tsc msr pae mce cx8 apic sep mtrr pge mca cmov pat pse36 clflush mmx fxsr sse sse2 syscall nx mmxext fxsr_opt pdpe1gb rdtscp lm rep_good nopl cpuid extd_apicid tsc_known_freq pni pclmulqdq ssse3 fma cx16 sse4_1 sse4_2 x2apic movbe popcnt tsc_deadline_timer aes xsave avx f16c rdrand hypervisor lahf_lm cmp_legacy svm cr8_legacy abm sse4a misalignsse 3dnowprefetch osvw ssbd ibrs ibpb vmmcall fsgsbase tsc_adjust bmi1 avx2 smep bmi2 rdseed adx smap clflushopt clwb xsaveopt xsavec xgetbv1 arat npt nrip_save
bugs		: fxsave_leak sysret_ss_attrs null_seg spectre_v1 spectre_v2 spec_store_bypass retbleed smt_rsb
bogomips	: 3992.50
TLB size	: 1024 4K pages
clflush size	: 64
cache_alignment	: 64
address sizes	: 40 bits physical, 48 bits virtual
power management:

processor	: 12
vendor_id	: AuthenticAMD
cpu family	: 23
model		: 49
model name	: AMD EPYC 7702 64-Core Processor
stepping	: 0
microcode	: 0x1000065
cpu MHz		: 1996.250
cache size	: 512 KB
physical id	: 12
siblings	: 1
core id		: 0
cpu cores	: 1
apicid		: 12
initial apicid	: 12
fpu		: yes
fpu_exception	: yes
cpuid level	: 13
wp		: yes
flags		: fpu vme de pse tsc msr pae mce cx8 apic sep mtrr pge mca cmov pat pse36 clflush mmx fxsr sse sse2 syscall nx mmxext fxsr_opt pdpe1gb rdtscp lm rep_good nopl cpuid extd_apicid tsc_known_freq pni pclmulqdq ssse3 fma cx16 sse4_1 sse4_2 x2apic movbe popcnt tsc_deadline_timer aes xsave avx f16c rdrand hypervisor lahf_lm cmp_legacy svm cr8_legacy abm sse4a misalignsse 3dnowprefetch osvw ssbd ibrs ibpb vmmcall fsgsbase tsc_adjust bmi1 avx2 smep bmi2 rdseed adx smap clflushopt clwb xsaveopt xsavec xgetbv1 arat npt nrip_save
bugs		: fxsave_leak sysret_ss_attrs null_seg spectre_v1 spectre_v2 spec_store_bypass retbleed smt_rsb
bogomips	: 3992.50
TLB size	: 1024 4K pages
clflush size	: 64
cache_alignment	: 64
address sizes	: 40 bits physical, 48 bits virtual
power management:

processor	: 13
vendor_id	: AuthenticAMD
cpu family	: 23
model		: 49
model name	: AMD EPYC 7702 64-Core Processor
stepping	: 0
microcode	: 0x1000065
cpu MHz		: 1996.250
cache size	: 512 KB
physical id	: 13
siblings	: 1
core id		: 0
cpu cores	: 1
apicid		: 13
initial apicid	: 13
fpu		: yes
fpu_exception	: yes
cpuid level	: 13
wp		: yes
flags		: fpu vme de pse tsc msr pae mce cx8 apic sep mtrr pge mca cmov pat pse36 clflush mmx fxsr sse sse2 syscall nx mmxext fxsr_opt pdpe1gb rdtscp lm rep_good nopl cpuid extd_apicid tsc_known_freq pni pclmulqdq ssse3 fma cx16 sse4_1 sse4_2 x2apic movbe popcnt tsc_deadline_timer aes xsave avx f16c rdrand hypervisor lahf_lm cmp_legacy svm cr8_legacy abm sse4a misalignsse 3dnowprefetch osvw ssbd ibrs ibpb vmmcall fsgsbase tsc_adjust bmi1 avx2 smep bmi2 rdseed adx smap clflushopt clwb xsaveopt xsavec xgetbv1 arat npt nrip_save
bugs		: fxsave_leak sysret_ss_attrs null_seg spectre_v1 spectre_v2 spec_store_bypass retbleed smt_rsb
bogomips	: 3992.50
TLB size	: 1024 4K pages
clflush size	: 64
cache_alignment	: 64
address sizes	: 40 bits physical, 48 bits virtual
power management:

processor	: 14
vendor_id	: AuthenticAMD
cpu family	: 23
model		: 49
model name	: AMD EPYC 7702 64-Core Processor
stepping	: 0
microcode	: 0x1000065
cpu MHz		: 1996.250
cache size	: 512 KB
physical id	: 14
siblings	: 1
core id		: 0
cpu cores	: 1
apicid		: 14
initial apicid	: 14
fpu		: yes
fpu_exception	: yes
cpuid level	: 13
wp		: yes
flags		: fpu vme de pse tsc msr pae mce cx8 apic sep mtrr pge mca cmov pat pse36 clflush mmx fxsr sse sse2 syscall nx mmxext fxsr_opt pdpe1gb rdtscp lm rep_good nopl cpuid extd_apicid tsc_known_freq pni pclmulqdq ssse3 fma cx16 sse4_1 sse4_2 x2apic movbe popcnt tsc_deadline_timer aes xsave avx f16c rdrand hypervisor lahf_lm cmp_legacy svm cr8_legacy abm sse4a misalignsse 3dnowprefetch osvw ssbd ibrs ibpb vmmcall fsgsbase tsc_adjust bmi1 avx2 smep bmi2 rdseed adx smap clflushopt clwb xsaveopt xsavec xgetbv1 arat npt nrip_save
bugs		: fxsave_leak sysret_ss_attrs null_seg spectre_v1 spectre_v2 spec_store_bypass retbleed smt_rsb
bogomips	: 3992.50
TLB size	: 1024 4K pages
clflush size	: 64
cache_alignment	: 64
address sizes	: 40 bits physical, 48 bits virtual
power management:

processor	: 15
vendor_id	: AuthenticAMD
cpu family	: 23
model		: 49
model name	: AMD EPYC 7702 64-Core Processor
stepping	: 0
microcode	: 0x1000065
cpu MHz		: 1996.250
cache size	: 512 KB
physical id	: 15
siblings	: 1
core id		: 0
cpu cores	: 1
apicid		: 15
initial apicid	: 15
fpu		: yes
fpu_exception	: yes
cpuid level	: 13
wp		: yes
flags		: fpu vme de pse tsc msr pae mce cx8 apic sep mtrr pge mca cmov pat pse36 clflush mmx fxsr sse sse2 syscall nx mmxext fxsr_opt pdpe1gb rdtscp lm rep_good nopl cpuid extd_apicid tsc_known_freq pni pclmulqdq ssse3 fma cx16 sse4_1 sse4_2 x2apic movbe popcnt tsc_deadline_timer aes xsave avx f16c rdrand hypervisor lahf_lm cmp_legacy svm cr8_legacy abm sse4a misalignsse 3dnowprefetch osvw ssbd ibrs ibpb vmmcall fsgsbase tsc_adjust bmi1 avx2 smep bmi2 rdseed adx smap clflushopt clwb xsaveopt xsavec xgetbv1 arat npt nrip_save
bugs		: fxsave_leak sysret_ss_attrs null_seg spectre_v1 spectre_v2 spec_store_bypass retbleed smt_rsb
bogomips	: 3992.50
TLB size	: 1024 4K pages
clflush size	: 64
cache_alignment	: 64
address sizes	: 40 bits physical, 48 bits virtual
power management:


Memory: 4k page, physical 64293460k(48366832k free), swap 0k(0k free)

vm_info: OpenJDK 64-Bit Server VM (11.0.1+13-LTS) for linux-amd64 JRE (11.0.1+13-LTS), built on Oct 19 2018 11:38:45 by "tester" with gcc 4.9.2 20150212 (Red Hat 4.9.2-6)

END.
