#
# There is insufficient memory for the Java Runtime Environment to continue.
# Native memory allocation (malloc) failed to allocate 72 bytes for AllocateHeap
# Possible reasons:
#   The system is out of physical RAM or swap space
#   The process is running with CompressedOops enabled, and the Java Heap may be blocking the growth of the native heap
# Possible solutions:
#   Reduce memory load on the system
#   Increase physical memory or swap space
#   Check if swap backing store is full
#   Decrease Java heap size (-Xmx/-Xms)
#   Decrease number of Java threads
#   Decrease Java thread stack sizes (-Xss)
#   Set larger code cache with -XX:ReservedCodeCacheSize=
#   JVM is running with Unscaled Compressed Oops mode in which the Java heap is
#     placed in the first 4GB address space. The Java Heap base address is the
#     maximum limit for the native heap growth. Please use -XX:HeapBaseMinAddress
#     to set the Java Heap base and to place the Java Heap above 4GB virtual address.
# This output file may be truncated or incomplete.
#
#  Out of Memory Error (allocation.cpp:46), pid=899983, tid=900262
#
# JRE version: OpenJDK Runtime Environment (11.0.1+13) (build 11.0.1+13-LTS)
# Java VM: OpenJDK 64-Bit Server VM (11.0.1+13-LTS, mixed mode, tiered, compressed oops, serial gc, linux-amd64)
# Core dump will be written. Default location: Core dumps may be processed with "/usr/share/apport/apport -p%p -s%s -c%c -d%d -P%P -u%u -g%g -- %E" (or dumping to /home/tfang/PPI_Prediction_byCoevolution/scripts/core.899983)
#

---------------  S U M M A R Y ------------

Command Line: --add-opens=java.base/java.lang=ALL-UNNAMED --add-opens=java.base/java.io=ALL-UNNAMED --add-opens=java.base/java.nio=ALL-UNNAMED --add-opens=java.base/java.net=ALL-UNNAMED --add-opens=java.base/java.util=ALL-UNNAMED --add-opens=java.base/java.util.concurrent.locks=ALL-UNNAMED --add-opens=java.base/java.util.concurrent.atomic=ALL-UNNAMED --add-opens=java.base/java.nio.file.spi=ALL-UNNAMED --add-opens=java.base/sun.nio.ch=ALL-UNNAMED --add-opens=java.base/sun.nio.fs=ALL-UNNAMED --add-opens=java.base/sun.net.www.protocol.http=ALL-UNNAMED --add-opens=java.base/sun.net.www.protocol.https=ALL-UNNAMED --add-opens=java.base/sun.net.www.protocol.ftp=ALL-UNNAMED --add-opens=java.base/sun.net.www.protocol.file=ALL-UNNAMED --add-opens=java.base/jdk.internal.misc=ALL-UNNAMED --add-opens=java.base/java.util.regex=ALL-UNNAMED -Djava.io.tmpdir=/sctmp/tfang -Djava.library.path=/cluster/22-05-9-1/munge-0.5.15/lib:/cluster/22-05-9-1/slurm-22-05-9-1/lib:/cluster/22-05-9-1/pmix-4.2.3/lib:/cluster/22-05-9-1/libevent-2.1.12/lib:/usr/java/packages/lib:/usr/lib64:/lib64:/lib:/usr/lib -Dfile.encoding=UTF-8 -Dcapsule.app=nextflow_23.04.1 -Djava.awt.headless=true -Dcapsule.jar=/data/tfang/conda-envs/nf-training/share/nextflow/dist/23.04.1/nextflow-23.04.1-one.jar -Dcom.sun.security.enableAIAcaIssuers=true nextflow.cli.Launcher run Query_coevolutionComputation_workflow.nf -c nextflow.config -profile slurm -resume

Host: x86_64, 16 cores, 61G, x86_64
Time: Fri Sep 22 11:22:06 2023 CEST elapsed time: 50 seconds (0d 0h 0m 50s)

---------------  T H R E A D  ---------------

Current thread (0x00007f4ce0fc7000):  JavaThread "Actor Thread 3" daemon [_thread_in_vm, id=900262, stack(0x00007f4ca5f0b000,0x00007f4ca600c000)]

Stack: [0x00007f4ca5f0b000,0x00007f4ca600c000],  sp=0x00007f4ca6009300,  free space=1016k
Native frames: (J=compiled Java code, A=aot compiled Java code, j=interpreted, Vv=VM code, C=native code)
V  [libjvm.so+0xe34b81]
[error occurred during error reporting (printing native stack), id 0xe0000001, Out of Memory Error (/export/home/tester/jenkins/workspace/zulu11-build-linux64/zulu-src/src/hotspot/share/memory/allocation.cpp:46)]

Java frames: (J=compiled Java code, j=interpreted, Vv=VM code)
J 1421  java.lang.Class.forName0(Ljava/lang/String;ZLjava/lang/ClassLoader;Ljava/lang/Class;)Ljava/lang/Class; java.base@11.0.1 (0 bytes) @ 0x00007f4ccf42e4ba [0x00007f4ccf42e440+0x000000000000007a]
J 5125 c1 groovy.lang.MetaClassRegistry$MetaClassCreationHandle.createWithCustomLookup(Ljava/lang/Class;Lgroovy/lang/MetaClassRegistry;)Lgroovy/lang/MetaClass; (171 bytes) @ 0x00007f4cc8822e3c [0x00007f4cc8822bc0+0x000000000000027c]
J 4034 c1 org.codehaus.groovy.reflection.ClassInfo.getMetaClassUnderLock()Lgroovy/lang/MetaClass; (80 bytes) @ 0x00007f4cc85ce304 [0x00007f4cc85ce0c0+0x0000000000000244]
J 4561 c2 org.codehaus.groovy.reflection.ClassInfo.getMetaClass()Lgroovy/lang/MetaClass; (33 bytes) @ 0x00007f4ccf57daec [0x00007f4ccf57d980+0x000000000000016c]
J 6498 c1 org.codehaus.groovy.runtime.callsite.CallSiteArray.createCallConstructorSite(Lorg/codehaus/groovy/runtime/callsite/CallSite;Ljava/lang/Class;[Ljava/lang/Object;)Lorg/codehaus/groovy/runtime/callsite/CallSite; (44 bytes) @ 0x00007f4cc8acee5c [0x00007f4cc8acebc0+0x000000000000029c]
J 6232 c1 org.codehaus.groovy.runtime.callsite.AbstractCallSite.callConstructor(Ljava/lang/Object;[Ljava/lang/Object;)Ljava/lang/Object; (7 bytes) @ 0x00007f4cc8a4e49c [0x00007f4cc8a4e300+0x000000000000019c]
J 6460 c1 org.codehaus.groovy.runtime.callsite.AbstractCallSite.callConstructor(Ljava/lang/Object;Ljava/lang/Object;)Ljava/lang/Object; (37 bytes) @ 0x00007f4cc8ac0b9c [0x00007f4cc8ac0780+0x000000000000041c]
j  nextflow.script.ProcessConfig.createTaskConfig()Lnextflow/processor/TaskConfig;+17
j  nextflow.script.ProcessConfig$createTaskConfig$7.call(Ljava/lang/Object;[Ljava/lang/Object;)Ljava/lang/Object;+13
J 4032 c1 org.codehaus.groovy.runtime.callsite.AbstractCallSite.call(Ljava/lang/Object;[Ljava/lang/Object;)Ljava/lang/Object; (7 bytes) @ 0x00007f4cc85ccd6c [0x00007f4cc85ccce0+0x000000000000008c]
J 5456 c1 org.codehaus.groovy.runtime.callsite.AbstractCallSite.call(Ljava/lang/Object;)Ljava/lang/Object; (9 bytes) @ 0x00007f4cc88cd2e4 [0x00007f4cc88cd1e0+0x0000000000000104]
j  nextflow.processor.TaskProcessor.createTaskRun(Lnextflow/processor/TaskStartParams;)Lnextflow/processor/TaskRun;+109
v  ~StubRoutines::call_stub
J 2661  jdk.internal.reflect.NativeMethodAccessorImpl.invoke0(Ljava/lang/reflect/Method;Ljava/lang/Object;[Ljava/lang/Object;)Ljava/lang/Object; java.base@11.0.1 (0 bytes) @ 0x00007f4ccf498537 [0x00007f4ccf4984c0+0x0000000000000077]
J 2659 c1 jdk.internal.reflect.NativeMethodAccessorImpl.invoke(Ljava/lang/Object;[Ljava/lang/Object;)Ljava/lang/Object; java.base@11.0.1 (104 bytes) @ 0x00007f4cc8371e04 [0x00007f4cc8371240+0x0000000000000bc4]
J 2703 c1 jdk.internal.reflect.DelegatingMethodAccessorImpl.invoke(Ljava/lang/Object;[Ljava/lang/Object;)Ljava/lang/Object; java.base@11.0.1 (10 bytes) @ 0x00007f4ccf49c384 [0x00007f4ccf49c340+0x0000000000000044]
J 6638 c1 org.codehaus.groovy.runtime.callsite.PogoMetaMethodSite$PogoCachedMethodSiteNoUnwrapNoCoerce.invoke(Ljava/lang/Object;[Ljava/lang/Object;)Ljava/lang/Object; (10 bytes) @ 0x00007f4cc7eb5ad4 [0x00007f4cc7eb59a0+0x0000000000000134]
J 4228 c1 org.codehaus.groovy.runtime.callsite.PogoMetaMethodSite.callCurrent(Lgroovy/lang/GroovyObject;[Ljava/lang/Object;)Ljava/lang/Object; (29 bytes) @ 0x00007f4cc861115c [0x00007f4cc8611080+0x00000000000000dc]
J 6627 c1 org.codehaus.groovy.runtime.callsite.AbstractCallSite.callCurrent(Lgroovy/lang/GroovyObject;[Ljava/lang/Object;)Ljava/lang/Object; (7 bytes) @ 0x00007f4cc7eab2f4 [0x00007f4cc7eab260+0x0000000000000094]
J 4223 c1 org.codehaus.groovy.runtime.callsite.AbstractCallSite.callCurrent(Lgroovy/lang/GroovyObject;Ljava/lang/Object;)Ljava/lang/Object; (37 bytes) @ 0x00007f4cc860f11c [0x00007f4cc860ef60+0x00000000000001bc]
j  nextflow.processor.TaskProcessor.invokeTask([Ljava/lang/Object;)V+335
j  nextflow.processor.InvokeTaskAdapter.call([Ljava/lang/Object;)Ljava/lang/Object;+5
j  groovyx.gpars.dataflow.operator.DataflowOperatorActor.startTask(Ljava/util/List;)V+19
j  groovyx.gpars.dataflow.operator.ForkingDataflowOperatorActor.access$001(Lgroovyx/gpars/dataflow/operator/ForkingDataflowOperatorActor;Ljava/util/List;)V+2
j  groovyx.gpars.dataflow.operator.ForkingDataflowOperatorActor$1.run()V+8
j  java.util.concurrent.ThreadPoolExecutor.runWorker(Ljava/util/concurrent/ThreadPoolExecutor$Worker;)V+92 java.base@11.0.1
j  java.util.concurrent.ThreadPoolExecutor$Worker.run()V+5 java.base@11.0.1
j  java.lang.Thread.run()V+11 java.base@11.0.1
v  ~StubRoutines::call_stub

---------------  P R O C E S S  ---------------

Threads class SMR info:
_java_thread_list=0x00007f4ce0a7ce30, length=17, elements={
0x00007f4ce0014000, 0x00007f4ce00ca000, 0x00007f4ce00ce800, 0x00007f4ce00e5000,
0x00007f4ce00e6800, 0x00007f4ce00e8800, 0x00007f4ce00ea800, 0x00007f4ce0183000,
0x00007f4ce018a000, 0x00007f4ce0ec7800, 0x00007f4ce0ede800, 0x00007f4ce0f6b800,
0x00007f4ce0fa6000, 0x00007f4ce0fb7800, 0x00007f4ce0d7e000, 0x00007f4ce0fc6800,
0x00007f4ce0fc7000
}

Java Threads: ( => current thread )
  0x00007f4ce0014000 JavaThread "main" [_thread_blocked, id=900164, stack(0x00007f4ce420f000,0x00007f4ce4310000)]
  0x00007f4ce00ca000 JavaThread "Reference Handler" daemon [_thread_blocked, id=900166, stack(0x00007f4cc66f5000,0x00007f4cc67f6000)]
  0x00007f4ce00ce800 JavaThread "Finalizer" daemon [_thread_blocked, id=900167, stack(0x00007f4cc65f4000,0x00007f4cc66f5000)]
  0x00007f4ce00e5000 JavaThread "Signal Dispatcher" daemon [_thread_blocked, id=900168, stack(0x00007f4cc5b04000,0x00007f4cc5c05000)]
  0x00007f4ce00e6800 JavaThread "C2 CompilerThread0" daemon [_thread_in_native, id=900169, stack(0x00007f4cc5a03000,0x00007f4cc5b04000)]
  0x00007f4ce00e8800 JavaThread "C1 CompilerThread0" daemon [_thread_blocked, id=900170, stack(0x00007f4cc5902000,0x00007f4cc5a03000)]
  0x00007f4ce00ea800 JavaThread "Sweeper thread" daemon [_thread_blocked, id=900171, stack(0x00007f4cc5801000,0x00007f4cc5902000)]
  0x00007f4ce0183000 JavaThread "Common-Cleaner" daemon [_thread_blocked, id=900172, stack(0x00007f4cc5700000,0x00007f4cc5801000)]
  0x00007f4ce018a000 JavaThread "Service Thread" daemon [_thread_blocked, id=900173, stack(0x00007f4cc55ff000,0x00007f4cc5700000)]
  0x00007f4ce0ec7800 JavaThread "process reaper" daemon [_thread_blocked, id=900194, stack(0x00007f4cc407e000,0x00007f4cc40a0000)]
  0x00007f4ce0ede800 JavaThread "Thread-1" daemon [_thread_blocked, id=900195, stack(0x00007f4ca72f2000,0x00007f4ca73f3000)]
  0x00007f4ce0f6b800 JavaThread "AnsiLogObserver" [_thread_blocked, id=900199, stack(0x00007f4ca6bf0000,0x00007f4ca6cf1000)]
  0x00007f4ce0fa6000 JavaThread "Task monitor" [_thread_blocked, id=900252, stack(0x00007f4ca66ef000,0x00007f4ca67f0000)]
  0x00007f4ce0fb7800 JavaThread "Task submitter" daemon [_thread_blocked, id=900253, stack(0x00007f4ca65ee000,0x00007f4ca66ef000)]
  0x00007f4ce0d7e000 JavaThread "Actor Thread 1" daemon [_thread_in_vm, id=900254, stack(0x00007f4ca64ed000,0x00007f4ca65ee000)]
  0x00007f4ce0fc6800 JavaThread "Actor Thread 2" daemon [_thread_blocked, id=900261, stack(0x00007f4ca600c000,0x00007f4ca610d000)]
=>0x00007f4ce0fc7000 JavaThread "Actor Thread 3" daemon [_thread_in_vm, id=900262, stack(0x00007f4ca5f0b000,0x00007f4ca600c000)]

Other Threads:
  0x00007f4ce00c2000 VMThread "VM Thread" [stack: 0x00007f4cc67f8000,0x00007f4cc68f8000] [id=900165]
  0x00007f4ce018c800 WatcherThread [stack: 0x00007f4cc54ff000,0x00007f4cc55ff000] [id=900174]

Threads with active compile tasks:
C2 CompilerThread06525 %     4       groovy.lang.MetaClassImpl::(null) @ 100 (195 bytes)

VM state:not at safepoint (normal execution)

VM Mutex/Monitor currently owned by a thread:  ([mutex/lock_event])
[0x00007f4ce000f8f0] SystemDictionary_lock - owner thread: 0x00007f4ce0d7e000
[0x00007f4ce000fd70] SymbolTable_lock - owner thread: 0x00007f4ce0fc7000

OutOfMemory and StackOverflow Exception counts:
OutOfMemoryError java_heap_errors=2
LinkageErrors=41

Heap address: 0x0000000080000000, size: 2048 MB, Compressed Oops mode: 32-bit
Narrow klass base: 0x0000000000000000, Narrow klass shift: 3
Compressed class space size: 1073741824 Address: 0x0000000100000000

Heap:
 def new generation   total 301760K, used 22508K [0x0000000080000000, 0x0000000094760000, 0x00000000aaaa0000)
  eden space 268288K,   3% used [0x0000000080000000, 0x000000008091df28, 0x0000000090600000)
  from space 33472K,  39% used [0x0000000090600000, 0x00000000912dd3a0, 0x00000000926b0000)
  to   space 33472K,   0% used [0x00000000926b0000, 0x00000000926b0000, 0x0000000094760000)
 tenured generation   total 670400K, used 37503K [0x00000000aaaa0000, 0x00000000d3950000, 0x0000000100000000)
   the space 670400K,   5% used [0x00000000aaaa0000, 0x00000000acf3ffb0, 0x00000000acf40000, 0x00000000d3950000)
 Metaspace       used 42220K, capacity 45185K, committed 45352K, reserved 1089536K
  class space    used 4857K, capacity 5899K, committed 6016K, reserved 1048576K

Card table byte_map: [0x00007f4cc7424000,0x00007f4cc7825000] _byte_map_base: 0x00007f4cc7024000

Polling page: 0x00007f4ce5d9e000

Metaspace:

Usage:
  Non-class:     38.37 MB capacity,    36.49 MB ( 95%) used,     1.75 MB (  5%) free+waste,   134.88 KB ( <1%) overhead. 
      Class:      5.76 MB capacity,     4.74 MB ( 82%) used,   972.43 KB ( 16%) free+waste,    69.44 KB (  1%) overhead. 
       Both:     44.13 MB capacity,    41.23 MB ( 93%) used,     2.70 MB (  6%) free+waste,   204.31 KB ( <1%) overhead. 

Virtual space:
  Non-class space:       40.00 MB reserved,      38.41 MB ( 96%) committed 
      Class space:        1.00 GB reserved,       5.88 MB ( <1%) committed 
             Both:        1.04 GB reserved,      44.29 MB (  4%) committed 

Chunk freelists:
   Non-Class:  256 bytes
       Class:  0 bytes
        Both:  256 bytes

CodeHeap 'non-profiled nmethods': size=120036Kb used=2607Kb max_used=3203Kb free=117429Kb
 bounds [0x00007f4ccf3d7000, 0x00007f4ccf707000, 0x00007f4cd6910000]
CodeHeap 'profiled nmethods': size=120032Kb used=10566Kb max_used=12743Kb free=109465Kb
 bounds [0x00007f4cc7e9f000, 0x00007f4cc8b1f000, 0x00007f4ccf3d7000]
CodeHeap 'non-nmethods': size=5692Kb used=2174Kb max_used=2222Kb free=3518Kb
 bounds [0x00007f4cc7910000, 0x00007f4cc7b80000, 0x00007f4cc7e9f000]
 total_blobs=8531 nmethods=5795 adapters=657
 compilation: enabled
              stopped_count=0, restarted_count=0
 full_count=0

Compilation events (10 events):
Event: 49.798 Thread 0x00007f4ce00e8800 nmethod 6811 0x00007f4cc7ed7810 code [0x00007f4cc7ed7ac0, 0x00007f4cc7ed81c8]
Event: 49.798 Thread 0x00007f4ce00e8800 6814       2       java.lang.reflect.Field::setFieldAccessor (34 bytes)
Event: 49.798 Thread 0x00007f4ce00e8800 nmethod 6814 0x00007f4cc7ed7310 code [0x00007f4cc7ed74c0, 0x00007f4cc7ed76e8]
Event: 49.798 Thread 0x00007f4ce00e8800 6812       2       jdk.internal.misc.Unsafe::defineClass (39 bytes)
Event: 49.798 Thread 0x00007f4ce00e8800 nmethod 6812 0x00007f4cc7ee8a90 code [0x00007f4cc7ee8c80, 0x00007f4cc7ee8f68]
Event: 49.799 Thread 0x00007f4ce00e8800 6815       2       java.util.ComparableTimSort::mergeCollapse (134 bytes)
Event: 49.800 Thread 0x00007f4ce00e8800 nmethod 6815 0x00007f4cc7ee8290 code [0x00007f4cc7ee8480, 0x00007f4cc7ee8828]
Event: 49.800 Thread 0x00007f4ce00e8800 6816       3       java.util.ComparableTimSort::binarySort (223 bytes)
Event: 49.800 Thread 0x00007f4ce00e8800 nmethod 6816 0x00007f4cc7efd190 code [0x00007f4cc7efd3c0, 0x00007f4cc7efdef8]
Event: 49.800 Thread 0x00007f4ce00e8800 6818       2       org.codehaus.groovy.runtime.callsite.CallSiteGenerator::isCompilable (55 bytes)

GC Heap History (10 events):
Event: 12.343 GC heap before
{Heap before GC invocations=1 (full 1):
 def new generation   total 301760K, used 254970K [0x0000000080000000, 0x0000000094760000, 0x00000000aaaa0000)
  eden space 268288K,  95% used [0x0000000080000000, 0x000000008f8fe9f0, 0x0000000090600000)
  from space 33472K,   0% used [0x0000000090600000, 0x0000000090600000, 0x00000000926b0000)
  to   space 33472K,   0% used [0x00000000926b0000, 0x00000000926b0000, 0x0000000094760000)
 tenured generation   total 670400K, used 14376K [0x00000000aaaa0000, 0x00000000d3950000, 0x0000000100000000)
   the space 670400K,   2% used [0x00000000aaaa0000, 0x00000000ab8aa228, 0x00000000ab8aa400, 0x00000000d3950000)
 Metaspace       used 33942K, capacity 35233K, committed 35496K, reserved 1081344K
  class space    used 3751K, capacity 4239K, committed 4352K, reserved 1048576K
}
Event: 12.526 GC heap after
{Heap after GC invocations=2 (full 2):
 def new generation   total 301760K, used 0K [0x0000000080000000, 0x0000000094760000, 0x00000000aaaa0000)
  eden space 268288K,   0% used [0x0000000080000000, 0x0000000080000000, 0x0000000090600000)
  from space 33472K,   0% used [0x0000000090600000, 0x0000000090600000, 0x00000000926b0000)
  to   space 33472K,   0% used [0x00000000926b0000, 0x00000000926b0000, 0x0000000094760000)
 tenured generation   total 670400K, used 31330K [0x00000000aaaa0000, 0x00000000d3950000, 0x0000000100000000)
   the space 670400K,   4% used [0x00000000aaaa0000, 0x00000000ac938a48, 0x00000000ac938c00, 0x00000000d3950000)
 Metaspace       used 33942K, capacity 35233K, committed 35496K, reserved 1081344K
  class space    used 3751K, capacity 4239K, committed 4352K, reserved 1048576K
}
Event: 16.680 GC heap before
{Heap before GC invocations=2 (full 2):
 def new generation   total 301760K, used 268288K [0x0000000080000000, 0x0000000094760000, 0x00000000aaaa0000)
  eden space 268288K, 100% used [0x0000000080000000, 0x0000000090600000, 0x0000000090600000)
  from space 33472K,   0% used [0x0000000090600000, 0x0000000090600000, 0x00000000926b0000)
  to   space 33472K,   0% used [0x00000000926b0000, 0x00000000926b0000, 0x0000000094760000)
 tenured generation   total 670400K, used 31330K [0x00000000aaaa0000, 0x00000000d3950000, 0x0000000100000000)
   the space 670400K,   4% used [0x00000000aaaa0000, 0x00000000ac938a48, 0x00000000ac938c00, 0x00000000d3950000)
 Metaspace       used 37524K, capacity 39149K, committed 39208K, reserved 1083392K
  class space    used 4147K, capacity 4730K, committed 4736K, reserved 1048576K
}
Event: 16.701 GC heap after
{Heap after GC invocations=3 (full 2):
 def new generation   total 301760K, used 6436K [0x0000000080000000, 0x0000000094760000, 0x00000000aaaa0000)
  eden space 268288K,   0% used [0x0000000080000000, 0x0000000080000000, 0x0000000090600000)
  from space 33472K,  19% used [0x00000000926b0000, 0x0000000092cf9328, 0x0000000094760000)
  to   space 33472K,   0% used [0x0000000090600000, 0x0000000090600000, 0x00000000926b0000)
 tenured generation   total 670400K, used 31330K [0x00000000aaaa0000, 0x00000000d3950000, 0x0000000100000000)
   the space 670400K,   4% used [0x00000000aaaa0000, 0x00000000ac938a48, 0x00000000ac938c00, 0x00000000d3950000)
 Metaspace       used 37524K, capacity 39149K, committed 39208K, reserved 1083392K
  class space    used 4147K, capacity 4730K, committed 4736K, reserved 1048576K
}
Event: 26.286 GC heap before
{Heap before GC invocations=3 (full 2):
 def new generation   total 301760K, used 274724K [0x0000000080000000, 0x0000000094760000, 0x00000000aaaa0000)
  eden space 268288K, 100% used [0x0000000080000000, 0x0000000090600000, 0x0000000090600000)
  from space 33472K,  19% used [0x00000000926b0000, 0x0000000092cf9328, 0x0000000094760000)
  to   space 33472K,   0% used [0x0000000090600000, 0x0000000090600000, 0x00000000926b0000)
 tenured generation   total 670400K, used 31330K [0x00000000aaaa0000, 0x00000000d3950000, 0x0000000100000000)
   the space 670400K,   4% used [0x00000000aaaa0000, 0x00000000ac938a48, 0x00000000ac938c00, 0x00000000d3950000)
 Metaspace       used 38581K, capacity 40599K, committed 40744K, reserved 1085440K
  class space    used 4270K, capacity 4940K, committed 4992K, reserved 1048576K
}
Event: 26.304 GC heap after
{Heap after GC invocations=4 (full 2):
 def new generation   total 301760K, used 9218K [0x0000000080000000, 0x0000000094760000, 0x00000000aaaa0000)
  eden space 268288K,   0% used [0x0000000080000000, 0x0000000080000000, 0x0000000090600000)
  from space 33472K,  27% used [0x0000000090600000, 0x0000000090f008d8, 0x00000000926b0000)
  to   space 33472K,   0% used [0x00000000926b0000, 0x00000000926b0000, 0x0000000094760000)
 tenured generation   total 670400K, used 31330K [0x00000000aaaa0000, 0x00000000d3950000, 0x0000000100000000)
   the space 670400K,   4% used [0x00000000aaaa0000, 0x00000000ac938a48, 0x00000000ac938c00, 0x00000000d3950000)
 Metaspace       used 38581K, capacity 40599K, committed 40744K, reserved 1085440K
  class space    used 4270K, capacity 4940K, committed 4992K, reserved 1048576K
}
Event: 49.800 GC heap before
{Heap before GC invocations=4 (full 2):
 def new generation   total 301760K, used 277506K [0x0000000080000000, 0x0000000094760000, 0x00000000aaaa0000)
  eden space 268288K, 100% used [0x0000000080000000, 0x0000000090600000, 0x0000000090600000)
  from space 33472K,  27% used [0x0000000090600000, 0x0000000090f00a68, 0x00000000926b0000)
  to   space 33472K,   0% used [0x00000000926b0000, 0x00000000926b0000, 0x0000000094760000)
 tenured generation   total 670400K, used 31330K [0x00000000aaaa0000, 0x00000000d3950000, 0x0000000100000000)
   the space 670400K,   4% used [0x00000000aaaa0000, 0x00000000ac938a48, 0x00000000ac938c00, 0x00000000d3950000)
 Metaspace       used 42213K, capacity 45185K, committed 45352K, reserved 1089536K
  class space    used 4856K, capacity 5899K, committed 6016K, reserved 1048576K
}
Event: 49.926 GC heap after
{Heap after GC invocations=5 (full 2):
 def new generation   total 301760K, used 19346K [0x0000000080000000, 0x0000000094760000, 0x00000000aaaa0000)
  eden space 268288K,   0% used [0x0000000080000000, 0x0000000080000000, 0x0000000090600000)
  from space 33472K,  57% used [0x00000000926b0000, 0x00000000939949a8, 0x0000000094760000)
  to   space 33472K,   0% used [0x0000000090600000, 0x0000000090600000, 0x00000000926b0000)
 tenured generation   total 670400K, used 31330K [0x00000000aaaa0000, 0x00000000d3950000, 0x0000000100000000)
   the space 670400K,   4% used [0x00000000aaaa0000, 0x00000000ac938a48, 0x00000000ac938c00, 0x00000000d3950000)
 Metaspace       used 42213K, capacity 45185K, committed 45352K, reserved 1089536K
  class space    used 4856K, capacity 5899K, committed 6016K, reserved 1048576K
}
Event: 49.926 GC heap before
{Heap before GC invocations=5 (full 2):
 def new generation   total 301760K, used 25124K [0x0000000080000000, 0x0000000094760000, 0x00000000aaaa0000)
  eden space 268288K,   2% used [0x0000000080000000, 0x00000000805a4838, 0x0000000090600000)
  from space 33472K,  57% used [0x00000000926b0000, 0x00000000939949a8, 0x0000000094760000)
  to   space 33472K,   0% used [0x0000000090600000, 0x0000000090600000, 0x00000000926b0000)
 tenured generation   total 670400K, used 31330K [0x00000000aaaa0000, 0x00000000d3950000, 0x0000000100000000)
   the space 670400K,   4% used [0x00000000aaaa0000, 0x00000000ac938a48, 0x00000000ac938c00, 0x00000000d3950000)
 Metaspace       used 42213K, capacity 45185K, committed 45352K, reserved 1089536K
  class space    used 4856K, capacity 5899K, committed 6016K, reserved 1048576K
}
Event: 50.003 GC heap after
{Heap after GC invocations=6 (full 2):
 def new generation   total 301760K, used 13172K [0x0000000080000000, 0x0000000094760000, 0x00000000aaaa0000)
  eden space 268288K,   0% used [0x0000000080000000, 0x0000000080000000, 0x0000000090600000)
  from space 33472K,  39% used [0x0000000090600000, 0x00000000912dd3a0, 0x00000000926b0000)
  to   space 33472K,   0% used [0x00000000926b0000, 0x00000000926b0000, 0x0000000094760000)
 tenured generation   total 670400K, used 37503K [0x00000000aaaa0000, 0x00000000d3950000, 0x0000000100000000)
   the space 670400K,   5% used [0x00000000aaaa0000, 0x00000000acf3ffb0, 0x00000000acf40000, 0x00000000d3950000)
 Metaspace       used 42213K, capacity 45185K, committed 45352K, reserved 1089536K
  class space    used 4856K, capacity 5899K, committed 6016K, reserved 1048576K
}

Deoptimization events (10 events):
Event: 49.023 Thread 0x00007f4ce0014000 Uncommon trap: reason=bimorphic_or_optimized_type_check action=maybe_recompile pc=0x00007f4ccf6e2d58 method=java.util.regex.Pattern$BmpCharProperty.match(Ljava/util/regex/Matcher;ILjava/lang/CharSequence;)Z @ 19 c2
Event: 49.086 Thread 0x00007f4ce0014000 Uncommon trap: reason=unstable_if action=reinterpret pc=0x00007f4ccf63a3f4 method=groovy.lang.MetaClassImpl.getMethodWithCaching(Ljava/lang/Class;Ljava/lang/String;[Ljava/lang/Object;Z)Lgroovy/lang/MetaMethod; @ 37 c2
Event: 49.088 Thread 0x00007f4ce0014000 Uncommon trap: reason=bimorphic_or_optimized_type_check action=maybe_recompile pc=0x00007f4ccf6e2d58 method=java.util.regex.Pattern$BmpCharProperty.match(Ljava/util/regex/Matcher;ILjava/lang/CharSequence;)Z @ 19 c2
Event: 49.207 Thread 0x00007f4ce0014000 Uncommon trap: reason=bimorphic_or_optimized_type_check action=maybe_recompile pc=0x00007f4ccf6e2d58 method=java.util.regex.Pattern$BmpCharProperty.match(Ljava/util/regex/Matcher;ILjava/lang/CharSequence;)Z @ 19 c2
Event: 49.705 Thread 0x00007f4ce0014000 Uncommon trap: reason=uninitialized action=reinterpret pc=0x00007f4ccf5721b8 method=org.codehaus.groovy.reflection.CachedMethod.invoke(Ljava/lang/Object;[Ljava/lang/Object;)Ljava/lang/Object; @ 46 c2
Event: 49.794 Thread 0x00007f4ce0fc6800 Uncommon trap: reason=bimorphic_or_optimized_type_check action=maybe_recompile pc=0x00007f4ccf6c09e0 method=groovy.lang.MetaMethod.getMopName()Ljava/lang/String; @ 8 c2
Event: 49.795 Thread 0x00007f4ce0fc6800 Uncommon trap: reason=bimorphic_or_optimized_type_check action=maybe_recompile pc=0x00007f4ccf6c09e0 method=groovy.lang.MetaMethod.getMopName()Ljava/lang/String; @ 8 c2
Event: 49.795 Thread 0x00007f4ce0fc6800 Uncommon trap: reason=bimorphic_or_optimized_type_check action=maybe_recompile pc=0x00007f4ccf6c09e0 method=groovy.lang.MetaMethod.getMopName()Ljava/lang/String; @ 8 c2
Event: 49.795 Thread 0x00007f4ce0fc6800 Uncommon trap: reason=bimorphic_or_optimized_type_check action=maybe_recompile pc=0x00007f4ccf6c09e0 method=groovy.lang.MetaMethod.getMopName()Ljava/lang/String; @ 8 c2
Event: 49.797 Thread 0x00007f4ce0d7e000 Uncommon trap: reason=unstable_if action=reinterpret pc=0x00007f4ccf63cf80 method=groovy.lang.MetaClassImpl.getMethodWithCaching(Ljava/lang/Class;Ljava/lang/String;[Ljava/lang/Object;Z)Lgroovy/lang/MetaMethod; @ 37 c2

Classes redefined (0 events):
No events

Internal exceptions (10 events):
Event: 49.796 Thread 0x00007f4ce0fc6800 Exception <a 'java/lang/ClassNotFoundException'{0x00000000901db1b0}: nextflow/processor/TaskIdBeanInfo> (0x00000000901db1b0) thrown at [/export/home/tester/jenkins/workspace/zulu11-build-linux64/zulu-src/src/hotspot/share/classfile/systemDictionary.cpp, l
Event: 49.797 Thread 0x00007f4ce0fc6800 Exception <a 'java/lang/ClassNotFoundException'{0x00000000901e1710}: nextflow/processor/TaskIdCustomizer> (0x00000000901e1710) thrown at [/export/home/tester/jenkins/workspace/zulu11-build-linux64/zulu-src/src/hotspot/share/classfile/systemDictionary.cpp,
Event: 49.798 Thread 0x00007f4ce0fc6800 Exception <a 'java/lang/ClassNotFoundException'{0x0000000090200e58}: nextflow/processor/TaskStartParamsBeanInfo> (0x0000000090200e58) thrown at [/export/home/tester/jenkins/workspace/zulu11-build-linux64/zulu-src/src/hotspot/share/classfile/systemDictiona
Event: 49.798 Thread 0x00007f4ce0fc6800 Exception <a 'java/lang/ClassNotFoundException'{0x0000000090207bc0}: nextflow/processor/TaskStartParamsCustomizer> (0x0000000090207bc0) thrown at [/export/home/tester/jenkins/workspace/zulu11-build-linux64/zulu-src/src/hotspot/share/classfile/systemDictio
Event: 49.799 Thread 0x00007f4ce0d7e000 Exception <a 'java/lang/ClassNotFoundException'{0x000000008fa01ef8}: java/lang/OutOfMemoryErrorBeanInfo> (0x000000008fa01ef8) thrown at [/export/home/tester/jenkins/workspace/zulu11-build-linux64/zulu-src/src/hotspot/share/classfile/systemDictionary.cpp, 
Event: 49.800 Thread 0x00007f4ce0d7e000 Exception <a 'java/lang/ClassNotFoundException'{0x000000008fa03228}: java/lang/VirtualMachineErrorBeanInfo> (0x000000008fa03228) thrown at [/export/home/tester/jenkins/workspace/zulu11-build-linux64/zulu-src/src/hotspot/share/classfile/systemDictionary.cp
Event: 49.800 Thread 0x00007f4ce0d7e000 Exception <a 'java/lang/ClassNotFoundException'{0x000000008fa044c8}: java/lang/ErrorBeanInfo> (0x000000008fa044c8) thrown at [/export/home/tester/jenkins/workspace/zulu11-build-linux64/zulu-src/src/hotspot/share/classfile/systemDictionary.cpp, line 231]
Event: 49.800 Thread 0x00007f4ce0d7e000 Exception <a 'java/lang/ClassNotFoundException'{0x000000008fa05780}: java/lang/ThrowableBeanInfo> (0x000000008fa05780) thrown at [/export/home/tester/jenkins/workspace/zulu11-build-linux64/zulu-src/src/hotspot/share/classfile/systemDictionary.cpp, line 23
Event: 49.800 Thread 0x00007f4ce0d7e000 Exception <a 'java/lang/ClassNotFoundException'{0x000000008fa06a10}: java/lang/ThrowableCustomizer> (0x000000008fa06a10) thrown at [/export/home/tester/jenkins/workspace/zulu11-build-linux64/zulu-src/src/hotspot/share/classfile/systemDictionary.cpp, line 
Event: 50.005 Thread 0x00007f4ce0d7e000 Exception <a 'java/lang/ClassNotFoundException'{0x00000000800e3730}: java/lang/ErrorCustomizer> (0x00000000800e3730) thrown at [/export/home/tester/jenkins/workspace/zulu11-build-linux64/zulu-src/src/hotspot/share/classfile/systemDictionary.cpp, line 231]

Events (10 events):
Event: 49.800 Executing VM operation: GenCollectForAllocation
Event: 49.926 Executing VM operation: GenCollectForAllocation done
Event: 49.926 Executing VM operation: GenCollectFull
Event: 50.003 Executing VM operation: GenCollectFull done
Event: 50.004 loading class java/lang/ErrorCustomizer
Event: 50.004 loading class java/lang/ErrorCustomizer done
Event: 50.004 loading class java/lang/ErrorCustomizer
Event: 50.004 loading class java/lang/ErrorCustomizer done
Event: 50.004 Executing VM operation: RevokeBias
Event: 50.005 Executing VM operation: RevokeBias done


Dynamic libraries:
00400000-00401000 r-xp 00000000 00:41 3299053670393                      /data/tfang/conda-envs/nf-training/bin/java
00601000-00602000 rw-p 00001000 00:41 3299053670393                      /data/tfang/conda-envs/nf-training/bin/java
021ba000-021db000 rw-p 00000000 00:00 0                                  [heap]
80000000-94760000 rw-p 00000000 00:00 0 
94760000-aaaa0000 ---p 00000000 00:00 0 
aaaa0000-d3950000 rw-p 00000000 00:00 0 
d3950000-100000000 ---p 00000000 00:00 0 
100000000-1005e0000 rw-p 00000000 00:00 0 
1005e0000-140000000 ---p 00000000 00:00 0 
7f4ca5e3b000-7f4ca5f0b000 rw-p 00000000 00:00 0 
7f4ca5f0b000-7f4ca5f0f000 ---p 00000000 00:00 0 
7f4ca5f0f000-7f4ca600c000 rw-p 00000000 00:00 0 
7f4ca600c000-7f4ca6010000 ---p 00000000 00:00 0 
7f4ca6010000-7f4ca618d000 rw-p 00000000 00:00 0 
7f4ca618d000-7f4ca630d000 ---p 00000000 00:00 0 
7f4ca630d000-7f4ca64ed000 rw-p 00000000 00:00 0 
7f4ca64ed000-7f4ca64f1000 ---p 00000000 00:00 0 
7f4ca64f1000-7f4ca65ee000 rw-p 00000000 00:00 0 
7f4ca65ee000-7f4ca65f2000 ---p 00000000 00:00 0 
7f4ca65f2000-7f4ca66ef000 rw-p 00000000 00:00 0 
7f4ca66ef000-7f4ca66f3000 ---p 00000000 00:00 0 
7f4ca66f3000-7f4ca69f0000 rw-p 00000000 00:00 0 
7f4ca69f0000-7f4ca6bf0000 rw-p 00000000 00:00 0 
7f4ca6bf0000-7f4ca6bf4000 ---p 00000000 00:00 0 
7f4ca6bf4000-7f4ca6cf1000 rw-p 00000000 00:00 0 
7f4ca6cf1000-7f4ca6cf2000 r-xp 00000000 00:3f 1102918561990              /sctmp/tfang/libjansi-64.so
7f4ca6cf2000-7f4ca6ef1000 ---p 00001000 00:3f 1102918561990              /sctmp/tfang/libjansi-64.so
7f4ca6ef1000-7f4ca6ef2000 rw-p 00000000 00:3f 1102918561990              /sctmp/tfang/libjansi-64.so
7f4ca6ef2000-7f4ca6ff2000 rw-s 00000000 00:3b 2199127665099              /home/tfang/PPI_Prediction_byCoevolution/scripts/.nextflow/cache/591f071c-02ef-4c05-9bf5-d83f7a558f28/db/MANIFEST-000113
7f4ca6ff2000-7f4ca70f2000 rw-s 00000000 00:3b 2199127665098              /home/tfang/PPI_Prediction_byCoevolution/scripts/.nextflow/cache/591f071c-02ef-4c05-9bf5-d83f7a558f28/db/000114.log
7f4ca70f2000-7f4ca72f2000 rw-p 00000000 00:00 0 
7f4ca72f2000-7f4ca72f6000 ---p 00000000 00:00 0 
7f4ca72f6000-7f4ca75dd000 rw-p 00000000 00:00 0 
7f4ca75dd000-7f4ca75f3000 ---p 00000000 00:00 0 
7f4ca75f3000-7f4ca75f8000 r-xp 00000000 00:41 3299053670314              /data/tfang/conda-envs/nf-training/lib/libmanagement_ext.so
7f4ca75f8000-7f4ca77f8000 ---p 00005000 00:41 3299053670314              /data/tfang/conda-envs/nf-training/lib/libmanagement_ext.so
7f4ca77f8000-7f4ca77f9000 rw-p 00005000 00:41 3299053670314              /data/tfang/conda-envs/nf-training/lib/libmanagement_ext.so
7f4ca77f9000-7f4ca77fa000 rw-p 00008000 00:41 3299053670314              /data/tfang/conda-envs/nf-training/lib/libmanagement_ext.so
7f4ca77fa000-7f4ca77fe000 r-xp 00000000 00:41 3299053670313              /data/tfang/conda-envs/nf-training/lib/libmanagement.so
7f4ca77fe000-7f4ca79fd000 ---p 00004000 00:41 3299053670313              /data/tfang/conda-envs/nf-training/lib/libmanagement.so
7f4ca79fd000-7f4ca79fe000 rw-p 00003000 00:41 3299053670313              /data/tfang/conda-envs/nf-training/lib/libmanagement.so
7f4ca79fe000-7f4ca7a00000 rw-p 00007000 00:41 3299053670313              /data/tfang/conda-envs/nf-training/lib/libmanagement.so
7f4ca7a00000-7f4ca7c00000 rw-p 00000000 00:00 0 
7f4ca7c00000-7f4ca7e00000 rw-p 00000000 00:00 0 
7f4ca7e00000-7f4ca8000000 rw-p 00000000 00:00 0 
7f4ca8000000-7f4ca8add000 rw-p 00000000 00:00 0 
7f4ca8add000-7f4cac000000 ---p 00000000 00:00 0 
7f4cac000000-7f4cac021000 rw-p 00000000 00:00 0 
7f4cac021000-7f4cb0000000 ---p 00000000 00:00 0 
7f4cb0000000-7f4cb0021000 rw-p 00000000 00:00 0 
7f4cb0021000-7f4cb4000000 ---p 00000000 00:00 0 
7f4cb4000000-7f4cb5d32000 rw-p 00000000 00:00 0 
7f4cb5d32000-7f4cb8000000 ---p 00000000 00:00 0 
7f4cb8000000-7f4cb8021000 rw-p 00000000 00:00 0 
7f4cb8021000-7f4cbc000000 ---p 00000000 00:00 0 
7f4cbc000000-7f4cbc021000 rw-p 00000000 00:00 0 
7f4cbc021000-7f4cc0000000 ---p 00000000 00:00 0 
7f4cc0000000-7f4cc00f9000 rw-p 00000000 00:00 0 
7f4cc00f9000-7f4cc4000000 ---p 00000000 00:00 0 
7f4cc4000000-7f4cc407e000 rw-p 00000000 00:00 0 
7f4cc407e000-7f4cc4082000 ---p 00000000 00:00 0 
7f4cc4082000-7f4cc42a0000 rw-p 00000000 00:00 0 
7f4cc42a0000-7f4cc44a0000 rw-p 00000000 00:00 0 
7f4cc44a0000-7f4cc46a0000 rw-p 00000000 00:00 0 
7f4cc46a0000-7f4cc48a0000 rw-p 00000000 00:00 0 
7f4cc48a0000-7f4cc4aa0000 rw-p 00000000 00:00 0 
7f4cc4aa0000-7f4cc4ca0000 rw-p 00000000 00:00 0 
7f4cc4ca0000-7f4cc4ea0000 rw-p 00000000 00:00 0 
7f4cc4ea0000-7f4cc50a0000 rw-p 00000000 00:00 0 
7f4cc50a0000-7f4cc50d1000 rw-p 00000000 00:00 0 
7f4cc50d1000-7f4cc50e7000 r-xp 00000000 00:41 3299053670325              /data/tfang/conda-envs/nf-training/lib/libnet.so
7f4cc50e7000-7f4cc52e7000 ---p 00016000 00:41 3299053670325              /data/tfang/conda-envs/nf-training/lib/libnet.so
7f4cc52e7000-7f4cc52e8000 rw-p 00016000 00:41 3299053670325              /data/tfang/conda-envs/nf-training/lib/libnet.so
7f4cc52e8000-7f4cc52ea000 rw-p 0001c000 00:41 3299053670325              /data/tfang/conda-envs/nf-training/lib/libnet.so
7f4cc52ea000-7f4cc52fa000 r-xp 00000000 00:41 3299053670324              /data/tfang/conda-envs/nf-training/lib/libnio.so
7f4cc52fa000-7f4cc54f9000 ---p 00010000 00:41 3299053670324              /data/tfang/conda-envs/nf-training/lib/libnio.so
7f4cc54f9000-7f4cc54fa000 rw-p 0000f000 00:41 3299053670324              /data/tfang/conda-envs/nf-training/lib/libnio.so
7f4cc54fa000-7f4cc54fd000 rw-p 00016000 00:41 3299053670324              /data/tfang/conda-envs/nf-training/lib/libnio.so
7f4cc54fd000-7f4cc54fe000 ---p 00000000 00:00 0 
7f4cc54fe000-7f4cc55ff000 rw-p 00000000 00:00 0 
7f4cc55ff000-7f4cc5603000 ---p 00000000 00:00 0 
7f4cc5603000-7f4cc5700000 rw-p 00000000 00:00 0 
7f4cc5700000-7f4cc5704000 ---p 00000000 00:00 0 
7f4cc5704000-7f4cc5801000 rw-p 00000000 00:00 0 
7f4cc5801000-7f4cc5805000 ---p 00000000 00:00 0 
7f4cc5805000-7f4cc5902000 rw-p 00000000 00:00 0 
7f4cc5902000-7f4cc5906000 ---p 00000000 00:00 0 
7f4cc5906000-7f4cc5a03000 rw-p 00000000 00:00 0 
7f4cc5a03000-7f4cc5a07000 ---p 00000000 00:00 0 
7f4cc5a07000-7f4cc5b04000 rw-p 00000000 00:00 0 
7f4cc5b04000-7f4cc5b08000 ---p 00000000 00:00 0 
7f4cc5b08000-7f4cc5c05000 rw-p 00000000 00:00 0 
7f4cc5c05000-7f4cc5c37000 r--p 00000000 08:01 6148                       /usr/lib/locale/C.UTF-8/LC_CTYPE
7f4cc5c37000-7f4cc5daa000 r--p 00000000 08:01 6147                       /usr/lib/locale/C.UTF-8/LC_COLLATE
7f4cc5daa000-7f4cc65f4000 r--p 00000000 08:01 6142                       /usr/lib/locale/locale-archive
7f4cc65f4000-7f4cc65f8000 ---p 00000000 00:00 0 
7f4cc65f8000-7f4cc66f5000 rw-p 00000000 00:00 0 
7f4cc66f5000-7f4cc66f9000 ---p 00000000 00:00 0 
7f4cc66f9000-7f4cc67f6000 rw-p 00000000 00:00 0 
7f4cc67f6000-7f4cc67f7000 ---p 00000000 00:00 0 
7f4cc67f7000-7f4cc72c1000 rw-p 00000000 00:00 0 
7f4cc72c1000-7f4cc7424000 ---p 00000000 00:00 0 
7f4cc7424000-7f4cc74c8000 rw-p 00000000 00:00 0 
7f4cc74c8000-7f4cc7579000 ---p 00000000 00:00 0 
7f4cc7579000-7f4cc76c1000 rw-p 00000000 00:00 0 
7f4cc76c1000-7f4cc7824000 ---p 00000000 00:00 0 
7f4cc7824000-7f4cc782c000 rw-p 00000000 00:00 0 
7f4cc782c000-7f4cc7910000 ---p 00000000 00:00 0 
7f4cc7910000-7f4cc7b80000 rwxp 00000000 00:00 0 
7f4cc7b80000-7f4cc7e9f000 ---p 00000000 00:00 0 
7f4cc7e9f000-7f4cc8b1f000 rwxp 00000000 00:00 0 
7f4cc8b1f000-7f4ccf3d7000 ---p 00000000 00:00 0 
7f4ccf3d7000-7f4ccf707000 rwxp 00000000 00:00 0 
7f4ccf707000-7f4cd6910000 ---p 00000000 00:00 0 
7f4cd6910000-7f4cdef85000 r--s 00000000 00:41 3299053670391              /data/tfang/conda-envs/nf-training/lib/modules
7f4cdef85000-7f4cdef9f000 r-xp 00000000 00:41 3299053670326              /data/tfang/conda-envs/nf-training/lib/libjimage.so
7f4cdef9f000-7f4cdf19e000 ---p 0001a000 00:41 3299053670326              /data/tfang/conda-envs/nf-training/lib/libjimage.so
7f4cdf19e000-7f4cdf1a0000 rw-p 00019000 00:41 3299053670326              /data/tfang/conda-envs/nf-training/lib/libjimage.so
7f4cdf1a0000-7f4cdf1b2000 rw-p 00000000 00:00 0 
7f4cdf1b2000-7f4cdf1b3000 rw-p 00022000 00:41 3299053670326              /data/tfang/conda-envs/nf-training/lib/libjimage.so
7f4cdf1b3000-7f4cdf1ba000 r-xp 00000000 00:41 3299053670315              /data/tfang/conda-envs/nf-training/lib/libzip.so
7f4cdf1ba000-7f4cdf3b9000 ---p 00007000 00:41 3299053670315              /data/tfang/conda-envs/nf-training/lib/libzip.so
7f4cdf3b9000-7f4cdf3ba000 rw-p 00006000 00:41 3299053670315              /data/tfang/conda-envs/nf-training/lib/libzip.so
7f4cdf3ba000-7f4cdf3bb000 rw-p 0000a000 00:41 3299053670315              /data/tfang/conda-envs/nf-training/lib/libzip.so
7f4cdf3bb000-7f4cdfbc0000 r--s 00000000 08:01 1548862                    /var/lib/sss/mc/passwd
7f4cdfbc0000-7f4cdfbeb000 r-xp 00000000 00:41 3299053670328              /data/tfang/conda-envs/nf-training/lib/libjava.so
7f4cdfbeb000-7f4cdfdeb000 ---p 0002b000 00:41 3299053670328              /data/tfang/conda-envs/nf-training/lib/libjava.so
7f4cdfdeb000-7f4cdfded000 rw-p 0002b000 00:41 3299053670328              /data/tfang/conda-envs/nf-training/lib/libjava.so
7f4cdfded000-7f4cdfdf1000 rw-p 00038000 00:41 3299053670328              /data/tfang/conda-envs/nf-training/lib/libjava.so
7f4cdfdf1000-7f4cdfdfe000 r-xp 00000000 00:41 3299053670320              /data/tfang/conda-envs/nf-training/lib/libverify.so
7f4cdfdfe000-7f4cdfffd000 ---p 0000d000 00:41 3299053670320              /data/tfang/conda-envs/nf-training/lib/libverify.so
7f4cdfffd000-7f4cdffff000 rw-p 0000c000 00:41 3299053670320              /data/tfang/conda-envs/nf-training/lib/libverify.so
7f4cdffff000-7f4ce0000000 rw-p 00010000 00:41 3299053670320              /data/tfang/conda-envs/nf-training/lib/libverify.so
7f4ce0000000-7f4ce0fd7000 rw-p 00000000 00:00 0 
7f4ce0fd7000-7f4ce4000000 ---p 00000000 00:00 0 
7f4ce4000000-7f4ce4027000 rw-p 00000000 00:00 0 
7f4ce4027000-7f4ce4028000 r--p 00000000 08:01 6153                       /usr/lib/locale/C.UTF-8/LC_NUMERIC
7f4ce4028000-7f4ce4029000 r--p 00000000 08:01 6156                       /usr/lib/locale/C.UTF-8/LC_TIME
7f4ce4029000-7f4ce40c5000 rw-p 00000000 00:00 0 
7f4ce40c5000-7f4ce4197000 ---p 00000000 00:00 0 
7f4ce4197000-7f4ce419c000 rw-p 00000000 00:00 0 
7f4ce419c000-7f4ce41a3000 ---p 00000000 00:00 0 
7f4ce41a3000-7f4ce41a9000 r--p 00000000 08:01 12779                      /usr/lib/x86_64-linux-gnu/libnss_systemd.so.2
7f4ce41a9000-7f4ce41cf000 r-xp 00006000 08:01 12779                      /usr/lib/x86_64-linux-gnu/libnss_systemd.so.2
7f4ce41cf000-7f4ce41db000 r--p 0002c000 08:01 12779                      /usr/lib/x86_64-linux-gnu/libnss_systemd.so.2
7f4ce41db000-7f4ce41de000 r--p 00037000 08:01 12779                      /usr/lib/x86_64-linux-gnu/libnss_systemd.so.2
7f4ce41de000-7f4ce41df000 rw-p 0003a000 08:01 12779                      /usr/lib/x86_64-linux-gnu/libnss_systemd.so.2
7f4ce41df000-7f4ce41e2000 r--p 00000000 08:01 5291                       /usr/lib/x86_64-linux-gnu/libnss_files-2.31.so
7f4ce41e2000-7f4ce41e9000 r-xp 00003000 08:01 5291                       /usr/lib/x86_64-linux-gnu/libnss_files-2.31.so
7f4ce41e9000-7f4ce41eb000 r--p 0000a000 08:01 5291                       /usr/lib/x86_64-linux-gnu/libnss_files-2.31.so
7f4ce41eb000-7f4ce41ec000 r--p 0000b000 08:01 5291                       /usr/lib/x86_64-linux-gnu/libnss_files-2.31.so
7f4ce41ec000-7f4ce41ed000 rw-p 0000c000 08:01 5291                       /usr/lib/x86_64-linux-gnu/libnss_files-2.31.so
7f4ce41ed000-7f4ce41f3000 rw-p 00000000 00:00 0 
7f4ce41f3000-7f4ce41f4000 r--p 00000000 08:01 6151                       /usr/lib/locale/C.UTF-8/LC_MONETARY
7f4ce41f4000-7f4ce41f5000 r--p 00000000 08:01 6145                       /usr/lib/locale/C.UTF-8/LC_MESSAGES/SYS_LC_MESSAGES
7f4ce41f5000-7f4ce41f6000 r--p 00000000 08:01 6154                       /usr/lib/locale/C.UTF-8/LC_PAPER
7f4ce41f6000-7f4ce41fd000 r--s 00000000 08:01 3760                       /usr/lib/x86_64-linux-gnu/gconv/gconv-modules.cache
7f4ce41fd000-7f4ce4205000 rw-s 00000000 08:01 1035996                    /tmp/hsperfdata_tfang/899983
7f4ce4205000-7f4ce4207000 r--p 00000000 08:01 5298                       /usr/lib/x86_64-linux-gnu/librt-2.31.so
7f4ce4207000-7f4ce420b000 r-xp 00002000 08:01 5298                       /usr/lib/x86_64-linux-gnu/librt-2.31.so
7f4ce420b000-7f4ce420d000 r--p 00006000 08:01 5298                       /usr/lib/x86_64-linux-gnu/librt-2.31.so
7f4ce420d000-7f4ce420e000 r--p 00007000 08:01 5298                       /usr/lib/x86_64-linux-gnu/librt-2.31.so
7f4ce420e000-7f4ce420f000 rw-p 00008000 08:01 5298                       /usr/lib/x86_64-linux-gnu/librt-2.31.so
7f4ce420f000-7f4ce4213000 ---p 00000000 00:00 0 
7f4ce4213000-7f4ce4310000 rw-p 00000000 00:00 0 
7f4ce4310000-7f4ce431d000 r--p 00000000 08:01 4736                       /usr/lib/x86_64-linux-gnu/libm-2.31.so
7f4ce431d000-7f4ce43c4000 r-xp 0000d000 08:01 4736                       /usr/lib/x86_64-linux-gnu/libm-2.31.so
7f4ce43c4000-7f4ce445d000 r--p 000b4000 08:01 4736                       /usr/lib/x86_64-linux-gnu/libm-2.31.so
7f4ce445d000-7f4ce445e000 r--p 0014c000 08:01 4736                       /usr/lib/x86_64-linux-gnu/libm-2.31.so
7f4ce445e000-7f4ce445f000 rw-p 0014d000 08:01 4736                       /usr/lib/x86_64-linux-gnu/libm-2.31.so
7f4ce445f000-7f4ce55d9000 r-xp 00000000 00:41 3299053670339              /data/tfang/conda-envs/nf-training/lib/server/libjvm.so
7f4ce55d9000-7f4ce57d8000 ---p 0117a000 00:41 3299053670339              /data/tfang/conda-envs/nf-training/lib/server/libjvm.so
7f4ce57d8000-7f4ce58b8000 r--p 01179000 00:41 3299053670339              /data/tfang/conda-envs/nf-training/lib/server/libjvm.so
7f4ce58b8000-7f4ce58f2000 rw-p 01259000 00:41 3299053670339              /data/tfang/conda-envs/nf-training/lib/server/libjvm.so
7f4ce58f2000-7f4ce595d000 rw-p 00000000 00:00 0 
7f4ce595d000-7f4ce5960000 rw-p 01641000 00:41 3299053670339              /data/tfang/conda-envs/nf-training/lib/server/libjvm.so
7f4ce5960000-7f4ce5962000 rw-p 00000000 00:00 0 
7f4ce5962000-7f4ce5984000 r--p 00000000 08:01 4734                       /usr/lib/x86_64-linux-gnu/libc-2.31.so
7f4ce5984000-7f4ce5afc000 r-xp 00022000 08:01 4734                       /usr/lib/x86_64-linux-gnu/libc-2.31.so
7f4ce5afc000-7f4ce5b4a000 r--p 0019a000 08:01 4734                       /usr/lib/x86_64-linux-gnu/libc-2.31.so
7f4ce5b4a000-7f4ce5b4e000 r--p 001e7000 08:01 4734                       /usr/lib/x86_64-linux-gnu/libc-2.31.so
7f4ce5b4e000-7f4ce5b50000 rw-p 001eb000 08:01 4734                       /usr/lib/x86_64-linux-gnu/libc-2.31.so
7f4ce5b50000-7f4ce5b54000 rw-p 00000000 00:00 0 
7f4ce5b54000-7f4ce5b55000 r--p 00000000 08:01 4735                       /usr/lib/x86_64-linux-gnu/libdl-2.31.so
7f4ce5b55000-7f4ce5b57000 r-xp 00001000 08:01 4735                       /usr/lib/x86_64-linux-gnu/libdl-2.31.so
7f4ce5b57000-7f4ce5b58000 r--p 00003000 08:01 4735                       /usr/lib/x86_64-linux-gnu/libdl-2.31.so
7f4ce5b58000-7f4ce5b59000 r--p 00003000 08:01 4735                       /usr/lib/x86_64-linux-gnu/libdl-2.31.so
7f4ce5b59000-7f4ce5b5a000 rw-p 00004000 08:01 4735                       /usr/lib/x86_64-linux-gnu/libdl-2.31.so
7f4ce5b5a000-7f4ce5b69000 r-xp 00000000 00:41 3299053670321              /data/tfang/conda-envs/nf-training/lib/libjli.so
7f4ce5b69000-7f4ce5d69000 ---p 0000f000 00:41 3299053670321              /data/tfang/conda-envs/nf-training/lib/libjli.so
7f4ce5d69000-7f4ce5d6a000 rw-p 0000f000 00:41 3299053670321              /data/tfang/conda-envs/nf-training/lib/libjli.so
7f4ce5d6a000-7f4ce5d6b000 rw-p 00013000 00:41 3299053670321              /data/tfang/conda-envs/nf-training/lib/libjli.so
7f4ce5d6b000-7f4ce5d71000 r--p 00000000 08:01 5296                       /usr/lib/x86_64-linux-gnu/libpthread-2.31.so
7f4ce5d71000-7f4ce5d82000 r-xp 00006000 08:01 5296                       /usr/lib/x86_64-linux-gnu/libpthread-2.31.so
7f4ce5d82000-7f4ce5d88000 r--p 00017000 08:01 5296                       /usr/lib/x86_64-linux-gnu/libpthread-2.31.so
7f4ce5d88000-7f4ce5d89000 r--p 0001c000 08:01 5296                       /usr/lib/x86_64-linux-gnu/libpthread-2.31.so
7f4ce5d89000-7f4ce5d8a000 rw-p 0001d000 08:01 5296                       /usr/lib/x86_64-linux-gnu/libpthread-2.31.so
7f4ce5d8a000-7f4ce5d8e000 rw-p 00000000 00:00 0 
7f4ce5d8e000-7f4ce5d8f000 r--p 00000000 08:01 6152                       /usr/lib/locale/C.UTF-8/LC_NAME
7f4ce5d8f000-7f4ce5d90000 r--p 00000000 08:01 6146                       /usr/lib/locale/C.UTF-8/LC_ADDRESS
7f4ce5d90000-7f4ce5d91000 r--p 00000000 08:01 6155                       /usr/lib/locale/C.UTF-8/LC_TELEPHONE
7f4ce5d91000-7f4ce5d92000 r--p 00000000 08:01 6150                       /usr/lib/locale/C.UTF-8/LC_MEASUREMENT
7f4ce5d92000-7f4ce5d94000 r--p 00000000 08:01 2550                       /usr/lib/x86_64-linux-gnu/libnss_sss.so.2
7f4ce5d94000-7f4ce5d9a000 r-xp 00002000 08:01 2550                       /usr/lib/x86_64-linux-gnu/libnss_sss.so.2
7f4ce5d9a000-7f4ce5d9c000 r--p 00008000 08:01 2550                       /usr/lib/x86_64-linux-gnu/libnss_sss.so.2
7f4ce5d9c000-7f4ce5d9d000 r--p 00009000 08:01 2550                       /usr/lib/x86_64-linux-gnu/libnss_sss.so.2
7f4ce5d9d000-7f4ce5d9e000 rw-p 0000a000 08:01 2550                       /usr/lib/x86_64-linux-gnu/libnss_sss.so.2
7f4ce5d9e000-7f4ce5d9f000 ---p 00000000 00:00 0 
7f4ce5d9f000-7f4ce5da0000 r--p 00000000 00:00 0 
7f4ce5da0000-7f4ce5da3000 r--p 00000000 00:41 3299049661293              /data/tfang/conda-envs/nf-training/lib/libz.so.1.2.13
7f4ce5da3000-7f4ce5db2000 r-xp 00003000 00:41 3299049661293              /data/tfang/conda-envs/nf-training/lib/libz.so.1.2.13
7f4ce5db2000-7f4ce5db9000 r--p 00012000 00:41 3299049661293              /data/tfang/conda-envs/nf-training/lib/libz.so.1.2.13
7f4ce5db9000-7f4ce5dba000 r--p 00018000 00:41 3299049661293              /data/tfang/conda-envs/nf-training/lib/libz.so.1.2.13
7f4ce5dba000-7f4ce5dbb000 rw-p 00019000 00:41 3299049661293              /data/tfang/conda-envs/nf-training/lib/libz.so.1.2.13
7f4ce5dbb000-7f4ce5dbd000 rw-p 00000000 00:00 0 
7f4ce5dbd000-7f4ce5dbe000 r--p 00000000 08:01 4730                       /usr/lib/x86_64-linux-gnu/ld-2.31.so
7f4ce5dbe000-7f4ce5de1000 r-xp 00001000 08:01 4730                       /usr/lib/x86_64-linux-gnu/ld-2.31.so
7f4ce5de1000-7f4ce5de9000 r--p 00024000 08:01 4730                       /usr/lib/x86_64-linux-gnu/ld-2.31.so
7f4ce5de9000-7f4ce5dea000 r--p 00000000 08:01 6149                       /usr/lib/locale/C.UTF-8/LC_IDENTIFICATION
7f4ce5dea000-7f4ce5deb000 r--p 0002c000 08:01 4730                       /usr/lib/x86_64-linux-gnu/ld-2.31.so
7f4ce5deb000-7f4ce5dec000 rw-p 0002d000 08:01 4730                       /usr/lib/x86_64-linux-gnu/ld-2.31.so
7f4ce5dec000-7f4ce5ded000 rw-p 00000000 00:00 0 
7ffe6f140000-7ffe6f165000 rw-p 00000000 00:00 0                          [stack]
7ffe6f194000-7ffe6f198000 r--p 00000000 00:00 0                          [vvar]
7ffe6f198000-7ffe6f19a000 r-xp 00000000 00:00 0                          [vdso]
ffffffffff600000-ffffffffff601000 --xp 00000000 00:00 0                  [vsyscall]


VM Arguments:
jvm_args: --add-opens=java.base/java.lang=ALL-UNNAMED --add-opens=java.base/java.io=ALL-UNNAMED --add-opens=java.base/java.nio=ALL-UNNAMED --add-opens=java.base/java.net=ALL-UNNAMED --add-opens=java.base/java.util=ALL-UNNAMED --add-opens=java.base/java.util.concurrent.locks=ALL-UNNAMED --add-opens=java.base/java.util.concurrent.atomic=ALL-UNNAMED --add-opens=java.base/java.nio.file.spi=ALL-UNNAMED --add-opens=java.base/sun.nio.ch=ALL-UNNAMED --add-opens=java.base/sun.nio.fs=ALL-UNNAMED --add-opens=java.base/sun.net.www.protocol.http=ALL-UNNAMED --add-opens=java.base/sun.net.www.protocol.https=ALL-UNNAMED --add-opens=java.base/sun.net.www.protocol.ftp=ALL-UNNAMED --add-opens=java.base/sun.net.www.protocol.file=ALL-UNNAMED --add-opens=java.base/jdk.internal.misc=ALL-UNNAMED --add-opens=java.base/java.util.regex=ALL-UNNAMED -Djava.io.tmpdir=/sctmp/tfang -Djava.library.path=/cluster/22-05-9-1/munge-0.5.15/lib:/cluster/22-05-9-1/slurm-22-05-9-1/lib:/cluster/22-05-9-1/pmix-4.2.3/lib:/cluster/22-05-9-1/libevent-2.1.12/lib:/usr/java/packages/lib:/usr/lib64:/lib64:/lib:/usr/lib -Dfile.encoding=UTF-8 -Dcapsule.app=nextflow_23.04.1 -Djava.awt.headless=true -Dcapsule.jar=/data/tfang/conda-envs/nf-training/share/nextflow/dist/23.04.1/nextflow-23.04.1-one.jar -Dcom.sun.security.enableAIAcaIssuers=true 
java_command: nextflow.cli.Launcher run Query_coevolutionComputation_workflow.nf -c nextflow.config -profile slurm -resume
java_class_path (initial): /data/tfang/conda-envs/nf-training/share/nextflow/dist/23.04.1/nextflow-23.04.1-one.jar:/data/tfang/conda-envs/nf-training/share/nextflow/capsule/deps/io/nextflow/nextflow/23.04.1/nextflow-23.04.1.jar:/data/tfang/conda-envs/nf-training/share/nextflow/capsule/deps/org/apache/ivy/ivy/2.5.1/ivy-2.5.1.jar:/data/tfang/conda-envs/nf-training/share/nextflow/capsule/deps/io/nextflow/nf-httpfs/23.04.1/nf-httpfs-23.04.1.jar:/data/tfang/conda-envs/nf-training/share/nextflow/capsule/deps/io/nextflow/nf-commons/23.04.1/nf-commons-23.04.1.jar:/data/tfang/conda-envs/nf-training/share/nextflow/capsule/deps/org/codehaus/groovy/groovy-nio/3.0.16/groovy-nio-3.0.16.jar:/data/tfang/conda-envs/nf-training/share/nextflow/capsule/deps/org/codehaus/groovy/groovy-templates/3.0.16/groovy-templates-3.0.16.jar:/data/tfang/conda-envs/nf-training/share/nextflow/capsule/deps/org/codehaus/groovy/groovy-xml/3.0.16/groovy-xml-3.0.16.jar:/data/tfang/conda-envs/nf-training/share/nextflow/capsule/deps/org/codehaus/groovy/groovy-json/3.0.16/groovy-json-3.0.16.jar:/data/tfang/conda-envs/nf-training/share/nextflow/capsule/deps/org/codehaus/groovy/groovy/3.0.16/groovy-3.0.16.jar:/data/tfang/conda-envs/nf-training/share/nextflow/capsule/deps/org/slf4j/jcl-over-slf4j/1.7.36/jcl-over-slf4j-1.7.36.jar:/data/tfang/conda-envs/nf-training/share/nextflow/capsule/deps/org/slf4j/jul-to-slf4j/1.7.36/jul-to-slf4j-1.7.36.jar:/data/tfang/conda-envs/nf-training/share/nextflow/capsule/deps/org/slf4j/log4j-over-slf4j/1.7.36/log4j-over-slf4j-1.7.36.jar:/data/tfang/conda-envs/nf-training/share/nextflow/capsule/deps/ch/qos/logback/logback-classic/1.2.11/logback-classic-1.2.11.jar:/data/tfang/conda-envs/nf-training/share/nextflow/capsule/deps/ch/qos/logback/logback-core/1.2.11/logback-core-1.2.11.jar:/data/tfang/conda-envs/nf-training/share/nextflow/capsule/deps/org/codehaus/gpars/gpars/1.2.1/gpars-1.2.1.jar:/data/tfang/conda-envs/nf-training/share/nextflow/capsule/deps/ch/artecat/grengine/grengine/
Launcher Type: SUN_STANDARD


[error occurred during error reporting (printing flags), id 0xe0000001, Out of Memory Error (/export/home/tester/jenkins/workspace/zulu11-build-linux64/zulu-src/src/hotspot/share/memory/allocation.cpp:46)]

Logging:
Log output configuration:
 #0: stdout all=warning uptime,level,tags
 #1: stderr all=off uptime,level,tags

Environment Variables:
JAVA_HOME=/data/tfang/conda-envs/nf-training
PATH=/data/tfang/conda-envs/nf-training/bin:/apps/opt/spack/linux-ubuntu20.04-x86_64/gcc-9.3.0/anaconda3-2023.03-1-emayrkyj4zgh57gt37ztn55cwzrrhstk/condabin:/apps/opt/spack/linux-ubuntu20.04-x86_64/gcc-9.3.0/anaconda3-2023.03-1-emayrkyj4zgh57gt37ztn55cwzrrhstk/bin:/apps/opt/spack/linux-ubuntu20.04-x86_64/gcc-9.3.0/anaconda3-2022.10-4zvvyfdmb3tw45xdxcy7vcuhn5nw2s3i/condabin:/cluster/22-05-9-1/slurm-22-05-9-1/bin:/cluster/22-05-9-1/slurm-22-05-9-1/sbin:/usr/local/sbin:/usr/local/bin:/usr/sbin:/usr/bin:/sbin:/bin:/usr/games:/usr/local/games:/snap/bin:/var/cfengine/bin:/usr/local/go/bin
LD_LIBRARY_PATH=/cluster/22-05-9-1/munge-0.5.15/lib:/cluster/22-05-9-1/slurm-22-05-9-1/lib:/cluster/22-05-9-1/pmix-4.2.3/lib:/cluster/22-05-9-1/libevent-2.1.12/lib
SHELL=/usr/bin/bash

Signal Handlers:
SIGSEGV: [libjvm.so+0xe35970], sa_mask[0]=11111111011111111101111111111110, sa_flags=SA_RESTART|SA_SIGINFO
SIGBUS: [libjvm.so+0xe35970], sa_mask[0]=11111111011111111101111111111110, sa_flags=SA_RESTART|SA_SIGINFO
SIGFPE: [libjvm.so+0xe35970], sa_mask[0]=11111111011111111101111111111110, sa_flags=SA_RESTART|SA_SIGINFO
SIGPIPE: [libjvm.so+0xc2d970], sa_mask[0]=11111111011111111101111111111110, sa_flags=SA_RESTART|SA_SIGINFO
SIGXFSZ: [libjvm.so+0xc2d970], sa_mask[0]=11111111011111111101111111111110, sa_flags=SA_RESTART|SA_SIGINFO
SIGILL: [libjvm.so+0xe35970], sa_mask[0]=11111111011111111101111111111110, sa_flags=SA_RESTART|SA_SIGINFO
SIGUSR2: [libjvm.so+0xc2dc60], sa_mask[0]=00000000000000000000000000000000, sa_flags=SA_RESTART|SA_SIGINFO
SIGHUP: [libjvm.so+0xc2ddc0], sa_mask[0]=11111111011111111101111111111110, sa_flags=SA_RESTART|SA_SIGINFO
SIGINT: [libjvm.so+0xc2ddc0], sa_mask[0]=11111111011111111101111111111110, sa_flags=SA_RESTART|SA_SIGINFO
SIGTERM: [libjvm.so+0xc2ddc0], sa_mask[0]=11111111011111111101111111111110, sa_flags=SA_RESTART|SA_SIGINFO
SIGQUIT: [libjvm.so+0xc2ddc0], sa_mask[0]=11111111011111111101111111111110, sa_flags=SA_RESTART|SA_SIGINFO


---------------  S Y S T E M  ---------------

OS:DISTRIB_ID=Ubuntu
DISTRIB_RELEASE=20.04
DISTRIB_CODENAME=focal
DISTRIB_DESCRIPTION="Ubuntu 20.04.6 LTS"
uname:Linux 5.15.0-83-generic #92~20.04.1-Ubuntu SMP Mon Aug 21 14:00:49 UTC 2023 x86_64
libc:glibc 2.31 NPTL 2.31 
rlimit: STACK 8192k, CORE 0k, NPROC 256, NOFILE 1048576, AS 4194304k, DATA infinity, FSIZE infinity
load average:0.65 0.88 0.86

/proc/meminfo:
MemTotal:       64293464 kB
MemFree:        37206144 kB
MemAvailable:   62017948 kB
Buffers:          140960 kB
Cached:         24821544 kB
SwapCached:            0 kB
Active:          1352520 kB
Inactive:       24690188 kB
Active(anon):       1984 kB
Inactive(anon):  1088116 kB
Active(file):    1350536 kB
Inactive(file): 23602072 kB
Unevictable:       18480 kB
Mlocked:           18480 kB
SwapTotal:             0 kB
SwapFree:              0 kB
Dirty:               564 kB
Writeback:             0 kB
AnonPages:       1098820 kB
Mapped:           513724 kB
Shmem:              1676 kB
KReclaimable:     572804 kB
Slab:             770440 kB
SReclaimable:     572804 kB
SUnreclaim:       197636 kB
KernelStack:        9392 kB
PageTables:        19208 kB
NFS_Unstable:          0 kB
Bounce:                0 kB
WritebackTmp:          0 kB
CommitLimit:    32146732 kB
Committed_AS:    5579496 kB
VmallocTotal:   34359738367 kB
VmallocUsed:       46740 kB
VmallocChunk:          0 kB
Percpu:            44480 kB
HardwareCorrupted:     0 kB
AnonHugePages:         0 kB
ShmemHugePages:        0 kB
ShmemPmdMapped:        0 kB
FileHugePages:         0 kB
FilePmdMapped:         0 kB
HugePages_Total:       0
HugePages_Free:        0
HugePages_Rsvd:        0
HugePages_Surp:        0
Hugepagesize:       2048 kB
Hugetlb:               0 kB
DirectMap4k:     1079164 kB
DirectMap2M:    44533760 kB
DirectMap1G:    19922944 kB


/proc/sys/kernel/threads-max (system-wide limit on the number of threads):
500961


/proc/sys/vm/max_map_count (maximum number of memory map areas a process may have):
65530


/proc/sys/kernel/pid_max (system-wide limit on number of process identifiers):
4194304


container (cgroup) information:
container_type: cgroupv1
cpu_cpuset_cpus: failed
cpu_memory_nodes: failed
active_processor_count: 16
cpu_quota: -2
cpu_period: -2
cpu_shares: -2
memory_limit_in_bytes: -2
memory_and_swap_limit_in_bytes: -2
memory_soft_limit_in_bytes: -2
memory_usage_in_bytes: -2
memory_max_usage_in_bytes: -2


CPU:total 16 (initial active 1) (1 cores per cpu, 1 threads per core) family 23 model 49 stepping 0, cmov, cx8, fxsr, mmx, sse, sse2, sse3, ssse3, sse4.1, sse4.2, popcnt, avx, avx2, aes, clmul, mmxext, 3dnowpref, lzcnt, sse4a, tsc, bmi1, bmi2, adx, fma

/proc/cpuinfo:
processor	: 0
vendor_id	: AuthenticAMD
cpu family	: 23
model		: 49
model name	: AMD EPYC 7702 64-Core Processor
stepping	: 0
microcode	: 0x1000065
cpu MHz		: 1996.250
cache size	: 512 KB
physical id	: 0
siblings	: 1
core id		: 0
cpu cores	: 1
apicid		: 0
initial apicid	: 0
fpu		: yes
fpu_exception	: yes
cpuid level	: 13
wp		: yes
flags		: fpu vme de pse tsc msr pae mce cx8 apic sep mtrr pge mca cmov pat pse36 clflush mmx fxsr sse sse2 syscall nx mmxext fxsr_opt pdpe1gb rdtscp lm rep_good nopl cpuid extd_apicid tsc_known_freq pni pclmulqdq ssse3 fma cx16 sse4_1 sse4_2 x2apic movbe popcnt tsc_deadline_timer aes xsave avx f16c rdrand hypervisor lahf_lm cmp_legacy svm cr8_legacy abm sse4a misalignsse 3dnowprefetch osvw ssbd ibrs ibpb vmmcall fsgsbase tsc_adjust bmi1 avx2 smep bmi2 rdseed adx smap clflushopt clwb xsaveopt xsavec xgetbv1 arat npt nrip_save
bugs		: fxsave_leak sysret_ss_attrs null_seg spectre_v1 spectre_v2 spec_store_bypass retbleed smt_rsb
bogomips	: 3992.50
TLB size	: 1024 4K pages
clflush size	: 64
cache_alignment	: 64
address sizes	: 40 bits physical, 48 bits virtual
power management:

processor	: 1
vendor_id	: AuthenticAMD
cpu family	: 23
model		: 49
model name	: AMD EPYC 7702 64-Core Processor
stepping	: 0
microcode	: 0x1000065
cpu MHz		: 1996.250
cache size	: 512 KB
physical id	: 1
siblings	: 1
core id		: 0
cpu cores	: 1
apicid		: 1
initial apicid	: 1
fpu		: yes
fpu_exception	: yes
cpuid level	: 13
wp		: yes
flags		: fpu vme de pse tsc msr pae mce cx8 apic sep mtrr pge mca cmov pat pse36 clflush mmx fxsr sse sse2 syscall nx mmxext fxsr_opt pdpe1gb rdtscp lm rep_good nopl cpuid extd_apicid tsc_known_freq pni pclmulqdq ssse3 fma cx16 sse4_1 sse4_2 x2apic movbe popcnt tsc_deadline_timer aes xsave avx f16c rdrand hypervisor lahf_lm cmp_legacy svm cr8_legacy abm sse4a misalignsse 3dnowprefetch osvw ssbd ibrs ibpb vmmcall fsgsbase tsc_adjust bmi1 avx2 smep bmi2 rdseed adx smap clflushopt clwb xsaveopt xsavec xgetbv1 arat npt nrip_save
bugs		: fxsave_leak sysret_ss_attrs null_seg spectre_v1 spectre_v2 spec_store_bypass retbleed smt_rsb
bogomips	: 3992.50
TLB size	: 1024 4K pages
clflush size	: 64
cache_alignment	: 64
address sizes	: 40 bits physical, 48 bits virtual
power management:

processor	: 2
vendor_id	: AuthenticAMD
cpu family	: 23
model		: 49
model name	: AMD EPYC 7702 64-Core Processor
stepping	: 0
microcode	: 0x1000065
cpu MHz		: 1996.250
cache size	: 512 KB
physical id	: 2
siblings	: 1
core id		: 0
cpu cores	: 1
apicid		: 2
initial apicid	: 2
fpu		: yes
fpu_exception	: yes
cpuid level	: 13
wp		: yes
flags		: fpu vme de pse tsc msr pae mce cx8 apic sep mtrr pge mca cmov pat pse36 clflush mmx fxsr sse sse2 syscall nx mmxext fxsr_opt pdpe1gb rdtscp lm rep_good nopl cpuid extd_apicid tsc_known_freq pni pclmulqdq ssse3 fma cx16 sse4_1 sse4_2 x2apic movbe popcnt tsc_deadline_timer aes xsave avx f16c rdrand hypervisor lahf_lm cmp_legacy svm cr8_legacy abm sse4a misalignsse 3dnowprefetch osvw ssbd ibrs ibpb vmmcall fsgsbase tsc_adjust bmi1 avx2 smep bmi2 rdseed adx smap clflushopt clwb xsaveopt xsavec xgetbv1 arat npt nrip_save
bugs		: fxsave_leak sysret_ss_attrs null_seg spectre_v1 spectre_v2 spec_store_bypass retbleed smt_rsb
bogomips	: 3992.50
TLB size	: 1024 4K pages
clflush size	: 64
cache_alignment	: 64
address sizes	: 40 bits physical, 48 bits virtual
power management:

processor	: 3
vendor_id	: AuthenticAMD
cpu family	: 23
model		: 49
model name	: AMD EPYC 7702 64-Core Processor
stepping	: 0
microcode	: 0x1000065
cpu MHz		: 1996.250
cache size	: 512 KB
physical id	: 3
siblings	: 1
core id		: 0
cpu cores	: 1
apicid		: 3
initial apicid	: 3
fpu		: yes
fpu_exception	: yes
cpuid level	: 13
wp		: yes
flags		: fpu vme de pse tsc msr pae mce cx8 apic sep mtrr pge mca cmov pat pse36 clflush mmx fxsr sse sse2 syscall nx mmxext fxsr_opt pdpe1gb rdtscp lm rep_good nopl cpuid extd_apicid tsc_known_freq pni pclmulqdq ssse3 fma cx16 sse4_1 sse4_2 x2apic movbe popcnt tsc_deadline_timer aes xsave avx f16c rdrand hypervisor lahf_lm cmp_legacy svm cr8_legacy abm sse4a misalignsse 3dnowprefetch osvw ssbd ibrs ibpb vmmcall fsgsbase tsc_adjust bmi1 avx2 smep bmi2 rdseed adx smap clflushopt clwb xsaveopt xsavec xgetbv1 arat npt nrip_save
bugs		: fxsave_leak sysret_ss_attrs null_seg spectre_v1 spectre_v2 spec_store_bypass retbleed smt_rsb
bogomips	: 3992.50
TLB size	: 1024 4K pages
clflush size	: 64
cache_alignment	: 64
address sizes	: 40 bits physical, 48 bits virtual
power management:

processor	: 4
vendor_id	: AuthenticAMD
cpu family	: 23
model		: 49
model name	: AMD EPYC 7702 64-Core Processor
stepping	: 0
microcode	: 0x1000065
cpu MHz		: 1996.250
cache size	: 512 KB
physical id	: 4
siblings	: 1
core id		: 0
cpu cores	: 1
apicid		: 4
initial apicid	: 4
fpu		: yes
fpu_exception	: yes
cpuid level	: 13
wp		: yes
flags		: fpu vme de pse tsc msr pae mce cx8 apic sep mtrr pge mca cmov pat pse36 clflush mmx fxsr sse sse2 syscall nx mmxext fxsr_opt pdpe1gb rdtscp lm rep_good nopl cpuid extd_apicid tsc_known_freq pni pclmulqdq ssse3 fma cx16 sse4_1 sse4_2 x2apic movbe popcnt tsc_deadline_timer aes xsave avx f16c rdrand hypervisor lahf_lm cmp_legacy svm cr8_legacy abm sse4a misalignsse 3dnowprefetch osvw ssbd ibrs ibpb vmmcall fsgsbase tsc_adjust bmi1 avx2 smep bmi2 rdseed adx smap clflushopt clwb xsaveopt xsavec xgetbv1 arat npt nrip_save
bugs		: fxsave_leak sysret_ss_attrs null_seg spectre_v1 spectre_v2 spec_store_bypass retbleed smt_rsb
bogomips	: 3992.50
TLB size	: 1024 4K pages
clflush size	: 64
cache_alignment	: 64
address sizes	: 40 bits physical, 48 bits virtual
power management:

processor	: 5
vendor_id	: AuthenticAMD
cpu family	: 23
model		: 49
model name	: AMD EPYC 7702 64-Core Processor
stepping	: 0
microcode	: 0x1000065
cpu MHz		: 1996.250
cache size	: 512 KB
physical id	: 5
siblings	: 1
core id		: 0
cpu cores	: 1
apicid		: 5
initial apicid	: 5
fpu		: yes
fpu_exception	: yes
cpuid level	: 13
wp		: yes
flags		: fpu vme de pse tsc msr pae mce cx8 apic sep mtrr pge mca cmov pat pse36 clflush mmx fxsr sse sse2 syscall nx mmxext fxsr_opt pdpe1gb rdtscp lm rep_good nopl cpuid extd_apicid tsc_known_freq pni pclmulqdq ssse3 fma cx16 sse4_1 sse4_2 x2apic movbe popcnt tsc_deadline_timer aes xsave avx f16c rdrand hypervisor lahf_lm cmp_legacy svm cr8_legacy abm sse4a misalignsse 3dnowprefetch osvw ssbd ibrs ibpb vmmcall fsgsbase tsc_adjust bmi1 avx2 smep bmi2 rdseed adx smap clflushopt clwb xsaveopt xsavec xgetbv1 arat npt nrip_save
bugs		: fxsave_leak sysret_ss_attrs null_seg spectre_v1 spectre_v2 spec_store_bypass retbleed smt_rsb
bogomips	: 3992.50
TLB size	: 1024 4K pages
clflush size	: 64
cache_alignment	: 64
address sizes	: 40 bits physical, 48 bits virtual
power management:

processor	: 6
vendor_id	: AuthenticAMD
cpu family	: 23
model		: 49
model name	: AMD EPYC 7702 64-Core Processor
stepping	: 0
microcode	: 0x1000065
cpu MHz		: 1996.250
cache size	: 512 KB
physical id	: 6
siblings	: 1
core id		: 0
cpu cores	: 1
apicid		: 6
initial apicid	: 6
fpu		: yes
fpu_exception	: yes
cpuid level	: 13
wp		: yes
flags		: fpu vme de pse tsc msr pae mce cx8 apic sep mtrr pge mca cmov pat pse36 clflush mmx fxsr sse sse2 syscall nx mmxext fxsr_opt pdpe1gb rdtscp lm rep_good nopl cpuid extd_apicid tsc_known_freq pni pclmulqdq ssse3 fma cx16 sse4_1 sse4_2 x2apic movbe popcnt tsc_deadline_timer aes xsave avx f16c rdrand hypervisor lahf_lm cmp_legacy svm cr8_legacy abm sse4a misalignsse 3dnowprefetch osvw ssbd ibrs ibpb vmmcall fsgsbase tsc_adjust bmi1 avx2 smep bmi2 rdseed adx smap clflushopt clwb xsaveopt xsavec xgetbv1 arat npt nrip_save
bugs		: fxsave_leak sysret_ss_attrs null_seg spectre_v1 spectre_v2 spec_store_bypass retbleed smt_rsb
bogomips	: 3992.50
TLB size	: 1024 4K pages
clflush size	: 64
cache_alignment	: 64
address sizes	: 40 bits physical, 48 bits virtual
power management:

processor	: 7
vendor_id	: AuthenticAMD
cpu family	: 23
model		: 49
model name	: AMD EPYC 7702 64-Core Processor
stepping	: 0
microcode	: 0x1000065
cpu MHz		: 1996.250
cache size	: 512 KB
physical id	: 7
siblings	: 1
core id		: 0
cpu cores	: 1
apicid		: 7
initial apicid	: 7
fpu		: yes
fpu_exception	: yes
cpuid level	: 13
wp		: yes
flags		: fpu vme de pse tsc msr pae mce cx8 apic sep mtrr pge mca cmov pat pse36 clflush mmx fxsr sse sse2 syscall nx mmxext fxsr_opt pdpe1gb rdtscp lm rep_good nopl cpuid extd_apicid tsc_known_freq pni pclmulqdq ssse3 fma cx16 sse4_1 sse4_2 x2apic movbe popcnt tsc_deadline_timer aes xsave avx f16c rdrand hypervisor lahf_lm cmp_legacy svm cr8_legacy abm sse4a misalignsse 3dnowprefetch osvw ssbd ibrs ibpb vmmcall fsgsbase tsc_adjust bmi1 avx2 smep bmi2 rdseed adx smap clflushopt clwb xsaveopt xsavec xgetbv1 arat npt nrip_save
bugs		: fxsave_leak sysret_ss_attrs null_seg spectre_v1 spectre_v2 spec_store_bypass retbleed smt_rsb
bogomips	: 3992.50
TLB size	: 1024 4K pages
clflush size	: 64
cache_alignment	: 64
address sizes	: 40 bits physical, 48 bits virtual
power management:

processor	: 8
vendor_id	: AuthenticAMD
cpu family	: 23
model		: 49
model name	: AMD EPYC 7702 64-Core Processor
stepping	: 0
microcode	: 0x1000065
cpu MHz		: 1996.250
cache size	: 512 KB
physical id	: 8
siblings	: 1
core id		: 0
cpu cores	: 1
apicid		: 8
initial apicid	: 8
fpu		: yes
fpu_exception	: yes
cpuid level	: 13
wp		: yes
flags		: fpu vme de pse tsc msr pae mce cx8 apic sep mtrr pge mca cmov pat pse36 clflush mmx fxsr sse sse2 syscall nx mmxext fxsr_opt pdpe1gb rdtscp lm rep_good nopl cpuid extd_apicid tsc_known_freq pni pclmulqdq ssse3 fma cx16 sse4_1 sse4_2 x2apic movbe popcnt tsc_deadline_timer aes xsave avx f16c rdrand hypervisor lahf_lm cmp_legacy svm cr8_legacy abm sse4a misalignsse 3dnowprefetch osvw ssbd ibrs ibpb vmmcall fsgsbase tsc_adjust bmi1 avx2 smep bmi2 rdseed adx smap clflushopt clwb xsaveopt xsavec xgetbv1 arat npt nrip_save
bugs		: fxsave_leak sysret_ss_attrs null_seg spectre_v1 spectre_v2 spec_store_bypass retbleed smt_rsb
bogomips	: 3992.50
TLB size	: 1024 4K pages
clflush size	: 64
cache_alignment	: 64
address sizes	: 40 bits physical, 48 bits virtual
power management:

processor	: 9
vendor_id	: AuthenticAMD
cpu family	: 23
model		: 49
model name	: AMD EPYC 7702 64-Core Processor
stepping	: 0
microcode	: 0x1000065
cpu MHz		: 1996.250
cache size	: 512 KB
physical id	: 9
siblings	: 1
core id		: 0
cpu cores	: 1
apicid		: 9
initial apicid	: 9
fpu		: yes
fpu_exception	: yes
cpuid level	: 13
wp		: yes
flags		: fpu vme de pse tsc msr pae mce cx8 apic sep mtrr pge mca cmov pat pse36 clflush mmx fxsr sse sse2 syscall nx mmxext fxsr_opt pdpe1gb rdtscp lm rep_good nopl cpuid extd_apicid tsc_known_freq pni pclmulqdq ssse3 fma cx16 sse4_1 sse4_2 x2apic movbe popcnt tsc_deadline_timer aes xsave avx f16c rdrand hypervisor lahf_lm cmp_legacy svm cr8_legacy abm sse4a misalignsse 3dnowprefetch osvw ssbd ibrs ibpb vmmcall fsgsbase tsc_adjust bmi1 avx2 smep bmi2 rdseed adx smap clflushopt clwb xsaveopt xsavec xgetbv1 arat npt nrip_save
bugs		: fxsave_leak sysret_ss_attrs null_seg spectre_v1 spectre_v2 spec_store_bypass retbleed smt_rsb
bogomips	: 3992.50
TLB size	: 1024 4K pages
clflush size	: 64
cache_alignment	: 64
address sizes	: 40 bits physical, 48 bits virtual
power management:

processor	: 10
vendor_id	: AuthenticAMD
cpu family	: 23
model		: 49
model name	: AMD EPYC 7702 64-Core Processor
stepping	: 0
microcode	: 0x1000065
cpu MHz		: 1996.250
cache size	: 512 KB
physical id	: 10
siblings	: 1
core id		: 0
cpu cores	: 1
apicid		: 10
initial apicid	: 10
fpu		: yes
fpu_exception	: yes
cpuid level	: 13
wp		: yes
flags		: fpu vme de pse tsc msr pae mce cx8 apic sep mtrr pge mca cmov pat pse36 clflush mmx fxsr sse sse2 syscall nx mmxext fxsr_opt pdpe1gb rdtscp lm rep_good nopl cpuid extd_apicid tsc_known_freq pni pclmulqdq ssse3 fma cx16 sse4_1 sse4_2 x2apic movbe popcnt tsc_deadline_timer aes xsave avx f16c rdrand hypervisor lahf_lm cmp_legacy svm cr8_legacy abm sse4a misalignsse 3dnowprefetch osvw ssbd ibrs ibpb vmmcall fsgsbase tsc_adjust bmi1 avx2 smep bmi2 rdseed adx smap clflushopt clwb xsaveopt xsavec xgetbv1 arat npt nrip_save
bugs		: fxsave_leak sysret_ss_attrs null_seg spectre_v1 spectre_v2 spec_store_bypass retbleed smt_rsb
bogomips	: 3992.50
TLB size	: 1024 4K pages
clflush size	: 64
cache_alignment	: 64
address sizes	: 40 bits physical, 48 bits virtual
power management:

processor	: 11
vendor_id	: AuthenticAMD
cpu family	: 23
model		: 49
model name	: AMD EPYC 7702 64-Core Processor
stepping	: 0
microcode	: 0x1000065
cpu MHz		: 1996.250
cache size	: 512 KB
physical id	: 11
siblings	: 1
core id		: 0
cpu cores	: 1
apicid		: 11
initial apicid	: 11
fpu		: yes
fpu_exception	: yes
cpuid level	: 13
wp		: yes
flags		: fpu vme de pse tsc msr pae mce cx8 apic sep mtrr pge mca cmov pat pse36 clflush mmx fxsr sse sse2 syscall nx mmxext fxsr_opt pdpe1gb rdtscp lm rep_good nopl cpuid extd_apicid tsc_known_freq pni pclmulqdq ssse3 fma cx16 sse4_1 sse4_2 x2apic movbe popcnt tsc_deadline_timer aes xsave avx f16c rdrand hypervisor lahf_lm cmp_legacy svm cr8_legacy abm sse4a misalignsse 3dnowprefetch osvw ssbd ibrs ibpb vmmcall fsgsbase tsc_adjust bmi1 avx2 smep bmi2 rdseed adx smap clflushopt clwb xsaveopt xsavec xgetbv1 arat npt nrip_save
bugs		: fxsave_leak sysret_ss_attrs null_seg spectre_v1 spectre_v2 spec_store_bypass retbleed smt_rsb
bogomips	: 3992.50
TLB size	: 1024 4K pages
clflush size	: 64
cache_alignment	: 64
address sizes	: 40 bits physical, 48 bits virtual
power management:

processor	: 12
vendor_id	: AuthenticAMD
cpu family	: 23
model		: 49
model name	: AMD EPYC 7702 64-Core Processor
stepping	: 0
microcode	: 0x1000065
cpu MHz		: 1996.250
cache size	: 512 KB
physical id	: 12
siblings	: 1
core id		: 0
cpu cores	: 1
apicid		: 12
initial apicid	: 12
fpu		: yes
fpu_exception	: yes
cpuid level	: 13
wp		: yes
flags		: fpu vme de pse tsc msr pae mce cx8 apic sep mtrr pge mca cmov pat pse36 clflush mmx fxsr sse sse2 syscall nx mmxext fxsr_opt pdpe1gb rdtscp lm rep_good nopl cpuid extd_apicid tsc_known_freq pni pclmulqdq ssse3 fma cx16 sse4_1 sse4_2 x2apic movbe popcnt tsc_deadline_timer aes xsave avx f16c rdrand hypervisor lahf_lm cmp_legacy svm cr8_legacy abm sse4a misalignsse 3dnowprefetch osvw ssbd ibrs ibpb vmmcall fsgsbase tsc_adjust bmi1 avx2 smep bmi2 rdseed adx smap clflushopt clwb xsaveopt xsavec xgetbv1 arat npt nrip_save
bugs		: fxsave_leak sysret_ss_attrs null_seg spectre_v1 spectre_v2 spec_store_bypass retbleed smt_rsb
bogomips	: 3992.50
TLB size	: 1024 4K pages
clflush size	: 64
cache_alignment	: 64
address sizes	: 40 bits physical, 48 bits virtual
power management:

processor	: 13
vendor_id	: AuthenticAMD
cpu family	: 23
model		: 49
model name	: AMD EPYC 7702 64-Core Processor
stepping	: 0
microcode	: 0x1000065
cpu MHz		: 1996.250
cache size	: 512 KB
physical id	: 13
siblings	: 1
core id		: 0
cpu cores	: 1
apicid		: 13
initial apicid	: 13
fpu		: yes
fpu_exception	: yes
cpuid level	: 13
wp		: yes
flags		: fpu vme de pse tsc msr pae mce cx8 apic sep mtrr pge mca cmov pat pse36 clflush mmx fxsr sse sse2 syscall nx mmxext fxsr_opt pdpe1gb rdtscp lm rep_good nopl cpuid extd_apicid tsc_known_freq pni pclmulqdq ssse3 fma cx16 sse4_1 sse4_2 x2apic movbe popcnt tsc_deadline_timer aes xsave avx f16c rdrand hypervisor lahf_lm cmp_legacy svm cr8_legacy abm sse4a misalignsse 3dnowprefetch osvw ssbd ibrs ibpb vmmcall fsgsbase tsc_adjust bmi1 avx2 smep bmi2 rdseed adx smap clflushopt clwb xsaveopt xsavec xgetbv1 arat npt nrip_save
bugs		: fxsave_leak sysret_ss_attrs null_seg spectre_v1 spectre_v2 spec_store_bypass retbleed smt_rsb
bogomips	: 3992.50
TLB size	: 1024 4K pages
clflush size	: 64
cache_alignment	: 64
address sizes	: 40 bits physical, 48 bits virtual
power management:

processor	: 14
vendor_id	: AuthenticAMD
cpu family	: 23
model		: 49
model name	: AMD EPYC 7702 64-Core Processor
stepping	: 0
microcode	: 0x1000065
cpu MHz		: 1996.250
cache size	: 512 KB
physical id	: 14
siblings	: 1
core id		: 0
cpu cores	: 1
apicid		: 14
initial apicid	: 14
fpu		: yes
fpu_exception	: yes
cpuid level	: 13
wp		: yes
flags		: fpu vme de pse tsc msr pae mce cx8 apic sep mtrr pge mca cmov pat pse36 clflush mmx fxsr sse sse2 syscall nx mmxext fxsr_opt pdpe1gb rdtscp lm rep_good nopl cpuid extd_apicid tsc_known_freq pni pclmulqdq ssse3 fma cx16 sse4_1 sse4_2 x2apic movbe popcnt tsc_deadline_timer aes xsave avx f16c rdrand hypervisor lahf_lm cmp_legacy svm cr8_legacy abm sse4a misalignsse 3dnowprefetch osvw ssbd ibrs ibpb vmmcall fsgsbase tsc_adjust bmi1 avx2 smep bmi2 rdseed adx smap clflushopt clwb xsaveopt xsavec xgetbv1 arat npt nrip_save
bugs		: fxsave_leak sysret_ss_attrs null_seg spectre_v1 spectre_v2 spec_store_bypass retbleed smt_rsb
bogomips	: 3992.50
TLB size	: 1024 4K pages
clflush size	: 64
cache_alignment	: 64
address sizes	: 40 bits physical, 48 bits virtual
power management:

processor	: 15
vendor_id	: AuthenticAMD
cpu family	: 23
model		: 49
model name	: AMD EPYC 7702 64-Core Processor
stepping	: 0
microcode	: 0x1000065
cpu MHz		: 1996.250
cache size	: 512 KB
physical id	: 15
siblings	: 1
core id		: 0
cpu cores	: 1
apicid		: 15
initial apicid	: 15
fpu		: yes
fpu_exception	: yes
cpuid level	: 13
wp		: yes
flags		: fpu vme de pse tsc msr pae mce cx8 apic sep mtrr pge mca cmov pat pse36 clflush mmx fxsr sse sse2 syscall nx mmxext fxsr_opt pdpe1gb rdtscp lm rep_good nopl cpuid extd_apicid tsc_known_freq pni pclmulqdq ssse3 fma cx16 sse4_1 sse4_2 x2apic movbe popcnt tsc_deadline_timer aes xsave avx f16c rdrand hypervisor lahf_lm cmp_legacy svm cr8_legacy abm sse4a misalignsse 3dnowprefetch osvw ssbd ibrs ibpb vmmcall fsgsbase tsc_adjust bmi1 avx2 smep bmi2 rdseed adx smap clflushopt clwb xsaveopt xsavec xgetbv1 arat npt nrip_save
bugs		: fxsave_leak sysret_ss_attrs null_seg spectre_v1 spectre_v2 spec_store_bypass retbleed smt_rsb
bogomips	: 3992.50
TLB size	: 1024 4K pages
clflush size	: 64
cache_alignment	: 64
address sizes	: 40 bits physical, 48 bits virtual
power management:


Memory: 4k page, physical 64293464k(37206144k free), swap 0k(0k free)

vm_info: OpenJDK 64-Bit Server VM (11.0.1+13-LTS) for linux-amd64 JRE (11.0.1+13-LTS), built on Oct 19 2018 11:38:45 by "tester" with gcc 4.9.2 20150212 (Red Hat 4.9.2-6)

END.
